Name:         experiment-1658243556970-0007
Namespace:    default
Labels:       submarine-experiment-name=ddp-example
Annotations:  <none>
API Version:  kubeflow.org/v1
Kind:         PyTorchJob
Metadata:
  Creation Timestamp:  2022-07-19T17:02:29Z
  Generation:          1
  Owner References:
    API Version:           submarine.apache.org/v1alpha1
    Block Owner Deletion:  true
    Controller:            true
    Kind:                  Submarine
    Name:                  example-submarine
    UID:                   28d34758-756e-4801-a2e9-01a3ecf118eb
  Resource Version:        4296111
  Self Link:               /apis/kubeflow.org/v1/namespaces/default/pytorchjobs/experiment-1658243556970-0007
  UID:                     83b991bc-591e-420a-b712-dcd855771fbf
Spec:
  Backoff Limit:  3
  Pytorch Replica Specs:
    Master:
      Replicas:        1
      Restart Policy:  OnFailure
      Template:
        Metadata:
          Labels:
            Queue:  root.sandbox
        Spec:
          Containers:
            Command:
              python
              /opt/mnist_distributed.py
            Env:
              Name:   ENV_1
              Value:  ENV1
              Name:   JOB_ID
              Value:  experiment-1658243556970-0007
              Name:   SUBMARINE_TRACKING_URI
              Value:  mysql+pymysql://submarine:password@submarine-database:3306/submarine
              Name:   SUBMARINE_TENSORBOARD_LOG_DIR
              Value:  /logs/mylog
            Image:    0yukali0/ddp:0.7.0_nn_data
            Name:     pytorch
            Resources:
              Limits:
                Cpu:     1
                Memory:  1024M
              Requests:
                Cpu:     1
                Memory:  512M
            Volume Mounts:
              Mount Path:  /logs
              Name:        volume
              Sub Path:    submarine-tensorboard/ddp-example
          Scheduler Name:  yunikorn
          Volumes:
            Name:  volume
            Persistent Volume Claim:
              Claim Name:  submarine-tensorboard-pvc
    Worker:
      Replicas:        15
      Restart Policy:  OnFailure
      Template:
        Metadata:
          Labels:
            Queue:  root.sandbox
        Spec:
          Containers:
            Command:
              python
              /opt/mnist_distributed.py
            Env:
              Name:   ENV_1
              Value:  ENV1
              Name:   JOB_ID
              Value:  experiment-1658243556970-0007
              Name:   SUBMARINE_TRACKING_URI
              Value:  mysql+pymysql://submarine:password@submarine-database:3306/submarine
              Name:   SUBMARINE_TENSORBOARD_LOG_DIR
              Value:  /logs/mylog
            Image:    0yukali0/ddp:0.7.0_nn_data
            Name:     pytorch
            Resources:
              Limits:
                Cpu:     1
                Memory:  1024M
              Requests:
                Cpu:     1
                Memory:  512M
            Volume Mounts:
              Mount Path:  /logs
              Name:        volume
              Sub Path:    submarine-tensorboard/ddp-example
          Scheduler Name:  yunikorn
          Volumes:
            Name:  volume
            Persistent Volume Claim:
              Claim Name:  submarine-tensorboard-pvc
Status:
  Completion Time:  2022-07-19T17:10:08Z
  Conditions:
    Last Transition Time:  2022-07-19T17:02:29Z
    Last Update Time:      2022-07-19T17:02:29Z
    Message:               PyTorchJob experiment-1658243556970-0007 is created.
    Reason:                PyTorchJobCreated
    Status:                True
    Type:                  Created
    Last Transition Time:  2022-07-19T17:02:41Z
    Last Update Time:      2022-07-19T17:02:41Z
    Message:               PyTorchJob experiment-1658243556970-0007 is running.
    Reason:                PyTorchJobRunning
    Status:                False
    Type:                  Running
    Last Transition Time:  2022-07-19T17:10:08Z
    Last Update Time:      2022-07-19T17:10:08Z
    Message:               PyTorchJob experiment-1658243556970-0007 is successfully completed.
    Reason:                PyTorchJobSucceeded
    Status:                True
    Type:                  Succeeded
  Replica Statuses:
    Master:
      Succeeded:  1
    Worker:
      Succeeded:  15
  Start Time:     2022-07-19T17:02:32Z
Events:
  Type    Reason                   Age                  From              Message
  ----    ------                   ----                 ----              -------
  Normal  SuccessfulCreatePod      9m7s                 pytorch-operator  Created pod: experiment-1658243556970-0007-worker-0
  Normal  SuccessfulCreatePod      9m7s                 pytorch-operator  Created pod: experiment-1658243556970-0007-worker-1
  Normal  SuccessfulCreatePod      9m7s                 pytorch-operator  Created pod: experiment-1658243556970-0007-worker-2
  Normal  SuccessfulCreatePod      9m7s                 pytorch-operator  Created pod: experiment-1658243556970-0007-worker-3
  Normal  SuccessfulCreatePod      9m7s                 pytorch-operator  Created pod: experiment-1658243556970-0007-worker-4
  Normal  SuccessfulCreatePod      9m7s                 pytorch-operator  Created pod: experiment-1658243556970-0007-worker-5
  Normal  SuccessfulCreatePod      9m7s                 pytorch-operator  Created pod: experiment-1658243556970-0007-worker-6
  Normal  SuccessfulCreatePod      9m6s                 pytorch-operator  Created pod: experiment-1658243556970-0007-worker-7
  Normal  SuccessfulCreatePod      9m6s                 pytorch-operator  Created pod: experiment-1658243556970-0007-worker-8
  Normal  SuccessfulCreatePod      9m3s (x7 over 9m5s)  pytorch-operator  (combined from similar events): Created pod: experiment-1658243556970-0007-master-0
  Normal  SuccessfulCreateService  9m3s                 pytorch-operator  Created service: experiment-1658243556970-0007-master-0
  Normal  PyTorchJobSucceeded      88s                  pytorch-operator  PyTorchJob experiment-1658243556970-0007 is successfully completed.
