Name:         experiment-1658231208880-0007
Namespace:    default
Labels:       submarine-experiment-name=ddp-example
Annotations:  <none>
API Version:  kubeflow.org/v1
Kind:         PyTorchJob
Metadata:
  Creation Timestamp:  2022-07-19T13:02:42Z
  Generation:          1
  Owner References:
    API Version:           submarine.apache.org/v1alpha1
    Block Owner Deletion:  true
    Controller:            true
    Kind:                  Submarine
    Name:                  example-submarine
    UID:                   b20d3b9a-11e8-4aa2-a489-b062f6c12187
  Resource Version:        4242539
  Self Link:               /apis/kubeflow.org/v1/namespaces/default/pytorchjobs/experiment-1658231208880-0007
  UID:                     167cb707-90cf-4da0-a1e2-3354eb4317a8
Spec:
  Backoff Limit:  3
  Pytorch Replica Specs:
    Master:
      Replicas:        1
      Restart Policy:  OnFailure
      Template:
        Metadata:
          Labels:
            Queue:  root.sandbox
        Spec:
          Containers:
            Command:
              python
              /opt/mnist_distributed.py
            Env:
              Name:   ENV_1
              Value:  ENV1
              Name:   JOB_ID
              Value:  experiment-1658231208880-0007
              Name:   SUBMARINE_TRACKING_URI
              Value:  mysql+pymysql://submarine:password@submarine-database:3306/submarine
              Name:   SUBMARINE_TENSORBOARD_LOG_DIR
              Value:  /logs/mylog
            Image:    0yukali0/ddp:0.7.0_nn_data
            Name:     pytorch
            Resources:
              Limits:
                Cpu:     1
                Memory:  1024M
              Requests:
                Cpu:     1
                Memory:  512M
            Volume Mounts:
              Mount Path:  /logs
              Name:        volume
              Sub Path:    submarine-tensorboard/ddp-example
          Scheduler Name:  yunikorn
          Volumes:
            Name:  volume
            Persistent Volume Claim:
              Claim Name:  submarine-tensorboard-pvc
    Worker:
      Replicas:        31
      Restart Policy:  OnFailure
      Template:
        Metadata:
          Labels:
            Queue:  root.sandbox
        Spec:
          Containers:
            Command:
              python
              /opt/mnist_distributed.py
            Env:
              Name:   ENV_1
              Value:  ENV1
              Name:   JOB_ID
              Value:  experiment-1658231208880-0007
              Name:   SUBMARINE_TRACKING_URI
              Value:  mysql+pymysql://submarine:password@submarine-database:3306/submarine
              Name:   SUBMARINE_TENSORBOARD_LOG_DIR
              Value:  /logs/mylog
            Image:    0yukali0/ddp:0.7.0_nn_data
            Name:     pytorch
            Resources:
              Limits:
                Cpu:     1
                Memory:  1024M
              Requests:
                Cpu:     1
                Memory:  512M
            Volume Mounts:
              Mount Path:  /logs
              Name:        volume
              Sub Path:    submarine-tensorboard/ddp-example
          Scheduler Name:  yunikorn
          Volumes:
            Name:  volume
            Persistent Volume Claim:
              Claim Name:  submarine-tensorboard-pvc
Status:
  Completion Time:  2022-07-19T13:09:44Z
  Conditions:
    Last Transition Time:  2022-07-19T13:02:42Z
    Last Update Time:      2022-07-19T13:02:42Z
    Message:               PyTorchJob experiment-1658231208880-0007 is created.
    Reason:                PyTorchJobCreated
    Status:                True
    Type:                  Created
    Last Transition Time:  2022-07-19T13:02:58Z
    Last Update Time:      2022-07-19T13:02:58Z
    Message:               PyTorchJob experiment-1658231208880-0007 is running.
    Reason:                PyTorchJobRunning
    Status:                False
    Type:                  Running
    Last Transition Time:  2022-07-19T13:09:44Z
    Last Update Time:      2022-07-19T13:09:44Z
    Message:               PyTorchJob experiment-1658231208880-0007 is successfully completed.
    Reason:                PyTorchJobSucceeded
    Status:                True
    Type:                  Succeeded
  Replica Statuses:
    Master:
      Succeeded:  1
    Worker:
      Succeeded:  31
  Start Time:     2022-07-19T13:02:51Z
Events:
  Type    Reason               Age                    From              Message
  ----    ------               ----                   ----              -------
  Normal  SuccessfulCreatePod  9m12s                  pytorch-operator  Created pod: experiment-1658231208880-0007-worker-0
  Normal  SuccessfulCreatePod  9m12s                  pytorch-operator  Created pod: experiment-1658231208880-0007-worker-1
  Normal  SuccessfulCreatePod  9m12s                  pytorch-operator  Created pod: experiment-1658231208880-0007-worker-2
  Normal  SuccessfulCreatePod  9m12s                  pytorch-operator  Created pod: experiment-1658231208880-0007-worker-3
  Normal  SuccessfulCreatePod  9m12s                  pytorch-operator  Created pod: experiment-1658231208880-0007-worker-4
  Normal  SuccessfulCreatePod  9m12s                  pytorch-operator  Created pod: experiment-1658231208880-0007-worker-5
  Normal  SuccessfulCreatePod  9m12s                  pytorch-operator  Created pod: experiment-1658231208880-0007-worker-6
  Normal  SuccessfulCreatePod  9m11s                  pytorch-operator  Created pod: experiment-1658231208880-0007-worker-7
  Normal  SuccessfulCreatePod  9m11s                  pytorch-operator  Created pod: experiment-1658231208880-0007-worker-8
  Normal  SuccessfulCreatePod  9m4s (x16 over 9m10s)  pytorch-operator  (combined from similar events): Created pod: experiment-1658231208880-0007-worker-24
  Normal  PyTorchJobSucceeded  2m10s                  pytorch-operator  PyTorchJob experiment-1658231208880-0007 is successfully completed.
