Name:         experiment-1657260199871-0019
Namespace:    default
Labels:       submarine-experiment-name=ddp-example
Annotations:  <none>
API Version:  kubeflow.org/v1
Kind:         PyTorchJob
Metadata:
  Creation Timestamp:  2022-07-08T08:39:34Z
  Generation:          1
  Owner References:
    API Version:           submarine.apache.org/v1alpha1
    Block Owner Deletion:  true
    Controller:            true
    Kind:                  Submarine
    Name:                  example-submarine
    UID:                   a8c3d432-2135-4493-99de-1d2bc54135d9
  Resource Version:        1924683
  Self Link:               /apis/kubeflow.org/v1/namespaces/default/pytorchjobs/experiment-1657260199871-0019
  UID:                     3d847160-79e7-444f-9e96-2289aba220b6
Spec:
  Backoff Limit:  3
  Pytorch Replica Specs:
    Master:
      Replicas:        1
      Restart Policy:  OnFailure
      Template:
        Metadata:
          Labels:
            Application Id:  pytorch_job_20200521_001
            Queue:           root.sandbox
        Spec:
          Containers:
            Command:
              python
              /opt/mnist_distributed.py
            Env:
              Name:   ENV_1
              Value:  ENV1
              Name:   JOB_ID
              Value:  experiment-1657260199871-0019
              Name:   SUBMARINE_TRACKING_URI
              Value:  mysql+pymysql://submarine:password@submarine-database:3306/submarine
              Name:   SUBMARINE_TENSORBOARD_LOG_DIR
              Value:  /logs/mylog
            Image:    0yukali0/ddp:0.7.0
            Name:     pytorch
            Resources:
              Limits:
                Cpu:     1
                Memory:  1024M
              Requests:
                Cpu:     1
                Memory:  512M
            Volume Mounts:
              Mount Path:  /logs
              Name:        volume
              Sub Path:    submarine-tensorboard/ddp-example
          Scheduler Name:  yunikorn
          Volumes:
            Name:  volume
            Persistent Volume Claim:
              Claim Name:  submarine-tensorboard-pvc
    Worker:
      Replicas:        3
      Restart Policy:  OnFailure
      Template:
        Metadata:
          Labels:
            Application Id:  pytorch_job_20200521_001
            Queue:           root.sandbox
        Spec:
          Containers:
            Command:
              python
              /opt/mnist_distributed.py
            Env:
              Name:   ENV_1
              Value:  ENV1
              Name:   JOB_ID
              Value:  experiment-1657260199871-0019
              Name:   SUBMARINE_TRACKING_URI
              Value:  mysql+pymysql://submarine:password@submarine-database:3306/submarine
              Name:   SUBMARINE_TENSORBOARD_LOG_DIR
              Value:  /logs/mylog
            Image:    0yukali0/ddp:0.7.0
            Name:     pytorch
            Resources:
              Limits:
                Cpu:     1
                Memory:  1024M
              Requests:
                Cpu:     1
                Memory:  512M
            Volume Mounts:
              Mount Path:  /logs
              Name:        volume
              Sub Path:    submarine-tensorboard/ddp-example
          Scheduler Name:  yunikorn
          Volumes:
            Name:  volume
            Persistent Volume Claim:
              Claim Name:  submarine-tensorboard-pvc
Status:
  Completion Time:  2022-07-08T08:47:04Z
  Conditions:
    Last Transition Time:  2022-07-08T08:39:34Z
    Last Update Time:      2022-07-08T08:39:34Z
    Message:               PyTorchJob experiment-1657260199871-0019 is created.
    Reason:                PyTorchJobCreated
    Status:                True
    Type:                  Created
    Last Transition Time:  2022-07-08T08:39:55Z
    Last Update Time:      2022-07-08T08:39:55Z
    Message:               PyTorchJob experiment-1657260199871-0019 is running.
    Reason:                PyTorchJobRunning
    Status:                False
    Type:                  Running
    Last Transition Time:  2022-07-08T08:47:04Z
    Last Update Time:      2022-07-08T08:47:04Z
    Message:               PyTorchJob experiment-1657260199871-0019 is successfully completed.
    Reason:                PyTorchJobSucceeded
    Status:                True
    Type:                  Succeeded
  Replica Statuses:
    Master:
      Succeeded:  1
    Worker:
      Succeeded:  3
  Start Time:     2022-07-08T08:39:34Z
Events:
  Type    Reason                   Age    From              Message
  ----    ------                   ----   ----              -------
  Normal  SuccessfulCreatePod      8m46s  pytorch-operator  Created pod: experiment-1657260199871-0019-worker-0
  Normal  SuccessfulCreatePod      8m46s  pytorch-operator  Created pod: experiment-1657260199871-0019-worker-1
  Normal  SuccessfulCreatePod      8m46s  pytorch-operator  Created pod: experiment-1657260199871-0019-worker-2
  Normal  SuccessfulCreatePod      8m46s  pytorch-operator  Created pod: experiment-1657260199871-0019-master-0
  Normal  SuccessfulCreateService  8m46s  pytorch-operator  Created service: experiment-1657260199871-0019-master-0
  Normal  PyTorchJobSucceeded      76s    pytorch-operator  PyTorchJob experiment-1657260199871-0019 is successfully completed.
