Name:         experiment-1658202653772-0002
Namespace:    default
Labels:       submarine-experiment-name=ddp-example
Annotations:  <none>
API Version:  kubeflow.org/v1
Kind:         PyTorchJob
Metadata:
  Creation Timestamp:  2022-07-19T04:03:08Z
  Generation:          1
  Owner References:
    API Version:           submarine.apache.org/v1alpha1
    Block Owner Deletion:  true
    Controller:            true
    Kind:                  Submarine
    Name:                  example-submarine
    UID:                   3d9049ee-9c17-46b1-8155-5487238f36a0
  Resource Version:        4113603
  Self Link:               /apis/kubeflow.org/v1/namespaces/default/pytorchjobs/experiment-1658202653772-0002
  UID:                     1ca104d3-6b4b-4246-8afe-bb3b23e49ba8
Spec:
  Backoff Limit:  3
  Pytorch Replica Specs:
    Master:
      Replicas:        1
      Restart Policy:  OnFailure
      Template:
        Spec:
          Containers:
            Command:
              python
              /opt/mnist_distributed.py
            Env:
              Name:   ENV_1
              Value:  ENV1
              Name:   JOB_ID
              Value:  experiment-1658202653772-0002
              Name:   SUBMARINE_TRACKING_URI
              Value:  mysql+pymysql://submarine:password@submarine-database:3306/submarine
              Name:   SUBMARINE_TENSORBOARD_LOG_DIR
              Value:  /logs/mylog
            Image:    0yukali0/ddp:0.7.0_nn_data
            Name:     pytorch
            Resources:
              Limits:
                Cpu:     1
                Memory:  1024M
              Requests:
                Cpu:     1
                Memory:  512M
            Volume Mounts:
              Mount Path:  /logs
              Name:        volume
              Sub Path:    submarine-tensorboard/ddp-example
          Volumes:
            Name:  volume
            Persistent Volume Claim:
              Claim Name:  submarine-tensorboard-pvc
    Worker:
      Replicas:        31
      Restart Policy:  OnFailure
      Template:
        Spec:
          Containers:
            Command:
              python
              /opt/mnist_distributed.py
            Env:
              Name:   ENV_1
              Value:  ENV1
              Name:   JOB_ID
              Value:  experiment-1658202653772-0002
              Name:   SUBMARINE_TRACKING_URI
              Value:  mysql+pymysql://submarine:password@submarine-database:3306/submarine
              Name:   SUBMARINE_TENSORBOARD_LOG_DIR
              Value:  /logs/mylog
            Image:    0yukali0/ddp:0.7.0_nn_data
            Name:     pytorch
            Resources:
              Limits:
                Cpu:     1
                Memory:  1024M
              Requests:
                Cpu:     1
                Memory:  512M
            Volume Mounts:
              Mount Path:  /logs
              Name:        volume
              Sub Path:    submarine-tensorboard/ddp-example
          Volumes:
            Name:  volume
            Persistent Volume Claim:
              Claim Name:  submarine-tensorboard-pvc
Status:
  Completion Time:  2022-07-19T04:09:58Z
  Conditions:
    Last Transition Time:  2022-07-19T04:03:08Z
    Last Update Time:      2022-07-19T04:03:08Z
    Message:               PyTorchJob experiment-1658202653772-0002 is created.
    Reason:                PyTorchJobCreated
    Status:                True
    Type:                  Created
    Last Transition Time:  2022-07-19T04:03:22Z
    Last Update Time:      2022-07-19T04:03:22Z
    Message:               PyTorchJob experiment-1658202653772-0002 is running.
    Reason:                PyTorchJobRunning
    Status:                False
    Type:                  Running
    Last Transition Time:  2022-07-19T04:09:58Z
    Last Update Time:      2022-07-19T04:09:58Z
    Message:               PyTorchJob experiment-1658202653772-0002 is successfully completed.
    Reason:                PyTorchJobSucceeded
    Status:                True
    Type:                  Succeeded
  Replica Statuses:
    Master:
      Succeeded:  1
    Worker:
      Succeeded:  31
  Start Time:     2022-07-19T04:03:17Z
Events:
  Type    Reason               Age                     From              Message
  ----    ------               ----                    ----              -------
  Normal  SuccessfulCreatePod  7m23s                   pytorch-operator  Created pod: experiment-1658202653772-0002-worker-0
  Normal  SuccessfulCreatePod  7m23s                   pytorch-operator  Created pod: experiment-1658202653772-0002-worker-1
  Normal  SuccessfulCreatePod  7m23s                   pytorch-operator  Created pod: experiment-1658202653772-0002-worker-2
  Normal  SuccessfulCreatePod  7m23s                   pytorch-operator  Created pod: experiment-1658202653772-0002-worker-3
  Normal  SuccessfulCreatePod  7m23s                   pytorch-operator  Created pod: experiment-1658202653772-0002-worker-4
  Normal  SuccessfulCreatePod  7m23s                   pytorch-operator  Created pod: experiment-1658202653772-0002-worker-5
  Normal  SuccessfulCreatePod  7m23s                   pytorch-operator  Created pod: experiment-1658202653772-0002-worker-6
  Normal  SuccessfulCreatePod  7m22s                   pytorch-operator  Created pod: experiment-1658202653772-0002-worker-7
  Normal  SuccessfulCreatePod  7m22s                   pytorch-operator  Created pod: experiment-1658202653772-0002-worker-8
  Normal  SuccessfulCreatePod  7m15s (x16 over 7m21s)  pytorch-operator  (combined from similar events): Created pod: experiment-1658202653772-0002-worker-24
  Normal  PyTorchJobSucceeded  33s                     pytorch-operator  PyTorchJob experiment-1658202653772-0002 is successfully completed.
