Name:         experiment-1658289231188-0048
Namespace:    default
Labels:       submarine-experiment-name=ddp-example
Annotations:  <none>
API Version:  kubeflow.org/v1
Kind:         PyTorchJob
Metadata:
  Creation Timestamp:  2022-07-20T15:22:13Z
  Generation:          1
  Owner References:
    API Version:           submarine.apache.org/v1alpha1
    Block Owner Deletion:  true
    Controller:            true
    Kind:                  Submarine
    Name:                  example-submarine
    UID:                   d4199d20-ef8b-477a-8c34-5b4fcaf93dd6
  Resource Version:        4587928
  Self Link:               /apis/kubeflow.org/v1/namespaces/default/pytorchjobs/experiment-1658289231188-0048
  UID:                     ca2b19ef-3f64-4497-aff8-202e0e6d88a3
Spec:
  Backoff Limit:  3
  Pytorch Replica Specs:
    Master:
      Replicas:        1
      Restart Policy:  OnFailure
      Template:
        Metadata:
          Labels:
            Application Id:  pytorch_job_20200521_001
            Queue:           root.sandbox
        Spec:
          Containers:
            Command:
              python
              /opt/mnist_distributed.py
            Env:
              Name:   ENV_1
              Value:  ENV1
              Name:   JOB_ID
              Value:  experiment-1658289231188-0048
              Name:   SUBMARINE_TRACKING_URI
              Value:  mysql+pymysql://submarine:password@submarine-database:3306/submarine
              Name:   SUBMARINE_TENSORBOARD_LOG_DIR
              Value:  /logs/mylog
            Image:    0yukali0/ddp:0.7.0_nn_data
            Name:     pytorch
            Resources:
              Limits:
                Cpu:     1
                Memory:  1024M
              Requests:
                Cpu:     1
                Memory:  512M
            Volume Mounts:
              Mount Path:  /logs
              Name:        volume
              Sub Path:    submarine-tensorboard/ddp-example
          Scheduler Name:  yunikorn
          Volumes:
            Name:  volume
            Persistent Volume Claim:
              Claim Name:  submarine-tensorboard-pvc
    Worker:
      Replicas:        31
      Restart Policy:  OnFailure
      Template:
        Metadata:
          Labels:
            Application Id:  pytorch_job_20200521_001
            Queue:           root.sandbox
        Spec:
          Containers:
            Command:
              python
              /opt/mnist_distributed.py
            Env:
              Name:   ENV_1
              Value:  ENV1
              Name:   JOB_ID
              Value:  experiment-1658289231188-0048
              Name:   SUBMARINE_TRACKING_URI
              Value:  mysql+pymysql://submarine:password@submarine-database:3306/submarine
              Name:   SUBMARINE_TENSORBOARD_LOG_DIR
              Value:  /logs/mylog
            Image:    0yukali0/ddp:0.7.0_nn_data
            Name:     pytorch
            Resources:
              Limits:
                Cpu:     1
                Memory:  1024M
              Requests:
                Cpu:     1
                Memory:  512M
            Volume Mounts:
              Mount Path:  /logs
              Name:        volume
              Sub Path:    submarine-tensorboard/ddp-example
          Scheduler Name:  yunikorn
          Volumes:
            Name:  volume
            Persistent Volume Claim:
              Claim Name:  submarine-tensorboard-pvc
Status:
  Completion Time:  2022-07-20T15:29:54Z
  Conditions:
    Last Transition Time:  2022-07-20T15:22:13Z
    Last Update Time:      2022-07-20T15:22:13Z
    Message:               PyTorchJob experiment-1658289231188-0048 is created.
    Reason:                PyTorchJobCreated
    Status:                True
    Type:                  Created
    Last Transition Time:  2022-07-20T15:22:57Z
    Last Update Time:      2022-07-20T15:22:57Z
    Message:               PyTorchJob experiment-1658289231188-0048 is running.
    Reason:                PyTorchJobRunning
    Status:                False
    Type:                  Running
    Last Transition Time:  2022-07-20T15:29:54Z
    Last Update Time:      2022-07-20T15:29:54Z
    Message:               PyTorchJob experiment-1658289231188-0048 is successfully completed.
    Reason:                PyTorchJobSucceeded
    Status:                True
    Type:                  Succeeded
  Replica Statuses:
    Master:
      Succeeded:  1
    Worker:
      Succeeded:  31
  Start Time:     2022-07-20T15:22:13Z
Events:
  Type    Reason                   Age                     From              Message
  ----    ------                   ----                    ----              -------
  Normal  SuccessfulCreatePod      9m28s                   pytorch-operator  Created pod: experiment-1658289231188-0048-master-0
  Normal  SuccessfulCreateService  9m28s                   pytorch-operator  Created service: experiment-1658289231188-0048-master-0
  Normal  SuccessfulCreatePod      9m28s                   pytorch-operator  Created pod: experiment-1658289231188-0048-worker-0
  Normal  SuccessfulCreatePod      9m28s                   pytorch-operator  Created pod: experiment-1658289231188-0048-worker-1
  Normal  SuccessfulCreatePod      9m28s                   pytorch-operator  Created pod: experiment-1658289231188-0048-worker-2
  Normal  SuccessfulCreatePod      9m28s                   pytorch-operator  Created pod: experiment-1658289231188-0048-worker-3
  Normal  SuccessfulCreatePod      9m28s                   pytorch-operator  Created pod: experiment-1658289231188-0048-worker-4
  Normal  SuccessfulCreatePod      9m27s                   pytorch-operator  Created pod: experiment-1658289231188-0048-worker-5
  Normal  SuccessfulCreatePod      9m27s                   pytorch-operator  Created pod: experiment-1658289231188-0048-worker-6
  Normal  SuccessfulCreatePod      9m27s                   pytorch-operator  Created pod: experiment-1658289231188-0048-worker-7
  Normal  SuccessfulCreatePod      9m20s (x15 over 9m26s)  pytorch-operator  (combined from similar events): Created pod: experiment-1658289231188-0048-worker-22
  Normal  PyTorchJobSucceeded      107s                    pytorch-operator  PyTorchJob experiment-1658289231188-0048 is successfully completed.
