apiVersion: v1
items:
- apiVersion: v1
  kind: Pod
  metadata:
    creationTimestamp: "2022-07-08T08:26:12Z"
    labels:
      applicationId: pytorch_job_20200521_001
      controller-name: pytorch-operator
      group-name: kubeflow.org
      job-name: experiment-1657260199871-0017
      job-role: master
      pytorch-job-name: experiment-1657260199871-0017
      pytorch-replica-index: "0"
      pytorch-replica-type: master
      queue: root.sandbox
    name: experiment-1657260199871-0017-master-0
    namespace: default
    ownerReferences:
    - apiVersion: kubeflow.org/v1
      blockOwnerDeletion: true
      controller: true
      kind: PyTorchJob
      name: experiment-1657260199871-0017
      uid: 93534635-d0bd-4617-a73a-772c7bbaab8e
    resourceVersion: "1921840"
    selfLink: /api/v1/namespaces/default/pods/experiment-1657260199871-0017-master-0
    uid: 8e284da3-4d1a-4b46-b416-3bbf999a94e0
  spec:
    containers:
    - command:
      - python
      - /opt/mnist_distributed.py
      env:
      - name: ENV_1
        value: ENV1
      - name: JOB_ID
        value: experiment-1657260199871-0017
      - name: SUBMARINE_TRACKING_URI
        value: mysql+pymysql://submarine:password@submarine-database:3306/submarine
      - name: SUBMARINE_TENSORBOARD_LOG_DIR
        value: /logs/mylog
      - name: MASTER_PORT
        value: "23456"
      - name: MASTER_ADDR
        value: localhost
      - name: WORLD_SIZE
        value: "8"
      - name: RANK
        value: "0"
      - name: PYTHONUNBUFFERED
        value: "0"
      image: 0yukali0/ddp:0.7.0
      imagePullPolicy: IfNotPresent
      name: pytorch
      ports:
      - containerPort: 23456
        name: pytorchjob-port
        protocol: TCP
      resources:
        limits:
          cpu: "1"
          memory: 1024M
        requests:
          cpu: "1"
          memory: 512M
      terminationMessagePath: /dev/termination-log
      terminationMessagePolicy: File
      volumeMounts:
      - mountPath: /logs
        name: volume
        subPath: submarine-tensorboard/ddp-example
      - mountPath: /var/run/secrets/kubernetes.io/serviceaccount
        name: default-token-b7w6w
        readOnly: true
    dnsPolicy: ClusterFirst
    enableServiceLinks: true
    nodeName: blade07-k205-lab
    priority: 0
    restartPolicy: OnFailure
    schedulerName: yunikorn
    securityContext: {}
    serviceAccount: default
    serviceAccountName: default
    terminationGracePeriodSeconds: 30
    tolerations:
    - effect: NoExecute
      key: node.kubernetes.io/not-ready
      operator: Exists
      tolerationSeconds: 300
    - effect: NoExecute
      key: node.kubernetes.io/unreachable
      operator: Exists
      tolerationSeconds: 300
    volumes:
    - name: volume
      persistentVolumeClaim:
        claimName: submarine-tensorboard-pvc
    - name: default-token-b7w6w
      secret:
        defaultMode: 420
        secretName: default-token-b7w6w
  status:
    conditions:
    - lastProbeTime: null
      lastTransitionTime: "2022-07-08T08:26:37Z"
      reason: PodCompleted
      status: "True"
      type: Initialized
    - lastProbeTime: null
      lastTransitionTime: "2022-07-08T08:34:09Z"
      reason: PodCompleted
      status: "False"
      type: Ready
    - lastProbeTime: null
      lastTransitionTime: "2022-07-08T08:34:09Z"
      reason: PodCompleted
      status: "False"
      type: ContainersReady
    - lastProbeTime: null
      lastTransitionTime: "2022-07-08T08:26:37Z"
      status: "True"
      type: PodScheduled
    containerStatuses:
    - containerID: docker://54f5b5bbc44630134d5f1e5b971f0e36425b4c95b68f16db2ccdd6cce6d2e0e0
      image: 0yukali0/ddp:0.7.0
      imageID: docker-pullable://0yukali0/ddp@sha256:193719eeedea6112ef263a11adfc18f5721d5bf76ac16b6f1d2f51271ead2250
      lastState: {}
      name: pytorch
      ready: false
      restartCount: 0
      started: false
      state:
        terminated:
          containerID: docker://54f5b5bbc44630134d5f1e5b971f0e36425b4c95b68f16db2ccdd6cce6d2e0e0
          exitCode: 0
          finishedAt: "2022-07-08T08:34:08Z"
          reason: Completed
          startedAt: "2022-07-08T08:26:42Z"
    hostIP: 120.108.205.167
    phase: Succeeded
    podIP: 10.244.4.236
    podIPs:
    - ip: 10.244.4.236
    qosClass: Burstable
    startTime: "2022-07-08T08:26:37Z"
- apiVersion: v1
  kind: Pod
  metadata:
    creationTimestamp: "2022-07-08T08:26:11Z"
    labels:
      applicationId: pytorch_job_20200521_001
      queue: root.sandbox
    name: experiment-1657260199871-0017-pytorchjob-ddp-example-agent
    namespace: default
    resourceVersion: "1921851"
    selfLink: /api/v1/namespaces/default/pods/experiment-1657260199871-0017-pytorchjob-ddp-example-agent
    uid: b56e7ce6-db21-4c6e-882f-f0afcaff71c8
  spec:
    containers:
    - env:
      - name: CUSTOM_RESOURCE_TYPE
        value: PyTorchJob
      - name: CUSTOM_RESOURCE_NAME
        value: ddp-example
      - name: NAMESPACE
        value: default
      - name: SERVER_HOST
        value: submarine-server
      - name: SERVER_PORT
        value: "8080"
      - name: CUSTOM_RESOURCE_ID
        value: experiment-1657260199871-0017
      image: apache/submarine:agent-0.7.0
      imagePullPolicy: IfNotPresent
      name: agent
      resources: {}
      terminationMessagePath: /dev/termination-log
      terminationMessagePolicy: File
      volumeMounts:
      - mountPath: /var/run/secrets/kubernetes.io/serviceaccount
        name: default-token-b7w6w
        readOnly: true
    dnsPolicy: ClusterFirst
    enableServiceLinks: true
    nodeName: blade06-k205-lab
    priority: 0
    restartPolicy: OnFailure
    schedulerName: yunikorn
    securityContext: {}
    serviceAccount: default
    serviceAccountName: default
    terminationGracePeriodSeconds: 30
    tolerations:
    - effect: NoExecute
      key: node.kubernetes.io/not-ready
      operator: Exists
      tolerationSeconds: 300
    - effect: NoExecute
      key: node.kubernetes.io/unreachable
      operator: Exists
      tolerationSeconds: 300
    volumes:
    - name: default-token-b7w6w
      secret:
        defaultMode: 420
        secretName: default-token-b7w6w
  status:
    conditions:
    - lastProbeTime: null
      lastTransitionTime: "2022-07-08T08:26:37Z"
      reason: PodCompleted
      status: "True"
      type: Initialized
    - lastProbeTime: null
      lastTransitionTime: "2022-07-08T08:34:10Z"
      reason: PodCompleted
      status: "False"
      type: Ready
    - lastProbeTime: null
      lastTransitionTime: "2022-07-08T08:34:10Z"
      reason: PodCompleted
      status: "False"
      type: ContainersReady
    - lastProbeTime: null
      lastTransitionTime: "2022-07-08T08:26:37Z"
      status: "True"
      type: PodScheduled
    containerStatuses:
    - containerID: docker://4fea2518a9c381b0b6d42ce858ea5d5f4b4445fa8ab473f70304ebe0a137d556
      image: apache/submarine:agent-0.7.0
      imageID: docker-pullable://apache/submarine@sha256:9c14c62478786eb9d7bbe74ca1aed48cd6ae4cb318bd9da149456926cd5c6474
      lastState: {}
      name: agent
      ready: false
      restartCount: 0
      started: false
      state:
        terminated:
          containerID: docker://4fea2518a9c381b0b6d42ce858ea5d5f4b4445fa8ab473f70304ebe0a137d556
          exitCode: 0
          finishedAt: "2022-07-08T08:34:09Z"
          reason: Completed
          startedAt: "2022-07-08T08:26:42Z"
    hostIP: 120.108.205.166
    phase: Succeeded
    podIP: 10.244.3.251
    podIPs:
    - ip: 10.244.3.251
    qosClass: BestEffort
    startTime: "2022-07-08T08:26:37Z"
- apiVersion: v1
  kind: Pod
  metadata:
    creationTimestamp: "2022-07-08T08:26:11Z"
    labels:
      applicationId: pytorch_job_20200521_001
      controller-name: pytorch-operator
      group-name: kubeflow.org
      job-name: experiment-1657260199871-0017
      pytorch-job-name: experiment-1657260199871-0017
      pytorch-replica-index: "0"
      pytorch-replica-type: worker
      queue: root.sandbox
    name: experiment-1657260199871-0017-worker-0
    namespace: default
    ownerReferences:
    - apiVersion: kubeflow.org/v1
      blockOwnerDeletion: true
      controller: true
      kind: PyTorchJob
      name: experiment-1657260199871-0017
      uid: 93534635-d0bd-4617-a73a-772c7bbaab8e
    resourceVersion: "1921852"
    selfLink: /api/v1/namespaces/default/pods/experiment-1657260199871-0017-worker-0
    uid: 6c17dc35-b35e-4545-96ef-62de01d1e9c5
  spec:
    containers:
    - command:
      - python
      - /opt/mnist_distributed.py
      env:
      - name: ENV_1
        value: ENV1
      - name: JOB_ID
        value: experiment-1657260199871-0017
      - name: SUBMARINE_TRACKING_URI
        value: mysql+pymysql://submarine:password@submarine-database:3306/submarine
      - name: SUBMARINE_TENSORBOARD_LOG_DIR
        value: /logs/mylog
      - name: MASTER_PORT
        value: "23456"
      - name: MASTER_ADDR
        value: experiment-1657260199871-0017-master-0
      - name: WORLD_SIZE
        value: "8"
      - name: RANK
        value: "1"
      - name: PYTHONUNBUFFERED
        value: "0"
      image: 0yukali0/ddp:0.7.0
      imagePullPolicy: IfNotPresent
      name: pytorch
      resources:
        limits:
          cpu: "1"
          memory: 1024M
        requests:
          cpu: "1"
          memory: 512M
      terminationMessagePath: /dev/termination-log
      terminationMessagePolicy: File
      volumeMounts:
      - mountPath: /logs
        name: volume
        subPath: submarine-tensorboard/ddp-example
      - mountPath: /var/run/secrets/kubernetes.io/serviceaccount
        name: default-token-b7w6w
        readOnly: true
    dnsPolicy: ClusterFirst
    enableServiceLinks: true
    initContainers:
    - command:
      - sh
      - -c
      - until nslookup experiment-1657260199871-0017-master-0; do echo waiting for
        master; sleep 2; done;
      image: alpine:3.10
      imagePullPolicy: IfNotPresent
      name: init-pytorch
      resources:
        limits:
          cpu: 100m
          memory: 20Mi
        requests:
          cpu: 50m
          memory: 10Mi
      terminationMessagePath: /dev/termination-log
      terminationMessagePolicy: File
      volumeMounts:
      - mountPath: /var/run/secrets/kubernetes.io/serviceaccount
        name: default-token-b7w6w
        readOnly: true
    nodeName: blade05-k205-lab
    priority: 0
    restartPolicy: OnFailure
    schedulerName: yunikorn
    securityContext: {}
    serviceAccount: default
    serviceAccountName: default
    terminationGracePeriodSeconds: 30
    tolerations:
    - effect: NoExecute
      key: node.kubernetes.io/not-ready
      operator: Exists
      tolerationSeconds: 300
    - effect: NoExecute
      key: node.kubernetes.io/unreachable
      operator: Exists
      tolerationSeconds: 300
    volumes:
    - name: volume
      persistentVolumeClaim:
        claimName: submarine-tensorboard-pvc
    - name: default-token-b7w6w
      secret:
        defaultMode: 420
        secretName: default-token-b7w6w
  status:
    conditions:
    - lastProbeTime: null
      lastTransitionTime: "2022-07-08T08:27:12Z"
      reason: PodCompleted
      status: "True"
      type: Initialized
    - lastProbeTime: null
      lastTransitionTime: "2022-07-08T08:34:10Z"
      reason: PodCompleted
      status: "False"
      type: Ready
    - lastProbeTime: null
      lastTransitionTime: "2022-07-08T08:34:10Z"
      reason: PodCompleted
      status: "False"
      type: ContainersReady
    - lastProbeTime: null
      lastTransitionTime: "2022-07-08T08:26:37Z"
      status: "True"
      type: PodScheduled
    containerStatuses:
    - containerID: docker://ced0daa1635cbad1e6348372817c732032e9d2087b48ac498fe167ba1aecc153
      image: 0yukali0/ddp:0.7.0
      imageID: docker-pullable://0yukali0/ddp@sha256:193719eeedea6112ef263a11adfc18f5721d5bf76ac16b6f1d2f51271ead2250
      lastState: {}
      name: pytorch
      ready: false
      restartCount: 0
      started: false
      state:
        terminated:
          containerID: docker://ced0daa1635cbad1e6348372817c732032e9d2087b48ac498fe167ba1aecc153
          exitCode: 0
          finishedAt: "2022-07-08T08:34:09Z"
          reason: Completed
          startedAt: "2022-07-08T08:27:13Z"
    hostIP: 120.108.205.165
    initContainerStatuses:
    - containerID: docker://1cb2099de732e1a63698880a306adf30d1b911aa4b6dd94236d8d8e84b5842e1
      image: alpine:3.10
      imageID: docker-pullable://alpine@sha256:451eee8bedcb2f029756dc3e9d73bab0e7943c1ac55cff3a4861c52a0fdd3e98
      lastState: {}
      name: init-pytorch
      ready: true
      restartCount: 0
      state:
        terminated:
          containerID: docker://1cb2099de732e1a63698880a306adf30d1b911aa4b6dd94236d8d8e84b5842e1
          exitCode: 0
          finishedAt: "2022-07-08T08:27:11Z"
          reason: Completed
          startedAt: "2022-07-08T08:26:41Z"
    phase: Succeeded
    podIP: 10.244.2.247
    podIPs:
    - ip: 10.244.2.247
    qosClass: Burstable
    startTime: "2022-07-08T08:26:37Z"
- apiVersion: v1
  kind: Pod
  metadata:
    creationTimestamp: "2022-07-08T08:26:11Z"
    labels:
      applicationId: pytorch_job_20200521_001
      controller-name: pytorch-operator
      group-name: kubeflow.org
      job-name: experiment-1657260199871-0017
      pytorch-job-name: experiment-1657260199871-0017
      pytorch-replica-index: "1"
      pytorch-replica-type: worker
      queue: root.sandbox
    name: experiment-1657260199871-0017-worker-1
    namespace: default
    ownerReferences:
    - apiVersion: kubeflow.org/v1
      blockOwnerDeletion: true
      controller: true
      kind: PyTorchJob
      name: experiment-1657260199871-0017
      uid: 93534635-d0bd-4617-a73a-772c7bbaab8e
    resourceVersion: "1921847"
    selfLink: /api/v1/namespaces/default/pods/experiment-1657260199871-0017-worker-1
    uid: d35f339f-dea9-4304-89b0-e4dffad8741c
  spec:
    containers:
    - command:
      - python
      - /opt/mnist_distributed.py
      env:
      - name: ENV_1
        value: ENV1
      - name: JOB_ID
        value: experiment-1657260199871-0017
      - name: SUBMARINE_TRACKING_URI
        value: mysql+pymysql://submarine:password@submarine-database:3306/submarine
      - name: SUBMARINE_TENSORBOARD_LOG_DIR
        value: /logs/mylog
      - name: MASTER_PORT
        value: "23456"
      - name: MASTER_ADDR
        value: experiment-1657260199871-0017-master-0
      - name: WORLD_SIZE
        value: "8"
      - name: RANK
        value: "2"
      - name: PYTHONUNBUFFERED
        value: "0"
      image: 0yukali0/ddp:0.7.0
      imagePullPolicy: IfNotPresent
      name: pytorch
      resources:
        limits:
          cpu: "1"
          memory: 1024M
        requests:
          cpu: "1"
          memory: 512M
      terminationMessagePath: /dev/termination-log
      terminationMessagePolicy: File
      volumeMounts:
      - mountPath: /logs
        name: volume
        subPath: submarine-tensorboard/ddp-example
      - mountPath: /var/run/secrets/kubernetes.io/serviceaccount
        name: default-token-b7w6w
        readOnly: true
    dnsPolicy: ClusterFirst
    enableServiceLinks: true
    initContainers:
    - command:
      - sh
      - -c
      - until nslookup experiment-1657260199871-0017-master-0; do echo waiting for
        master; sleep 2; done;
      image: alpine:3.10
      imagePullPolicy: IfNotPresent
      name: init-pytorch
      resources:
        limits:
          cpu: 100m
          memory: 20Mi
        requests:
          cpu: 50m
          memory: 10Mi
      terminationMessagePath: /dev/termination-log
      terminationMessagePolicy: File
      volumeMounts:
      - mountPath: /var/run/secrets/kubernetes.io/serviceaccount
        name: default-token-b7w6w
        readOnly: true
    nodeName: blade04-k205-lab
    priority: 0
    restartPolicy: OnFailure
    schedulerName: yunikorn
    securityContext: {}
    serviceAccount: default
    serviceAccountName: default
    terminationGracePeriodSeconds: 30
    tolerations:
    - effect: NoExecute
      key: node.kubernetes.io/not-ready
      operator: Exists
      tolerationSeconds: 300
    - effect: NoExecute
      key: node.kubernetes.io/unreachable
      operator: Exists
      tolerationSeconds: 300
    volumes:
    - name: volume
      persistentVolumeClaim:
        claimName: submarine-tensorboard-pvc
    - name: default-token-b7w6w
      secret:
        defaultMode: 420
        secretName: default-token-b7w6w
  status:
    conditions:
    - lastProbeTime: null
      lastTransitionTime: "2022-07-08T08:27:14Z"
      reason: PodCompleted
      status: "True"
      type: Initialized
    - lastProbeTime: null
      lastTransitionTime: "2022-07-08T08:34:09Z"
      reason: PodCompleted
      status: "False"
      type: Ready
    - lastProbeTime: null
      lastTransitionTime: "2022-07-08T08:34:09Z"
      reason: PodCompleted
      status: "False"
      type: ContainersReady
    - lastProbeTime: null
      lastTransitionTime: "2022-07-08T08:26:37Z"
      status: "True"
      type: PodScheduled
    containerStatuses:
    - containerID: docker://426342ff1141a33d72da3e0b440db15f12e51b46a1c51c07157de6e03738a345
      image: 0yukali0/ddp:0.7.0
      imageID: docker-pullable://0yukali0/ddp@sha256:193719eeedea6112ef263a11adfc18f5721d5bf76ac16b6f1d2f51271ead2250
      lastState: {}
      name: pytorch
      ready: false
      restartCount: 0
      started: false
      state:
        terminated:
          containerID: docker://426342ff1141a33d72da3e0b440db15f12e51b46a1c51c07157de6e03738a345
          exitCode: 0
          finishedAt: "2022-07-08T08:34:09Z"
          reason: Completed
          startedAt: "2022-07-08T08:27:15Z"
    hostIP: 120.108.205.164
    initContainerStatuses:
    - containerID: docker://35b13d46bbb12177738811b514b378139bb8f5c67be2f14b1298c08c16977258
      image: alpine:3.10
      imageID: docker-pullable://alpine@sha256:451eee8bedcb2f029756dc3e9d73bab0e7943c1ac55cff3a4861c52a0fdd3e98
      lastState: {}
      name: init-pytorch
      ready: true
      restartCount: 0
      state:
        terminated:
          containerID: docker://35b13d46bbb12177738811b514b378139bb8f5c67be2f14b1298c08c16977258
          exitCode: 0
          finishedAt: "2022-07-08T08:27:13Z"
          reason: Completed
          startedAt: "2022-07-08T08:26:40Z"
    phase: Succeeded
    podIP: 10.244.1.220
    podIPs:
    - ip: 10.244.1.220
    qosClass: Burstable
    startTime: "2022-07-08T08:26:37Z"
- apiVersion: v1
  kind: Pod
  metadata:
    creationTimestamp: "2022-07-08T08:26:11Z"
    labels:
      applicationId: pytorch_job_20200521_001
      controller-name: pytorch-operator
      group-name: kubeflow.org
      job-name: experiment-1657260199871-0017
      pytorch-job-name: experiment-1657260199871-0017
      pytorch-replica-index: "2"
      pytorch-replica-type: worker
      queue: root.sandbox
    name: experiment-1657260199871-0017-worker-2
    namespace: default
    ownerReferences:
    - apiVersion: kubeflow.org/v1
      blockOwnerDeletion: true
      controller: true
      kind: PyTorchJob
      name: experiment-1657260199871-0017
      uid: 93534635-d0bd-4617-a73a-772c7bbaab8e
    resourceVersion: "1921834"
    selfLink: /api/v1/namespaces/default/pods/experiment-1657260199871-0017-worker-2
    uid: 687c158b-3b3c-4059-9fc0-f527f9595757
  spec:
    containers:
    - command:
      - python
      - /opt/mnist_distributed.py
      env:
      - name: ENV_1
        value: ENV1
      - name: JOB_ID
        value: experiment-1657260199871-0017
      - name: SUBMARINE_TRACKING_URI
        value: mysql+pymysql://submarine:password@submarine-database:3306/submarine
      - name: SUBMARINE_TENSORBOARD_LOG_DIR
        value: /logs/mylog
      - name: MASTER_PORT
        value: "23456"
      - name: MASTER_ADDR
        value: experiment-1657260199871-0017-master-0
      - name: WORLD_SIZE
        value: "8"
      - name: RANK
        value: "3"
      - name: PYTHONUNBUFFERED
        value: "0"
      image: 0yukali0/ddp:0.7.0
      imagePullPolicy: IfNotPresent
      name: pytorch
      resources:
        limits:
          cpu: "1"
          memory: 1024M
        requests:
          cpu: "1"
          memory: 512M
      terminationMessagePath: /dev/termination-log
      terminationMessagePolicy: File
      volumeMounts:
      - mountPath: /logs
        name: volume
        subPath: submarine-tensorboard/ddp-example
      - mountPath: /var/run/secrets/kubernetes.io/serviceaccount
        name: default-token-b7w6w
        readOnly: true
    dnsPolicy: ClusterFirst
    enableServiceLinks: true
    initContainers:
    - command:
      - sh
      - -c
      - until nslookup experiment-1657260199871-0017-master-0; do echo waiting for
        master; sleep 2; done;
      image: alpine:3.10
      imagePullPolicy: IfNotPresent
      name: init-pytorch
      resources:
        limits:
          cpu: 100m
          memory: 20Mi
        requests:
          cpu: 50m
          memory: 10Mi
      terminationMessagePath: /dev/termination-log
      terminationMessagePolicy: File
      volumeMounts:
      - mountPath: /var/run/secrets/kubernetes.io/serviceaccount
        name: default-token-b7w6w
        readOnly: true
    nodeName: blade06-k205-lab
    priority: 0
    restartPolicy: OnFailure
    schedulerName: yunikorn
    securityContext: {}
    serviceAccount: default
    serviceAccountName: default
    terminationGracePeriodSeconds: 30
    tolerations:
    - effect: NoExecute
      key: node.kubernetes.io/not-ready
      operator: Exists
      tolerationSeconds: 300
    - effect: NoExecute
      key: node.kubernetes.io/unreachable
      operator: Exists
      tolerationSeconds: 300
    volumes:
    - name: volume
      persistentVolumeClaim:
        claimName: submarine-tensorboard-pvc
    - name: default-token-b7w6w
      secret:
        defaultMode: 420
        secretName: default-token-b7w6w
  status:
    conditions:
    - lastProbeTime: null
      lastTransitionTime: "2022-07-08T08:27:13Z"
      reason: PodCompleted
      status: "True"
      type: Initialized
    - lastProbeTime: null
      lastTransitionTime: "2022-07-08T08:34:09Z"
      reason: PodCompleted
      status: "False"
      type: Ready
    - lastProbeTime: null
      lastTransitionTime: "2022-07-08T08:34:09Z"
      reason: PodCompleted
      status: "False"
      type: ContainersReady
    - lastProbeTime: null
      lastTransitionTime: "2022-07-08T08:26:37Z"
      status: "True"
      type: PodScheduled
    containerStatuses:
    - containerID: docker://74974d26c348b601a1b716dbb2c6ee2b7e8497555c587b0764b1c16836b98419
      image: 0yukali0/ddp:0.7.0
      imageID: docker-pullable://0yukali0/ddp@sha256:193719eeedea6112ef263a11adfc18f5721d5bf76ac16b6f1d2f51271ead2250
      lastState: {}
      name: pytorch
      ready: false
      restartCount: 0
      started: false
      state:
        terminated:
          containerID: docker://74974d26c348b601a1b716dbb2c6ee2b7e8497555c587b0764b1c16836b98419
          exitCode: 0
          finishedAt: "2022-07-08T08:34:08Z"
          reason: Completed
          startedAt: "2022-07-08T08:27:14Z"
    hostIP: 120.108.205.166
    initContainerStatuses:
    - containerID: docker://faa8bfdd057df4957dd82549878926b4a6c1511b15724705ed3ec44d7f02ddaf
      image: alpine:3.10
      imageID: docker-pullable://alpine@sha256:451eee8bedcb2f029756dc3e9d73bab0e7943c1ac55cff3a4861c52a0fdd3e98
      lastState: {}
      name: init-pytorch
      ready: true
      restartCount: 0
      state:
        terminated:
          containerID: docker://faa8bfdd057df4957dd82549878926b4a6c1511b15724705ed3ec44d7f02ddaf
          exitCode: 0
          finishedAt: "2022-07-08T08:27:12Z"
          reason: Completed
          startedAt: "2022-07-08T08:26:42Z"
    phase: Succeeded
    podIP: 10.244.3.249
    podIPs:
    - ip: 10.244.3.249
    qosClass: Burstable
    startTime: "2022-07-08T08:26:37Z"
- apiVersion: v1
  kind: Pod
  metadata:
    creationTimestamp: "2022-07-08T08:26:11Z"
    labels:
      applicationId: pytorch_job_20200521_001
      controller-name: pytorch-operator
      group-name: kubeflow.org
      job-name: experiment-1657260199871-0017
      pytorch-job-name: experiment-1657260199871-0017
      pytorch-replica-index: "3"
      pytorch-replica-type: worker
      queue: root.sandbox
    name: experiment-1657260199871-0017-worker-3
    namespace: default
    ownerReferences:
    - apiVersion: kubeflow.org/v1
      blockOwnerDeletion: true
      controller: true
      kind: PyTorchJob
      name: experiment-1657260199871-0017
      uid: 93534635-d0bd-4617-a73a-772c7bbaab8e
    resourceVersion: "1921848"
    selfLink: /api/v1/namespaces/default/pods/experiment-1657260199871-0017-worker-3
    uid: 29122c12-6bd5-48b3-b616-0f3fa9709744
  spec:
    containers:
    - command:
      - python
      - /opt/mnist_distributed.py
      env:
      - name: ENV_1
        value: ENV1
      - name: JOB_ID
        value: experiment-1657260199871-0017
      - name: SUBMARINE_TRACKING_URI
        value: mysql+pymysql://submarine:password@submarine-database:3306/submarine
      - name: SUBMARINE_TENSORBOARD_LOG_DIR
        value: /logs/mylog
      - name: MASTER_PORT
        value: "23456"
      - name: MASTER_ADDR
        value: experiment-1657260199871-0017-master-0
      - name: WORLD_SIZE
        value: "8"
      - name: RANK
        value: "4"
      - name: PYTHONUNBUFFERED
        value: "0"
      image: 0yukali0/ddp:0.7.0
      imagePullPolicy: IfNotPresent
      name: pytorch
      resources:
        limits:
          cpu: "1"
          memory: 1024M
        requests:
          cpu: "1"
          memory: 512M
      terminationMessagePath: /dev/termination-log
      terminationMessagePolicy: File
      volumeMounts:
      - mountPath: /logs
        name: volume
        subPath: submarine-tensorboard/ddp-example
      - mountPath: /var/run/secrets/kubernetes.io/serviceaccount
        name: default-token-b7w6w
        readOnly: true
    dnsPolicy: ClusterFirst
    enableServiceLinks: true
    initContainers:
    - command:
      - sh
      - -c
      - until nslookup experiment-1657260199871-0017-master-0; do echo waiting for
        master; sleep 2; done;
      image: alpine:3.10
      imagePullPolicy: IfNotPresent
      name: init-pytorch
      resources:
        limits:
          cpu: 100m
          memory: 20Mi
        requests:
          cpu: 50m
          memory: 10Mi
      terminationMessagePath: /dev/termination-log
      terminationMessagePolicy: File
      volumeMounts:
      - mountPath: /var/run/secrets/kubernetes.io/serviceaccount
        name: default-token-b7w6w
        readOnly: true
    nodeName: blade11-k205-lab
    priority: 0
    restartPolicy: OnFailure
    schedulerName: yunikorn
    securityContext: {}
    serviceAccount: default
    serviceAccountName: default
    terminationGracePeriodSeconds: 30
    tolerations:
    - effect: NoExecute
      key: node.kubernetes.io/not-ready
      operator: Exists
      tolerationSeconds: 300
    - effect: NoExecute
      key: node.kubernetes.io/unreachable
      operator: Exists
      tolerationSeconds: 300
    volumes:
    - name: volume
      persistentVolumeClaim:
        claimName: submarine-tensorboard-pvc
    - name: default-token-b7w6w
      secret:
        defaultMode: 420
        secretName: default-token-b7w6w
  status:
    conditions:
    - lastProbeTime: null
      lastTransitionTime: "2022-07-08T08:27:13Z"
      reason: PodCompleted
      status: "True"
      type: Initialized
    - lastProbeTime: null
      lastTransitionTime: "2022-07-08T08:34:09Z"
      reason: PodCompleted
      status: "False"
      type: Ready
    - lastProbeTime: null
      lastTransitionTime: "2022-07-08T08:34:09Z"
      reason: PodCompleted
      status: "False"
      type: ContainersReady
    - lastProbeTime: null
      lastTransitionTime: "2022-07-08T08:26:37Z"
      status: "True"
      type: PodScheduled
    containerStatuses:
    - containerID: docker://dfe4d9ced66f66f9e8e33f1ddbcae4a72032291f7aa40419af9290bca89a27c8
      image: 0yukali0/ddp:0.7.0
      imageID: docker-pullable://0yukali0/ddp@sha256:193719eeedea6112ef263a11adfc18f5721d5bf76ac16b6f1d2f51271ead2250
      lastState: {}
      name: pytorch
      ready: false
      restartCount: 0
      started: false
      state:
        terminated:
          containerID: docker://dfe4d9ced66f66f9e8e33f1ddbcae4a72032291f7aa40419af9290bca89a27c8
          exitCode: 0
          finishedAt: "2022-07-08T08:34:08Z"
          reason: Completed
          startedAt: "2022-07-08T08:27:14Z"
    hostIP: 120.108.205.169
    initContainerStatuses:
    - containerID: docker://5ae66cc5b1aeda3bd3b82e3595938dd2dffb6688c9b5c50813a87f1e40839a2f
      image: alpine:3.10
      imageID: docker-pullable://alpine@sha256:451eee8bedcb2f029756dc3e9d73bab0e7943c1ac55cff3a4861c52a0fdd3e98
      lastState: {}
      name: init-pytorch
      ready: true
      restartCount: 0
      state:
        terminated:
          containerID: docker://5ae66cc5b1aeda3bd3b82e3595938dd2dffb6688c9b5c50813a87f1e40839a2f
          exitCode: 0
          finishedAt: "2022-07-08T08:27:12Z"
          reason: Completed
          startedAt: "2022-07-08T08:26:40Z"
    phase: Succeeded
    podIP: 10.244.5.115
    podIPs:
    - ip: 10.244.5.115
    qosClass: Burstable
    startTime: "2022-07-08T08:26:37Z"
- apiVersion: v1
  kind: Pod
  metadata:
    creationTimestamp: "2022-07-08T08:26:11Z"
    labels:
      applicationId: pytorch_job_20200521_001
      controller-name: pytorch-operator
      group-name: kubeflow.org
      job-name: experiment-1657260199871-0017
      pytorch-job-name: experiment-1657260199871-0017
      pytorch-replica-index: "4"
      pytorch-replica-type: worker
      queue: root.sandbox
    name: experiment-1657260199871-0017-worker-4
    namespace: default
    ownerReferences:
    - apiVersion: kubeflow.org/v1
      blockOwnerDeletion: true
      controller: true
      kind: PyTorchJob
      name: experiment-1657260199871-0017
      uid: 93534635-d0bd-4617-a73a-772c7bbaab8e
    resourceVersion: "1921853"
    selfLink: /api/v1/namespaces/default/pods/experiment-1657260199871-0017-worker-4
    uid: d6b30909-0d4e-48df-a09e-89f0a5c93838
  spec:
    containers:
    - command:
      - python
      - /opt/mnist_distributed.py
      env:
      - name: ENV_1
        value: ENV1
      - name: JOB_ID
        value: experiment-1657260199871-0017
      - name: SUBMARINE_TRACKING_URI
        value: mysql+pymysql://submarine:password@submarine-database:3306/submarine
      - name: SUBMARINE_TENSORBOARD_LOG_DIR
        value: /logs/mylog
      - name: MASTER_PORT
        value: "23456"
      - name: MASTER_ADDR
        value: experiment-1657260199871-0017-master-0
      - name: WORLD_SIZE
        value: "8"
      - name: RANK
        value: "5"
      - name: PYTHONUNBUFFERED
        value: "0"
      image: 0yukali0/ddp:0.7.0
      imagePullPolicy: IfNotPresent
      name: pytorch
      resources:
        limits:
          cpu: "1"
          memory: 1024M
        requests:
          cpu: "1"
          memory: 512M
      terminationMessagePath: /dev/termination-log
      terminationMessagePolicy: File
      volumeMounts:
      - mountPath: /logs
        name: volume
        subPath: submarine-tensorboard/ddp-example
      - mountPath: /var/run/secrets/kubernetes.io/serviceaccount
        name: default-token-b7w6w
        readOnly: true
    dnsPolicy: ClusterFirst
    enableServiceLinks: true
    initContainers:
    - command:
      - sh
      - -c
      - until nslookup experiment-1657260199871-0017-master-0; do echo waiting for
        master; sleep 2; done;
      image: alpine:3.10
      imagePullPolicy: IfNotPresent
      name: init-pytorch
      resources:
        limits:
          cpu: 100m
          memory: 20Mi
        requests:
          cpu: 50m
          memory: 10Mi
      terminationMessagePath: /dev/termination-log
      terminationMessagePolicy: File
      volumeMounts:
      - mountPath: /var/run/secrets/kubernetes.io/serviceaccount
        name: default-token-b7w6w
        readOnly: true
    nodeName: blade05-k205-lab
    priority: 0
    restartPolicy: OnFailure
    schedulerName: yunikorn
    securityContext: {}
    serviceAccount: default
    serviceAccountName: default
    terminationGracePeriodSeconds: 30
    tolerations:
    - effect: NoExecute
      key: node.kubernetes.io/not-ready
      operator: Exists
      tolerationSeconds: 300
    - effect: NoExecute
      key: node.kubernetes.io/unreachable
      operator: Exists
      tolerationSeconds: 300
    volumes:
    - name: volume
      persistentVolumeClaim:
        claimName: submarine-tensorboard-pvc
    - name: default-token-b7w6w
      secret:
        defaultMode: 420
        secretName: default-token-b7w6w
  status:
    conditions:
    - lastProbeTime: null
      lastTransitionTime: "2022-07-08T08:27:14Z"
      reason: PodCompleted
      status: "True"
      type: Initialized
    - lastProbeTime: null
      lastTransitionTime: "2022-07-08T08:34:10Z"
      reason: PodCompleted
      status: "False"
      type: Ready
    - lastProbeTime: null
      lastTransitionTime: "2022-07-08T08:34:10Z"
      reason: PodCompleted
      status: "False"
      type: ContainersReady
    - lastProbeTime: null
      lastTransitionTime: "2022-07-08T08:26:37Z"
      status: "True"
      type: PodScheduled
    containerStatuses:
    - containerID: docker://c3d80792eb823252d450b5465377083bc3e337c773cae7a9cf43c88e81a2f943
      image: 0yukali0/ddp:0.7.0
      imageID: docker-pullable://0yukali0/ddp@sha256:193719eeedea6112ef263a11adfc18f5721d5bf76ac16b6f1d2f51271ead2250
      lastState: {}
      name: pytorch
      ready: false
      restartCount: 0
      started: false
      state:
        terminated:
          containerID: docker://c3d80792eb823252d450b5465377083bc3e337c773cae7a9cf43c88e81a2f943
          exitCode: 0
          finishedAt: "2022-07-08T08:34:09Z"
          reason: Completed
          startedAt: "2022-07-08T08:27:15Z"
    hostIP: 120.108.205.165
    initContainerStatuses:
    - containerID: docker://2466b4bd0581e624ec83c7861459a32147328382f75219a7fdcd60492ed008ce
      image: alpine:3.10
      imageID: docker-pullable://alpine@sha256:451eee8bedcb2f029756dc3e9d73bab0e7943c1ac55cff3a4861c52a0fdd3e98
      lastState: {}
      name: init-pytorch
      ready: true
      restartCount: 0
      state:
        terminated:
          containerID: docker://2466b4bd0581e624ec83c7861459a32147328382f75219a7fdcd60492ed008ce
          exitCode: 0
          finishedAt: "2022-07-08T08:27:13Z"
          reason: Completed
          startedAt: "2022-07-08T08:26:41Z"
    phase: Succeeded
    podIP: 10.244.2.246
    podIPs:
    - ip: 10.244.2.246
    qosClass: Burstable
    startTime: "2022-07-08T08:26:37Z"
- apiVersion: v1
  kind: Pod
  metadata:
    creationTimestamp: "2022-07-08T08:26:11Z"
    labels:
      applicationId: pytorch_job_20200521_001
      controller-name: pytorch-operator
      group-name: kubeflow.org
      job-name: experiment-1657260199871-0017
      pytorch-job-name: experiment-1657260199871-0017
      pytorch-replica-index: "5"
      pytorch-replica-type: worker
      queue: root.sandbox
    name: experiment-1657260199871-0017-worker-5
    namespace: default
    ownerReferences:
    - apiVersion: kubeflow.org/v1
      blockOwnerDeletion: true
      controller: true
      kind: PyTorchJob
      name: experiment-1657260199871-0017
      uid: 93534635-d0bd-4617-a73a-772c7bbaab8e
    resourceVersion: "1921838"
    selfLink: /api/v1/namespaces/default/pods/experiment-1657260199871-0017-worker-5
    uid: 61f16244-bde9-4aa2-bee7-cf390671f1ee
  spec:
    containers:
    - command:
      - python
      - /opt/mnist_distributed.py
      env:
      - name: ENV_1
        value: ENV1
      - name: JOB_ID
        value: experiment-1657260199871-0017
      - name: SUBMARINE_TRACKING_URI
        value: mysql+pymysql://submarine:password@submarine-database:3306/submarine
      - name: SUBMARINE_TENSORBOARD_LOG_DIR
        value: /logs/mylog
      - name: MASTER_PORT
        value: "23456"
      - name: MASTER_ADDR
        value: experiment-1657260199871-0017-master-0
      - name: WORLD_SIZE
        value: "8"
      - name: RANK
        value: "6"
      - name: PYTHONUNBUFFERED
        value: "0"
      image: 0yukali0/ddp:0.7.0
      imagePullPolicy: IfNotPresent
      name: pytorch
      resources:
        limits:
          cpu: "1"
          memory: 1024M
        requests:
          cpu: "1"
          memory: 512M
      terminationMessagePath: /dev/termination-log
      terminationMessagePolicy: File
      volumeMounts:
      - mountPath: /logs
        name: volume
        subPath: submarine-tensorboard/ddp-example
      - mountPath: /var/run/secrets/kubernetes.io/serviceaccount
        name: default-token-b7w6w
        readOnly: true
    dnsPolicy: ClusterFirst
    enableServiceLinks: true
    initContainers:
    - command:
      - sh
      - -c
      - until nslookup experiment-1657260199871-0017-master-0; do echo waiting for
        master; sleep 2; done;
      image: alpine:3.10
      imagePullPolicy: IfNotPresent
      name: init-pytorch
      resources:
        limits:
          cpu: 100m
          memory: 20Mi
        requests:
          cpu: 50m
          memory: 10Mi
      terminationMessagePath: /dev/termination-log
      terminationMessagePolicy: File
      volumeMounts:
      - mountPath: /var/run/secrets/kubernetes.io/serviceaccount
        name: default-token-b7w6w
        readOnly: true
    nodeName: blade07-k205-lab
    priority: 0
    restartPolicy: OnFailure
    schedulerName: yunikorn
    securityContext: {}
    serviceAccount: default
    serviceAccountName: default
    terminationGracePeriodSeconds: 30
    tolerations:
    - effect: NoExecute
      key: node.kubernetes.io/not-ready
      operator: Exists
      tolerationSeconds: 300
    - effect: NoExecute
      key: node.kubernetes.io/unreachable
      operator: Exists
      tolerationSeconds: 300
    volumes:
    - name: volume
      persistentVolumeClaim:
        claimName: submarine-tensorboard-pvc
    - name: default-token-b7w6w
      secret:
        defaultMode: 420
        secretName: default-token-b7w6w
  status:
    conditions:
    - lastProbeTime: null
      lastTransitionTime: "2022-07-08T08:27:13Z"
      reason: PodCompleted
      status: "True"
      type: Initialized
    - lastProbeTime: null
      lastTransitionTime: "2022-07-08T08:34:09Z"
      reason: PodCompleted
      status: "False"
      type: Ready
    - lastProbeTime: null
      lastTransitionTime: "2022-07-08T08:34:09Z"
      reason: PodCompleted
      status: "False"
      type: ContainersReady
    - lastProbeTime: null
      lastTransitionTime: "2022-07-08T08:26:37Z"
      status: "True"
      type: PodScheduled
    containerStatuses:
    - containerID: docker://c27ae36f3aa1f248cf638680513c4a1d953546129000fc754603711a9ec7b63d
      image: 0yukali0/ddp:0.7.0
      imageID: docker-pullable://0yukali0/ddp@sha256:193719eeedea6112ef263a11adfc18f5721d5bf76ac16b6f1d2f51271ead2250
      lastState: {}
      name: pytorch
      ready: false
      restartCount: 0
      started: false
      state:
        terminated:
          containerID: docker://c27ae36f3aa1f248cf638680513c4a1d953546129000fc754603711a9ec7b63d
          exitCode: 0
          finishedAt: "2022-07-08T08:34:08Z"
          reason: Completed
          startedAt: "2022-07-08T08:27:14Z"
    hostIP: 120.108.205.167
    initContainerStatuses:
    - containerID: docker://13822dae502e693d2834fe9dca041e0ef2ed13d5c46f0a1bb8928b627aa50d68
      image: alpine:3.10
      imageID: docker-pullable://alpine@sha256:451eee8bedcb2f029756dc3e9d73bab0e7943c1ac55cff3a4861c52a0fdd3e98
      lastState: {}
      name: init-pytorch
      ready: true
      restartCount: 0
      state:
        terminated:
          containerID: docker://13822dae502e693d2834fe9dca041e0ef2ed13d5c46f0a1bb8928b627aa50d68
          exitCode: 0
          finishedAt: "2022-07-08T08:27:12Z"
          reason: Completed
          startedAt: "2022-07-08T08:26:42Z"
    phase: Succeeded
    podIP: 10.244.4.237
    podIPs:
    - ip: 10.244.4.237
    qosClass: Burstable
    startTime: "2022-07-08T08:26:37Z"
- apiVersion: v1
  kind: Pod
  metadata:
    creationTimestamp: "2022-07-08T08:26:11Z"
    labels:
      applicationId: pytorch_job_20200521_001
      controller-name: pytorch-operator
      group-name: kubeflow.org
      job-name: experiment-1657260199871-0017
      pytorch-job-name: experiment-1657260199871-0017
      pytorch-replica-index: "6"
      pytorch-replica-type: worker
      queue: root.sandbox
    name: experiment-1657260199871-0017-worker-6
    namespace: default
    ownerReferences:
    - apiVersion: kubeflow.org/v1
      blockOwnerDeletion: true
      controller: true
      kind: PyTorchJob
      name: experiment-1657260199871-0017
      uid: 93534635-d0bd-4617-a73a-772c7bbaab8e
    resourceVersion: "1921836"
    selfLink: /api/v1/namespaces/default/pods/experiment-1657260199871-0017-worker-6
    uid: 32467cfe-e690-45bf-814b-b7c85b102051
  spec:
    containers:
    - command:
      - python
      - /opt/mnist_distributed.py
      env:
      - name: ENV_1
        value: ENV1
      - name: JOB_ID
        value: experiment-1657260199871-0017
      - name: SUBMARINE_TRACKING_URI
        value: mysql+pymysql://submarine:password@submarine-database:3306/submarine
      - name: SUBMARINE_TENSORBOARD_LOG_DIR
        value: /logs/mylog
      - name: MASTER_PORT
        value: "23456"
      - name: MASTER_ADDR
        value: experiment-1657260199871-0017-master-0
      - name: WORLD_SIZE
        value: "8"
      - name: RANK
        value: "7"
      - name: PYTHONUNBUFFERED
        value: "0"
      image: 0yukali0/ddp:0.7.0
      imagePullPolicy: IfNotPresent
      name: pytorch
      resources:
        limits:
          cpu: "1"
          memory: 1024M
        requests:
          cpu: "1"
          memory: 512M
      terminationMessagePath: /dev/termination-log
      terminationMessagePolicy: File
      volumeMounts:
      - mountPath: /logs
        name: volume
        subPath: submarine-tensorboard/ddp-example
      - mountPath: /var/run/secrets/kubernetes.io/serviceaccount
        name: default-token-b7w6w
        readOnly: true
    dnsPolicy: ClusterFirst
    enableServiceLinks: true
    initContainers:
    - command:
      - sh
      - -c
      - until nslookup experiment-1657260199871-0017-master-0; do echo waiting for
        master; sleep 2; done;
      image: alpine:3.10
      imagePullPolicy: IfNotPresent
      name: init-pytorch
      resources:
        limits:
          cpu: 100m
          memory: 20Mi
        requests:
          cpu: 50m
          memory: 10Mi
      terminationMessagePath: /dev/termination-log
      terminationMessagePolicy: File
      volumeMounts:
      - mountPath: /var/run/secrets/kubernetes.io/serviceaccount
        name: default-token-b7w6w
        readOnly: true
    nodeName: blade06-k205-lab
    priority: 0
    restartPolicy: OnFailure
    schedulerName: yunikorn
    securityContext: {}
    serviceAccount: default
    serviceAccountName: default
    terminationGracePeriodSeconds: 30
    tolerations:
    - effect: NoExecute
      key: node.kubernetes.io/not-ready
      operator: Exists
      tolerationSeconds: 300
    - effect: NoExecute
      key: node.kubernetes.io/unreachable
      operator: Exists
      tolerationSeconds: 300
    volumes:
    - name: volume
      persistentVolumeClaim:
        claimName: submarine-tensorboard-pvc
    - name: default-token-b7w6w
      secret:
        defaultMode: 420
        secretName: default-token-b7w6w
  status:
    conditions:
    - lastProbeTime: null
      lastTransitionTime: "2022-07-08T08:27:13Z"
      reason: PodCompleted
      status: "True"
      type: Initialized
    - lastProbeTime: null
      lastTransitionTime: "2022-07-08T08:34:09Z"
      reason: PodCompleted
      status: "False"
      type: Ready
    - lastProbeTime: null
      lastTransitionTime: "2022-07-08T08:34:09Z"
      reason: PodCompleted
      status: "False"
      type: ContainersReady
    - lastProbeTime: null
      lastTransitionTime: "2022-07-08T08:26:37Z"
      status: "True"
      type: PodScheduled
    containerStatuses:
    - containerID: docker://b69e5b694d73da8f733e85637f7459ae8155d25b3898142f1b6598587a0a2935
      image: 0yukali0/ddp:0.7.0
      imageID: docker-pullable://0yukali0/ddp@sha256:193719eeedea6112ef263a11adfc18f5721d5bf76ac16b6f1d2f51271ead2250
      lastState: {}
      name: pytorch
      ready: false
      restartCount: 0
      started: false
      state:
        terminated:
          containerID: docker://b69e5b694d73da8f733e85637f7459ae8155d25b3898142f1b6598587a0a2935
          exitCode: 0
          finishedAt: "2022-07-08T08:34:08Z"
          reason: Completed
          startedAt: "2022-07-08T08:27:14Z"
    hostIP: 120.108.205.166
    initContainerStatuses:
    - containerID: docker://7183721090ff9c57516715605ee4d0bfbd1a3745b33db744c7788a7e260097ad
      image: alpine:3.10
      imageID: docker-pullable://alpine@sha256:451eee8bedcb2f029756dc3e9d73bab0e7943c1ac55cff3a4861c52a0fdd3e98
      lastState: {}
      name: init-pytorch
      ready: true
      restartCount: 0
      state:
        terminated:
          containerID: docker://7183721090ff9c57516715605ee4d0bfbd1a3745b33db744c7788a7e260097ad
          exitCode: 0
          finishedAt: "2022-07-08T08:27:12Z"
          reason: Completed
          startedAt: "2022-07-08T08:26:42Z"
    phase: Succeeded
    podIP: 10.244.3.250
    podIPs:
    - ip: 10.244.3.250
    qosClass: Burstable
    startTime: "2022-07-08T08:26:37Z"
- apiVersion: v1
  kind: Pod
  metadata:
    annotations:
      sidecar.istio.io/inject: "false"
    creationTimestamp: "2022-07-08T06:02:40Z"
    generateName: notebook-controller-deployment-58797bdd75-
    labels:
      app: notebook-controller
      pod-template-hash: 58797bdd75
    name: notebook-controller-deployment-58797bdd75-7czk5
    namespace: default
    ownerReferences:
    - apiVersion: apps/v1
      blockOwnerDeletion: true
      controller: true
      kind: ReplicaSet
      name: notebook-controller-deployment-58797bdd75
      uid: 1e1508de-212e-49ea-8e79-99f6db501134
    resourceVersion: "1882602"
    selfLink: /api/v1/namespaces/default/pods/notebook-controller-deployment-58797bdd75-7czk5
    uid: 774ac082-dc32-43bb-829e-a179c9ff70c8
  spec:
    containers:
    - command:
      - /manager
      env:
      - name: USE_ISTIO
        value: "false"
      image: apache/submarine:notebook-controller-v1.1.0-g253890cb
      imagePullPolicy: IfNotPresent
      livenessProbe:
        failureThreshold: 3
        httpGet:
          path: /metrics
          port: 8080
          scheme: HTTP
        initialDelaySeconds: 30
        periodSeconds: 30
        successThreshold: 1
        timeoutSeconds: 1
      name: manager
      resources: {}
      terminationMessagePath: /dev/termination-log
      terminationMessagePolicy: File
      volumeMounts:
      - mountPath: /var/run/secrets/kubernetes.io/serviceaccount
        name: notebook-controller-service-account-token-bkmcs
        readOnly: true
    dnsPolicy: ClusterFirst
    enableServiceLinks: true
    nodeName: blade02-k205-lab
    priority: 0
    restartPolicy: Always
    schedulerName: default-scheduler
    securityContext: {}
    serviceAccount: notebook-controller-service-account
    serviceAccountName: notebook-controller-service-account
    terminationGracePeriodSeconds: 30
    tolerations:
    - effect: NoExecute
      key: node.kubernetes.io/not-ready
      operator: Exists
      tolerationSeconds: 300
    - effect: NoExecute
      key: node.kubernetes.io/unreachable
      operator: Exists
      tolerationSeconds: 300
    volumes:
    - name: notebook-controller-service-account-token-bkmcs
      secret:
        defaultMode: 420
        secretName: notebook-controller-service-account-token-bkmcs
  status:
    conditions:
    - lastProbeTime: null
      lastTransitionTime: "2022-07-08T06:02:40Z"
      status: "True"
      type: Initialized
    - lastProbeTime: null
      lastTransitionTime: "2022-07-08T06:02:48Z"
      status: "True"
      type: Ready
    - lastProbeTime: null
      lastTransitionTime: "2022-07-08T06:02:48Z"
      status: "True"
      type: ContainersReady
    - lastProbeTime: null
      lastTransitionTime: "2022-07-08T06:02:40Z"
      status: "True"
      type: PodScheduled
    containerStatuses:
    - containerID: docker://4bff248a6518a09137895d2f9b9a8fb6833d5da90ec7773e55a06405dc16e668
      image: apache/submarine:notebook-controller-v1.1.0-g253890cb
      imageID: docker-pullable://apache/submarine@sha256:5a03bed92f63637e9fbfb0b9fa5c5a77f604296ab5834216b476b9bc6fcfbe22
      lastState: {}
      name: manager
      ready: true
      restartCount: 0
      started: true
      state:
        running:
          startedAt: "2022-07-08T06:02:47Z"
    hostIP: 120.108.205.162
    phase: Running
    podIP: 10.244.0.143
    podIPs:
    - ip: 10.244.0.143
    qosClass: BestEffort
    startTime: "2022-07-08T06:02:40Z"
- apiVersion: v1
  kind: Pod
  metadata:
    creationTimestamp: "2022-07-08T06:02:40Z"
    generateName: pytorch-operator-75fd845678-
    labels:
      name: pytorch-operator
      pod-template-hash: 75fd845678
    name: pytorch-operator-75fd845678-72xpk
    namespace: default
    ownerReferences:
    - apiVersion: apps/v1
      blockOwnerDeletion: true
      controller: true
      kind: ReplicaSet
      name: pytorch-operator-75fd845678
      uid: b8aba6b1-d8ce-484b-92bc-772b2f2299e7
    resourceVersion: "1882613"
    selfLink: /api/v1/namespaces/default/pods/pytorch-operator-75fd845678-72xpk
    uid: 06f5edde-c319-41e9-a9db-d56de42b076b
  spec:
    containers:
    - command:
      - /pytorch-operator.v1
      - --alsologtostderr
      - -v=1
      - --monitoring-port=8443
      env:
      - name: MY_POD_NAMESPACE
        valueFrom:
          fieldRef:
            apiVersion: v1
            fieldPath: metadata.namespace
      - name: MY_POD_NAME
        valueFrom:
          fieldRef:
            apiVersion: v1
            fieldPath: metadata.name
      image: apache/submarine:pytorch-operator-v1.1.0-gd596e904
      imagePullPolicy: IfNotPresent
      name: pytorch-operator
      resources: {}
      terminationMessagePath: /dev/termination-log
      terminationMessagePolicy: File
      volumeMounts:
      - mountPath: /var/run/secrets/kubernetes.io/serviceaccount
        name: pytorch-operator-token-5kx74
        readOnly: true
    dnsPolicy: ClusterFirst
    enableServiceLinks: true
    nodeName: blade02-k205-lab
    priority: 0
    restartPolicy: Always
    schedulerName: default-scheduler
    securityContext: {}
    serviceAccount: pytorch-operator
    serviceAccountName: pytorch-operator
    terminationGracePeriodSeconds: 30
    tolerations:
    - effect: NoExecute
      key: node.kubernetes.io/not-ready
      operator: Exists
      tolerationSeconds: 300
    - effect: NoExecute
      key: node.kubernetes.io/unreachable
      operator: Exists
      tolerationSeconds: 300
    volumes:
    - name: pytorch-operator-token-5kx74
      secret:
        defaultMode: 420
        secretName: pytorch-operator-token-5kx74
  status:
    conditions:
    - lastProbeTime: null
      lastTransitionTime: "2022-07-08T06:02:40Z"
      status: "True"
      type: Initialized
    - lastProbeTime: null
      lastTransitionTime: "2022-07-08T06:02:49Z"
      status: "True"
      type: Ready
    - lastProbeTime: null
      lastTransitionTime: "2022-07-08T06:02:49Z"
      status: "True"
      type: ContainersReady
    - lastProbeTime: null
      lastTransitionTime: "2022-07-08T06:02:40Z"
      status: "True"
      type: PodScheduled
    containerStatuses:
    - containerID: docker://5537ac299f24afdda91794b01e9199275615bf67830bb40dc43d92fbe7028fd5
      image: apache/submarine:pytorch-operator-v1.1.0-gd596e904
      imageID: docker-pullable://apache/submarine@sha256:4471cc57e2960644d75ddfd401e01019838525b211d279247eddf5f1d95961f2
      lastState: {}
      name: pytorch-operator
      ready: true
      restartCount: 0
      started: true
      state:
        running:
          startedAt: "2022-07-08T06:02:48Z"
    hostIP: 120.108.205.162
    phase: Running
    podIP: 10.244.0.147
    podIPs:
    - ip: 10.244.0.147
    qosClass: BestEffort
    startTime: "2022-07-08T06:02:40Z"
- apiVersion: v1
  kind: Pod
  metadata:
    creationTimestamp: "2022-07-08T06:03:04Z"
    generateName: submarine-database-
    labels:
      app: submarine-database
      controller-revision-hash: submarine-database-7fdc7d487
      statefulset.kubernetes.io/pod-name: submarine-database-0
    name: submarine-database-0
    namespace: default
    ownerReferences:
    - apiVersion: apps/v1
      blockOwnerDeletion: true
      controller: true
      kind: StatefulSet
      name: submarine-database
      uid: 086717d9-e6b8-46df-8e97-543f416327e9
    resourceVersion: "1882885"
    selfLink: /api/v1/namespaces/default/pods/submarine-database-0
    uid: 8e974157-79a0-4a09-8824-c132d464ebdd
  spec:
    containers:
    - env:
      - name: MYSQL_ROOT_PASSWORD
        value: password
      image: apache/submarine:database-0.7.0
      imagePullPolicy: IfNotPresent
      name: submarine-database
      ports:
      - containerPort: 3306
        protocol: TCP
      readinessProbe:
        failureThreshold: 3
        periodSeconds: 10
        successThreshold: 1
        tcpSocket:
          port: 3306
        timeoutSeconds: 1
      resources: {}
      terminationMessagePath: /dev/termination-log
      terminationMessagePolicy: File
      volumeMounts:
      - mountPath: /var/lib/mysql
        name: volume
        subPath: submarine-database
      - mountPath: /var/run/secrets/kubernetes.io/serviceaccount
        name: submarine-storage-token-mnv4k
        readOnly: true
    dnsPolicy: ClusterFirst
    enableServiceLinks: true
    hostname: submarine-database-0
    nodeName: blade02-k205-lab
    priority: 0
    restartPolicy: Always
    schedulerName: default-scheduler
    securityContext: {}
    serviceAccount: submarine-storage
    serviceAccountName: submarine-storage
    subdomain: submarine-database
    terminationGracePeriodSeconds: 30
    tolerations:
    - effect: NoExecute
      key: node.kubernetes.io/not-ready
      operator: Exists
      tolerationSeconds: 300
    - effect: NoExecute
      key: node.kubernetes.io/unreachable
      operator: Exists
      tolerationSeconds: 300
    volumes:
    - name: volume
      persistentVolumeClaim:
        claimName: submarine-database-pvc
    - name: submarine-storage-token-mnv4k
      secret:
        defaultMode: 420
        secretName: submarine-storage-token-mnv4k
  status:
    conditions:
    - lastProbeTime: null
      lastTransitionTime: "2022-07-08T06:03:04Z"
      status: "True"
      type: Initialized
    - lastProbeTime: null
      lastTransitionTime: "2022-07-08T06:03:20Z"
      status: "True"
      type: Ready
    - lastProbeTime: null
      lastTransitionTime: "2022-07-08T06:03:20Z"
      status: "True"
      type: ContainersReady
    - lastProbeTime: null
      lastTransitionTime: "2022-07-08T06:03:04Z"
      status: "True"
      type: PodScheduled
    containerStatuses:
    - containerID: docker://cf646c203ba038b48f82f75e04bf9bca2ba04c023d5662c8698d8d324399b910
      image: apache/submarine:database-0.7.0
      imageID: docker://sha256:28c0c566466957642b4e292ae875b57ba09d53080757ad2b79534198f223bf34
      lastState: {}
      name: submarine-database
      ready: true
      restartCount: 0
      started: true
      state:
        running:
          startedAt: "2022-07-08T06:03:13Z"
    hostIP: 120.108.205.162
    phase: Running
    podIP: 10.244.0.148
    podIPs:
    - ip: 10.244.0.148
    qosClass: BestEffort
    startTime: "2022-07-08T06:03:04Z"
- apiVersion: v1
  kind: Pod
  metadata:
    creationTimestamp: "2022-07-08T06:03:05Z"
    generateName: submarine-minio-556d9f6594-
    labels:
      app: submarine-minio
      pod-template-hash: 556d9f6594
    name: submarine-minio-556d9f6594-blkv5
    namespace: default
    ownerReferences:
    - apiVersion: apps/v1
      blockOwnerDeletion: true
      controller: true
      kind: ReplicaSet
      name: submarine-minio-556d9f6594
      uid: a140302a-6519-4ea7-89df-e6345c6a3ed7
    resourceVersion: "1882837"
    selfLink: /api/v1/namespaces/default/pods/submarine-minio-556d9f6594-blkv5
    uid: 2ea5b8d1-f57d-4f8f-b45a-0593d8e219fa
  spec:
    containers:
    - args:
      - server
      - /data
      env:
      - name: MINIO_ACCESS_KEY
        value: submarine_minio
      - name: MINIO_SECRET_KEY
        value: submarine_minio
      image: minio/minio:RELEASE.2021-02-14T04-01-33Z
      imagePullPolicy: IfNotPresent
      name: submarine-minio-container
      ports:
      - containerPort: 9000
        protocol: TCP
      resources: {}
      terminationMessagePath: /dev/termination-log
      terminationMessagePolicy: File
      volumeMounts:
      - mountPath: /data
        name: volume
        subPath: submarine-minio
      - mountPath: /var/run/secrets/kubernetes.io/serviceaccount
        name: submarine-storage-token-mnv4k
        readOnly: true
    dnsPolicy: ClusterFirst
    enableServiceLinks: true
    nodeName: blade02-k205-lab
    priority: 0
    restartPolicy: Always
    schedulerName: default-scheduler
    securityContext: {}
    serviceAccount: submarine-storage
    serviceAccountName: submarine-storage
    terminationGracePeriodSeconds: 30
    tolerations:
    - effect: NoExecute
      key: node.kubernetes.io/not-ready
      operator: Exists
      tolerationSeconds: 300
    - effect: NoExecute
      key: node.kubernetes.io/unreachable
      operator: Exists
      tolerationSeconds: 300
    volumes:
    - name: volume
      persistentVolumeClaim:
        claimName: submarine-minio-pvc
    - name: submarine-storage-token-mnv4k
      secret:
        defaultMode: 420
        secretName: submarine-storage-token-mnv4k
  status:
    conditions:
    - lastProbeTime: null
      lastTransitionTime: "2022-07-08T06:03:06Z"
      status: "True"
      type: Initialized
    - lastProbeTime: null
      lastTransitionTime: "2022-07-08T06:03:14Z"
      status: "True"
      type: Ready
    - lastProbeTime: null
      lastTransitionTime: "2022-07-08T06:03:14Z"
      status: "True"
      type: ContainersReady
    - lastProbeTime: null
      lastTransitionTime: "2022-07-08T06:03:05Z"
      status: "True"
      type: PodScheduled
    containerStatuses:
    - containerID: docker://3645cc114dd44741b86aa98817c9e92ee812a74ba45960c92b9f20821e73793d
      image: minio/minio:RELEASE.2021-02-14T04-01-33Z
      imageID: docker-pullable://minio/minio@sha256:bd11edda91f30cd94060c80e6d496ca406d46d2de356f59904f721cdfd0b1d63
      lastState: {}
      name: submarine-minio-container
      ready: true
      restartCount: 0
      started: true
      state:
        running:
          startedAt: "2022-07-08T06:03:13Z"
    hostIP: 120.108.205.162
    phase: Running
    podIP: 10.244.0.151
    podIPs:
    - ip: 10.244.0.151
    qosClass: BestEffort
    startTime: "2022-07-08T06:03:06Z"
- apiVersion: v1
  kind: Pod
  metadata:
    creationTimestamp: "2022-07-08T06:03:04Z"
    generateName: submarine-mlflow-69548d8c96-
    labels:
      app: submarine-mlflow
      pod-template-hash: 69548d8c96
    name: submarine-mlflow-69548d8c96-85scz
    namespace: default
    ownerReferences:
    - apiVersion: apps/v1
      blockOwnerDeletion: true
      controller: true
      kind: ReplicaSet
      name: submarine-mlflow-69548d8c96
      uid: f6d105c1-9da6-487d-86d1-2b672496972e
    resourceVersion: "1883212"
    selfLink: /api/v1/namespaces/default/pods/submarine-mlflow-69548d8c96-85scz
    uid: ace1d30c-e55d-46f8-9bf0-fc54bd7c7ed5
  spec:
    containers:
    - image: apache/submarine:mlflow-0.7.0
      imagePullPolicy: IfNotPresent
      name: submarine-mlflow-container
      ports:
      - containerPort: 5000
        protocol: TCP
      readinessProbe:
        failureThreshold: 3
        initialDelaySeconds: 60
        periodSeconds: 10
        successThreshold: 1
        tcpSocket:
          port: 5000
        timeoutSeconds: 1
      resources: {}
      terminationMessagePath: /dev/termination-log
      terminationMessagePolicy: File
      volumeMounts:
      - mountPath: /logs
        name: volume
        subPath: submarine-mlflow
      - mountPath: /var/run/secrets/kubernetes.io/serviceaccount
        name: submarine-storage-token-mnv4k
        readOnly: true
    dnsPolicy: ClusterFirst
    enableServiceLinks: true
    initContainers:
    - command:
      - sh
      - -c
      - until nc -z submarine-database 3306; do echo waiting for database connection;
        sleep 20; done
      image: busybox:1.28
      imagePullPolicy: IfNotPresent
      name: check-database-connection
      resources: {}
      terminationMessagePath: /dev/termination-log
      terminationMessagePolicy: File
      volumeMounts:
      - mountPath: /var/run/secrets/kubernetes.io/serviceaccount
        name: submarine-storage-token-mnv4k
        readOnly: true
    - command:
      - /bin/bash
      - -c
      - 'cnt=0; while ! /bin/bash -c ''mc --config-dir /root/.mc config host add minio
        http://submarine-minio-service:9000 submarine_minio submarine_minio'' 2>&1;
        do sleep 15; ((cnt=cnt+1)); if [ $cnt -eq 80 ];then echo ''ERROR: wait too
        long for minio pod''; exit 1; fi; done; if /bin/bash -c ''mc --config-dir
        /root/.mc ls minio/mlflow'' >/dev/null 2>&1; then echo ''Bucket minio/mlflow
        already exists, skipping creation.''; else /bin/bash -c ''mc --config-dir
        /root/.mc mb minio/mlflow''; fi;'
      image: minio/mc
      imagePullPolicy: Always
      name: submarine-mlflow-initcontainer
      resources: {}
      terminationMessagePath: /dev/termination-log
      terminationMessagePolicy: File
      volumeMounts:
      - mountPath: /root/.mc
        name: mc-config-vol
      - mountPath: /var/run/secrets/kubernetes.io/serviceaccount
        name: submarine-storage-token-mnv4k
        readOnly: true
    nodeName: blade02-k205-lab
    priority: 0
    restartPolicy: Always
    schedulerName: default-scheduler
    securityContext: {}
    serviceAccount: submarine-storage
    serviceAccountName: submarine-storage
    terminationGracePeriodSeconds: 30
    tolerations:
    - effect: NoExecute
      key: node.kubernetes.io/not-ready
      operator: Exists
      tolerationSeconds: 300
    - effect: NoExecute
      key: node.kubernetes.io/unreachable
      operator: Exists
      tolerationSeconds: 300
    volumes:
    - name: volume
      persistentVolumeClaim:
        claimName: submarine-mlflow-pvc
    - emptyDir: {}
      name: mc-config-vol
    - name: submarine-storage-token-mnv4k
      secret:
        defaultMode: 420
        secretName: submarine-storage-token-mnv4k
  status:
    conditions:
    - lastProbeTime: null
      lastTransitionTime: "2022-07-08T06:03:39Z"
      status: "True"
      type: Initialized
    - lastProbeTime: null
      lastTransitionTime: "2022-07-08T06:04:48Z"
      status: "True"
      type: Ready
    - lastProbeTime: null
      lastTransitionTime: "2022-07-08T06:04:48Z"
      status: "True"
      type: ContainersReady
    - lastProbeTime: null
      lastTransitionTime: "2022-07-08T06:03:04Z"
      status: "True"
      type: PodScheduled
    containerStatuses:
    - containerID: docker://67ffead7471fe708591ea04c7a12795de7b600746630c135c0e474cdee3b2edb
      image: apache/submarine:mlflow-0.7.0
      imageID: docker-pullable://apache/submarine@sha256:3cc868ef73793119206ed57340f80cf3d321f41b6315f8e02f98596a4180525d
      lastState: {}
      name: submarine-mlflow-container
      ready: true
      restartCount: 0
      started: true
      state:
        running:
          startedAt: "2022-07-08T06:03:40Z"
    hostIP: 120.108.205.162
    initContainerStatuses:
    - containerID: docker://224ce922b04c5a1532f4cbd30de701527025548b9d31062b1c013d8fee456dc0
      image: busybox:1.28
      imageID: docker-pullable://busybox@sha256:141c253bc4c3fd0a201d32dc1f493bcf3fff003b6df416dea4f41046e0f37d47
      lastState: {}
      name: check-database-connection
      ready: true
      restartCount: 0
      state:
        terminated:
          containerID: docker://224ce922b04c5a1532f4cbd30de701527025548b9d31062b1c013d8fee456dc0
          exitCode: 0
          finishedAt: "2022-07-08T06:03:33Z"
          reason: Completed
          startedAt: "2022-07-08T06:03:13Z"
    - containerID: docker://725001f2a88479eb519828b94a08580591de06468e220c7b009899c1fde24cb1
      image: minio/mc:latest
      imageID: docker-pullable://minio/mc@sha256:5c0558ae24061be5441818993ff347108be10e8c809d004cfb721c56121f6ab9
      lastState: {}
      name: submarine-mlflow-initcontainer
      ready: true
      restartCount: 0
      state:
        terminated:
          containerID: docker://725001f2a88479eb519828b94a08580591de06468e220c7b009899c1fde24cb1
          exitCode: 0
          finishedAt: "2022-07-08T06:03:39Z"
          reason: Completed
          startedAt: "2022-07-08T06:03:39Z"
    phase: Running
    podIP: 10.244.0.152
    podIPs:
    - ip: 10.244.0.152
    qosClass: BestEffort
    startTime: "2022-07-08T06:03:05Z"
- apiVersion: v1
  kind: Pod
  metadata:
    annotations:
      timestamp: 2022-07-08 02:02:39.353126089 -0400 EDT m=+3.436022493
    creationTimestamp: "2022-07-08T06:02:40Z"
    generateName: submarine-operator-7f994f9ccc-
    labels:
      app: submarine-operator
      pod-template-hash: 7f994f9ccc
    name: submarine-operator-7f994f9ccc-qbpw2
    namespace: default
    ownerReferences:
    - apiVersion: apps/v1
      blockOwnerDeletion: true
      controller: true
      kind: ReplicaSet
      name: submarine-operator-7f994f9ccc
      uid: 8012fc2a-c802-4982-921a-b2c29f564d17
    resourceVersion: "1882628"
    selfLink: /api/v1/namespaces/default/pods/submarine-operator-7f994f9ccc-qbpw2
    uid: ea2ebb6a-843c-468f-9748-5095dd61ad37
  spec:
    containers:
    - env:
      - name: SUBMARINE_POD_SECURITY_POLICY_ENABLE
        value: "true"
      - name: SUBMARINE_CLUSTER_TYPE
        value: kubernetes
      image: apache/submarine:operator-0.7.0
      imagePullPolicy: IfNotPresent
      name: submarine-operator
      resources: {}
      terminationMessagePath: /dev/termination-log
      terminationMessagePolicy: File
      volumeMounts:
      - mountPath: /var/run/secrets/kubernetes.io/serviceaccount
        name: submarine-operator-token-88xjz
        readOnly: true
    dnsPolicy: ClusterFirst
    enableServiceLinks: true
    nodeName: blade02-k205-lab
    priority: 0
    restartPolicy: Always
    schedulerName: default-scheduler
    securityContext: {}
    serviceAccount: submarine-operator
    serviceAccountName: submarine-operator
    terminationGracePeriodSeconds: 30
    tolerations:
    - effect: NoExecute
      key: node.kubernetes.io/not-ready
      operator: Exists
      tolerationSeconds: 300
    - effect: NoExecute
      key: node.kubernetes.io/unreachable
      operator: Exists
      tolerationSeconds: 300
    volumes:
    - name: submarine-operator-token-88xjz
      secret:
        defaultMode: 420
        secretName: submarine-operator-token-88xjz
  status:
    conditions:
    - lastProbeTime: null
      lastTransitionTime: "2022-07-08T06:02:40Z"
      status: "True"
      type: Initialized
    - lastProbeTime: null
      lastTransitionTime: "2022-07-08T06:02:50Z"
      status: "True"
      type: Ready
    - lastProbeTime: null
      lastTransitionTime: "2022-07-08T06:02:50Z"
      status: "True"
      type: ContainersReady
    - lastProbeTime: null
      lastTransitionTime: "2022-07-08T06:02:40Z"
      status: "True"
      type: PodScheduled
    containerStatuses:
    - containerID: docker://42b21fe0f939d7f3604ebd852b792e90429a5734766d19aeb0f32ed779eb7a45
      image: apache/submarine:operator-0.7.0
      imageID: docker-pullable://apache/submarine@sha256:cd8b9a3c1e4a367ecf9df45e4ea8e78b9be0d347db5a70b3910cca87e73c4f28
      lastState: {}
      name: submarine-operator
      ready: true
      restartCount: 0
      started: true
      state:
        running:
          startedAt: "2022-07-08T06:02:48Z"
    hostIP: 120.108.205.162
    phase: Running
    podIP: 10.244.0.146
    podIPs:
    - ip: 10.244.0.146
    qosClass: BestEffort
    startTime: "2022-07-08T06:02:40Z"
- apiVersion: v1
  kind: Pod
  metadata:
    creationTimestamp: "2022-07-08T06:03:04Z"
    generateName: submarine-server-558bd8ffbb-
    labels:
      app: submarine-server
      pod-template-hash: 558bd8ffbb
    name: submarine-server-558bd8ffbb-q5xs5
    namespace: default
    ownerReferences:
    - apiVersion: apps/v1
      blockOwnerDeletion: true
      controller: true
      kind: ReplicaSet
      name: submarine-server-558bd8ffbb
      uid: 1d4f3879-f8d4-4d51-a671-c7cfe3f0e226
    resourceVersion: "1882875"
    selfLink: /api/v1/namespaces/default/pods/submarine-server-558bd8ffbb-q5xs5
    uid: 0782c736-e820-47aa-af17-685a04d92996
  spec:
    containers:
    - env:
      - name: SUBMARINE_SERVER_PORT
        value: "8080"
      - name: SUBMARINE_SERVER_PORT_8080_TCP
        value: "8080"
      - name: K8S_APISERVER_URL
        value: kubernetes.default.svc
      - name: SUBMARINE_SERVER_DNS_NAME
        value: submarine-server.default
      - name: ENV_NAMESPACE
        valueFrom:
          fieldRef:
            apiVersion: v1
            fieldPath: metadata.namespace
      - name: SUBMARINE_APIVERSION
        value: submarine.apache.org/v1alpha1
      - name: SUBMARINE_KIND
        value: Submarine
      - name: SUBMARINE_NAME
        value: example-submarine
      - name: SUBMARINE_UID
        value: a8c3d432-2135-4493-99de-1d2bc54135d9
      image: apache/submarine:server-0.7.0
      imagePullPolicy: IfNotPresent
      name: submarine-server
      ports:
      - containerPort: 8080
        protocol: TCP
      resources: {}
      terminationMessagePath: /dev/termination-log
      terminationMessagePolicy: File
      volumeMounts:
      - mountPath: /var/run/secrets/kubernetes.io/serviceaccount
        name: submarine-server-token-glzvc
        readOnly: true
    dnsPolicy: ClusterFirst
    enableServiceLinks: true
    initContainers:
    - command:
      - /bin/bash
      - -c
      - 'cnt=0; while ! /bin/bash -c ''mc --config-dir /root/.mc config host add minio
        http://submarine-minio-service:9000 submarine_minio submarine_minio'' 2>&1;
        do sleep 15; ((cnt=cnt+1)); if [ $cnt -eq 80 ];then echo ''ERROR: wait too
        long for minio pod''; exit 1; fi; done; if /bin/bash -c ''mc --config-dir
        /root/.mc ls minio/submarine'' >/dev/null 2>&1; then echo ''Bucket minio/submarine
        already exists, skipping creation.''; else /bin/bash -c ''mc --config-dir
        /root/.mc mb minio/submarine''; fi;'
      image: minio/mc
      imagePullPolicy: Always
      name: submarine-server-initcontainer
      resources: {}
      terminationMessagePath: /dev/termination-log
      terminationMessagePolicy: File
      volumeMounts:
      - mountPath: /root/.mc
        name: mc-config-vol
      - mountPath: /var/run/secrets/kubernetes.io/serviceaccount
        name: submarine-server-token-glzvc
        readOnly: true
    nodeName: blade02-k205-lab
    priority: 0
    restartPolicy: Always
    schedulerName: default-scheduler
    securityContext: {}
    serviceAccount: submarine-server
    serviceAccountName: submarine-server
    terminationGracePeriodSeconds: 30
    tolerations:
    - effect: NoExecute
      key: node.kubernetes.io/not-ready
      operator: Exists
      tolerationSeconds: 300
    - effect: NoExecute
      key: node.kubernetes.io/unreachable
      operator: Exists
      tolerationSeconds: 300
    volumes:
    - emptyDir: {}
      name: mc-config-vol
    - name: submarine-server-token-glzvc
      secret:
        defaultMode: 420
        secretName: submarine-server-token-glzvc
  status:
    conditions:
    - lastProbeTime: null
      lastTransitionTime: "2022-07-08T06:03:17Z"
      status: "True"
      type: Initialized
    - lastProbeTime: null
      lastTransitionTime: "2022-07-08T06:03:19Z"
      status: "True"
      type: Ready
    - lastProbeTime: null
      lastTransitionTime: "2022-07-08T06:03:19Z"
      status: "True"
      type: ContainersReady
    - lastProbeTime: null
      lastTransitionTime: "2022-07-08T06:03:04Z"
      status: "True"
      type: PodScheduled
    containerStatuses:
    - containerID: docker://dc646213cfdb273452ab3a78f32ee136c0e0b73e61634da5721dbdb1d8e3f8b2
      image: apache/submarine:server-0.7.0
      imageID: docker://sha256:3373b9ff445cb2728d7c52b9131ca91cfd5eb74e7f36669f1452b63abdfdee27
      lastState: {}
      name: submarine-server
      ready: true
      restartCount: 0
      started: true
      state:
        running:
          startedAt: "2022-07-08T06:03:19Z"
    hostIP: 120.108.205.162
    initContainerStatuses:
    - containerID: docker://3ad4cd129b63d02a893dccc4a7773edaaf2893f273969a193fca6775225bfccd
      image: minio/mc:latest
      imageID: docker-pullable://minio/mc@sha256:5c0558ae24061be5441818993ff347108be10e8c809d004cfb721c56121f6ab9
      lastState: {}
      name: submarine-server-initcontainer
      ready: true
      restartCount: 0
      state:
        terminated:
          containerID: docker://3ad4cd129b63d02a893dccc4a7773edaaf2893f273969a193fca6775225bfccd
          exitCode: 0
          finishedAt: "2022-07-08T06:03:16Z"
          reason: Completed
          startedAt: "2022-07-08T06:03:16Z"
    phase: Running
    podIP: 10.244.0.150
    podIPs:
    - ip: 10.244.0.150
    qosClass: BestEffort
    startTime: "2022-07-08T06:03:04Z"
- apiVersion: v1
  kind: Pod
  metadata:
    creationTimestamp: "2022-07-08T06:03:04Z"
    generateName: submarine-tensorboard-5c6df48f4d-
    labels:
      app: submarine-tensorboard
      pod-template-hash: 5c6df48f4d
    name: submarine-tensorboard-5c6df48f4d-t78dz
    namespace: default
    ownerReferences:
    - apiVersion: apps/v1
      blockOwnerDeletion: true
      controller: true
      kind: ReplicaSet
      name: submarine-tensorboard-5c6df48f4d
      uid: fb111345-91d9-4918-813b-0e58ec1fa886
    resourceVersion: "1921496"
    selfLink: /api/v1/namespaces/default/pods/submarine-tensorboard-5c6df48f4d-t78dz
    uid: 95b37834-08fa-4cce-b99e-4319b92755b2
  spec:
    containers:
    - command:
      - tensorboard
      - --logdir=/logs
      - --path_prefix=/tensorboard
      image: tensorflow/tensorflow:1.11.0
      imagePullPolicy: IfNotPresent
      name: submarine-tensorboard-container
      ports:
      - containerPort: 6006
        protocol: TCP
      readinessProbe:
        failureThreshold: 3
        periodSeconds: 10
        successThreshold: 1
        tcpSocket:
          port: 6006
        timeoutSeconds: 1
      resources: {}
      terminationMessagePath: /dev/termination-log
      terminationMessagePolicy: File
      volumeMounts:
      - mountPath: /logs
        name: volume
        subPath: submarine-tensorboard
      - mountPath: /var/run/secrets/kubernetes.io/serviceaccount
        name: submarine-storage-token-mnv4k
        readOnly: true
    dnsPolicy: ClusterFirst
    enableServiceLinks: true
    nodeName: blade02-k205-lab
    priority: 0
    restartPolicy: Always
    schedulerName: default-scheduler
    securityContext: {}
    serviceAccount: submarine-storage
    serviceAccountName: submarine-storage
    terminationGracePeriodSeconds: 30
    tolerations:
    - effect: NoExecute
      key: node.kubernetes.io/not-ready
      operator: Exists
      tolerationSeconds: 300
    - effect: NoExecute
      key: node.kubernetes.io/unreachable
      operator: Exists
      tolerationSeconds: 300
    volumes:
    - name: volume
      persistentVolumeClaim:
        claimName: submarine-tensorboard-pvc
    - name: submarine-storage-token-mnv4k
      secret:
        defaultMode: 420
        secretName: submarine-storage-token-mnv4k
  status:
    conditions:
    - lastProbeTime: null
      lastTransitionTime: "2022-07-08T06:03:04Z"
      status: "True"
      type: Initialized
    - lastProbeTime: null
      lastTransitionTime: "2022-07-08T06:03:04Z"
      message: 'containers with unready status: [submarine-tensorboard-container]'
      reason: ContainersNotReady
      status: "False"
      type: Ready
    - lastProbeTime: null
      lastTransitionTime: "2022-07-08T06:03:04Z"
      message: 'containers with unready status: [submarine-tensorboard-container]'
      reason: ContainersNotReady
      status: "False"
      type: ContainersReady
    - lastProbeTime: null
      lastTransitionTime: "2022-07-08T06:03:04Z"
      status: "True"
      type: PodScheduled
    containerStatuses:
    - containerID: docker://4f6291feea4acd2a0377bca08402de8a8881a8d2a9f54a2bfc0899f99b87a3cc
      image: tensorflow/tensorflow:1.11.0
      imageID: docker-pullable://tensorflow/tensorflow@sha256:d281f434df9538eb103924245918c56434cd7d89a5d8925b8318a50be936a52e
      lastState:
        terminated:
          containerID: docker://4f6291feea4acd2a0377bca08402de8a8881a8d2a9f54a2bfc0899f99b87a3cc
          exitCode: 132
          finishedAt: "2022-07-08T08:32:28Z"
          reason: Error
          startedAt: "2022-07-08T08:32:28Z"
      name: submarine-tensorboard-container
      ready: false
      restartCount: 34
      started: false
      state:
        waiting:
          message: back-off 5m0s restarting failed container=submarine-tensorboard-container
            pod=submarine-tensorboard-5c6df48f4d-t78dz_default(95b37834-08fa-4cce-b99e-4319b92755b2)
          reason: CrashLoopBackOff
    hostIP: 120.108.205.162
    phase: Running
    podIP: 10.244.0.149
    podIPs:
    - ip: 10.244.0.149
    qosClass: BestEffort
    startTime: "2022-07-08T06:03:04Z"
- apiVersion: v1
  kind: Pod
  metadata:
    creationTimestamp: "2022-07-08T06:02:40Z"
    generateName: submarine-traefik-d55c689b5-
    labels:
      app.kubernetes.io/instance: submarine
      app.kubernetes.io/managed-by: Helm
      app.kubernetes.io/name: traefik
      helm.sh/chart: traefik-9.1.0
      pod-template-hash: d55c689b5
    name: submarine-traefik-d55c689b5-qdlhh
    namespace: default
    ownerReferences:
    - apiVersion: apps/v1
      blockOwnerDeletion: true
      controller: true
      kind: ReplicaSet
      name: submarine-traefik-d55c689b5
      uid: e2575782-7624-49a2-bc6e-c9de18993e4d
    resourceVersion: "1882666"
    selfLink: /api/v1/namespaces/default/pods/submarine-traefik-d55c689b5-qdlhh
    uid: ef0f70b8-c816-4e23-b6b2-8beec9a74eea
  spec:
    containers:
    - args:
      - --global.checknewversion
      - --global.sendanonymoususage
      - --entryPoints.traefik.address=:9000/tcp
      - --entryPoints.web.address=:8000/tcp
      - --entryPoints.websecure.address=:8443/tcp
      - --api.dashboard=true
      - --ping=true
      - --providers.kubernetescrd
      - --providers.kubernetesingress
      image: traefik:2.2.8
      imagePullPolicy: IfNotPresent
      livenessProbe:
        failureThreshold: 3
        httpGet:
          path: /ping
          port: 9000
          scheme: HTTP
        initialDelaySeconds: 10
        periodSeconds: 10
        successThreshold: 1
        timeoutSeconds: 2
      name: submarine-traefik
      ports:
      - containerPort: 9000
        name: traefik
        protocol: TCP
      - containerPort: 8000
        name: web
        protocol: TCP
      - containerPort: 8443
        name: websecure
        protocol: TCP
      readinessProbe:
        failureThreshold: 1
        httpGet:
          path: /ping
          port: 9000
          scheme: HTTP
        initialDelaySeconds: 10
        periodSeconds: 10
        successThreshold: 1
        timeoutSeconds: 2
      resources: {}
      securityContext:
        capabilities:
          drop:
          - ALL
        readOnlyRootFilesystem: true
        runAsGroup: 65532
        runAsNonRoot: true
        runAsUser: 65532
      terminationMessagePath: /dev/termination-log
      terminationMessagePolicy: File
      volumeMounts:
      - mountPath: /data
        name: data
      - mountPath: /tmp
        name: tmp
      - mountPath: /var/run/secrets/kubernetes.io/serviceaccount
        name: submarine-traefik-token-ckkk7
        readOnly: true
    dnsPolicy: ClusterFirst
    enableServiceLinks: true
    nodeName: blade02-k205-lab
    priority: 0
    restartPolicy: Always
    schedulerName: default-scheduler
    securityContext:
      fsGroup: 65532
    serviceAccount: submarine-traefik
    serviceAccountName: submarine-traefik
    terminationGracePeriodSeconds: 60
    tolerations:
    - effect: NoExecute
      key: node.kubernetes.io/not-ready
      operator: Exists
      tolerationSeconds: 300
    - effect: NoExecute
      key: node.kubernetes.io/unreachable
      operator: Exists
      tolerationSeconds: 300
    volumes:
    - emptyDir: {}
      name: data
    - emptyDir: {}
      name: tmp
    - name: submarine-traefik-token-ckkk7
      secret:
        defaultMode: 420
        secretName: submarine-traefik-token-ckkk7
  status:
    conditions:
    - lastProbeTime: null
      lastTransitionTime: "2022-07-08T06:02:40Z"
      status: "True"
      type: Initialized
    - lastProbeTime: null
      lastTransitionTime: "2022-07-08T06:03:02Z"
      status: "True"
      type: Ready
    - lastProbeTime: null
      lastTransitionTime: "2022-07-08T06:03:02Z"
      status: "True"
      type: ContainersReady
    - lastProbeTime: null
      lastTransitionTime: "2022-07-08T06:02:40Z"
      status: "True"
      type: PodScheduled
    containerStatuses:
    - containerID: docker://d1e1aaac5e67c8bcc3bdbe06cbe081de920d1098cac0228ac8dceb21335661d4
      image: traefik:2.2.8
      imageID: docker-pullable://traefik@sha256:f5af5a5ce17fc3e353b507e8acce65d7f28126408a8c92dc3cac246d023dc9e8
      lastState: {}
      name: submarine-traefik
      ready: true
      restartCount: 0
      started: true
      state:
        running:
          startedAt: "2022-07-08T06:02:48Z"
    hostIP: 120.108.205.162
    phase: Running
    podIP: 10.244.0.145
    podIPs:
    - ip: 10.244.0.145
    qosClass: BestEffort
    startTime: "2022-07-08T06:02:40Z"
- apiVersion: v1
  kind: Pod
  metadata:
    creationTimestamp: "2022-07-08T06:02:40Z"
    generateName: tf-job-operator-598686fd84-
    labels:
      app: tf-job-operator
      name: tf-job-operator
      pod-template-hash: 598686fd84
    name: tf-job-operator-598686fd84-9cmdq
    namespace: default
    ownerReferences:
    - apiVersion: apps/v1
      blockOwnerDeletion: true
      controller: true
      kind: ReplicaSet
      name: tf-job-operator-598686fd84
      uid: 66851d58-8e63-471b-9b8e-2aebdfbf82f9
    resourceVersion: "1882616"
    selfLink: /api/v1/namespaces/default/pods/tf-job-operator-598686fd84-9cmdq
    uid: 0b1cb62d-ede6-454d-9f20-da76d7f8a146
  spec:
    containers:
    - args:
      - --alsologtostderr
      - -v=1
      - --monitoring-port=8443
      env:
      - name: MY_POD_NAMESPACE
        valueFrom:
          fieldRef:
            apiVersion: v1
            fieldPath: metadata.namespace
      - name: MY_POD_NAME
        valueFrom:
          fieldRef:
            apiVersion: v1
            fieldPath: metadata.name
      image: apache/submarine:tf_operator-v1.1.0-g92389064
      imagePullPolicy: IfNotPresent
      name: tf-job-operator
      resources: {}
      terminationMessagePath: /dev/termination-log
      terminationMessagePolicy: File
      volumeMounts:
      - mountPath: /var/run/secrets/kubernetes.io/serviceaccount
        name: tf-job-operator-token-w8vs8
        readOnly: true
    dnsPolicy: ClusterFirst
    enableServiceLinks: true
    nodeName: blade02-k205-lab
    priority: 0
    restartPolicy: Always
    schedulerName: default-scheduler
    securityContext: {}
    serviceAccount: tf-job-operator
    serviceAccountName: tf-job-operator
    terminationGracePeriodSeconds: 30
    tolerations:
    - effect: NoExecute
      key: node.kubernetes.io/not-ready
      operator: Exists
      tolerationSeconds: 300
    - effect: NoExecute
      key: node.kubernetes.io/unreachable
      operator: Exists
      tolerationSeconds: 300
    volumes:
    - name: tf-job-operator-token-w8vs8
      secret:
        defaultMode: 420
        secretName: tf-job-operator-token-w8vs8
  status:
    conditions:
    - lastProbeTime: null
      lastTransitionTime: "2022-07-08T06:02:40Z"
      status: "True"
      type: Initialized
    - lastProbeTime: null
      lastTransitionTime: "2022-07-08T06:02:49Z"
      status: "True"
      type: Ready
    - lastProbeTime: null
      lastTransitionTime: "2022-07-08T06:02:49Z"
      status: "True"
      type: ContainersReady
    - lastProbeTime: null
      lastTransitionTime: "2022-07-08T06:02:40Z"
      status: "True"
      type: PodScheduled
    containerStatuses:
    - containerID: docker://ab56ad5b1d9a33a48d0348f8f2e810ac4c05d12b4b7599ea3198644a58a198a5
      image: apache/submarine:tf_operator-v1.1.0-g92389064
      imageID: docker-pullable://apache/submarine@sha256:bf455b1cc183b6537f8cf7446e105e3a6e8154123a28298b1a2234c0ab0a3de6
      lastState: {}
      name: tf-job-operator
      ready: true
      restartCount: 0
      started: true
      state:
        running:
          startedAt: "2022-07-08T06:02:48Z"
    hostIP: 120.108.205.162
    phase: Running
    podIP: 10.244.0.144
    podIPs:
    - ip: 10.244.0.144
    qosClass: BestEffort
    startTime: "2022-07-08T06:02:40Z"
kind: List
metadata:
  resourceVersion: ""
  selfLink: ""
