Name:         experiment-1658207605530-0016
Namespace:    default
Labels:       submarine-experiment-name=ddp-example
Annotations:  <none>
API Version:  kubeflow.org/v1
Kind:         PyTorchJob
Metadata:
  Creation Timestamp:  2022-07-19T07:57:36Z
  Generation:          1
  Owner References:
    API Version:           submarine.apache.org/v1alpha1
    Block Owner Deletion:  true
    Controller:            true
    Kind:                  Submarine
    Name:                  example-submarine
    UID:                   b9247a35-671d-48c9-a1fc-1799832c36ad
  Resource Version:        4171840
  Self Link:               /apis/kubeflow.org/v1/namespaces/default/pytorchjobs/experiment-1658207605530-0016
  UID:                     358deb6e-966f-4ad3-81d2-a9c2b4876e56
Spec:
  Backoff Limit:  3
  Pytorch Replica Specs:
    Master:
      Replicas:        1
      Restart Policy:  OnFailure
      Template:
        Spec:
          Containers:
            Command:
              python
              /opt/mnist_distributed.py
            Env:
              Name:   ENV_1
              Value:  ENV1
              Name:   JOB_ID
              Value:  experiment-1658207605530-0016
              Name:   SUBMARINE_TRACKING_URI
              Value:  mysql+pymysql://submarine:password@submarine-database:3306/submarine
              Name:   SUBMARINE_TENSORBOARD_LOG_DIR
              Value:  /logs/mylog
            Image:    0yukali0/ddp:0.7.0_nn_data
            Name:     pytorch
            Resources:
              Limits:
                Cpu:     1
                Memory:  1024M
              Requests:
                Cpu:     1
                Memory:  512M
            Volume Mounts:
              Mount Path:  /logs
              Name:        volume
              Sub Path:    submarine-tensorboard/ddp-example
          Volumes:
            Name:  volume
            Persistent Volume Claim:
              Claim Name:  submarine-tensorboard-pvc
    Worker:
      Replicas:        15
      Restart Policy:  OnFailure
      Template:
        Spec:
          Containers:
            Command:
              python
              /opt/mnist_distributed.py
            Env:
              Name:   ENV_1
              Value:  ENV1
              Name:   JOB_ID
              Value:  experiment-1658207605530-0016
              Name:   SUBMARINE_TRACKING_URI
              Value:  mysql+pymysql://submarine:password@submarine-database:3306/submarine
              Name:   SUBMARINE_TENSORBOARD_LOG_DIR
              Value:  /logs/mylog
            Image:    0yukali0/ddp:0.7.0_nn_data
            Name:     pytorch
            Resources:
              Limits:
                Cpu:     1
                Memory:  1024M
              Requests:
                Cpu:     1
                Memory:  512M
            Volume Mounts:
              Mount Path:  /logs
              Name:        volume
              Sub Path:    submarine-tensorboard/ddp-example
          Volumes:
            Name:  volume
            Persistent Volume Claim:
              Claim Name:  submarine-tensorboard-pvc
Status:
  Completion Time:  2022-07-19T08:04:18Z
  Conditions:
    Last Transition Time:  2022-07-19T07:57:36Z
    Last Update Time:      2022-07-19T07:57:36Z
    Message:               PyTorchJob experiment-1658207605530-0016 is created.
    Reason:                PyTorchJobCreated
    Status:                True
    Type:                  Created
    Last Transition Time:  2022-07-19T07:57:43Z
    Last Update Time:      2022-07-19T07:57:43Z
    Message:               PyTorchJob experiment-1658207605530-0016 is running.
    Reason:                PyTorchJobRunning
    Status:                False
    Type:                  Running
    Last Transition Time:  2022-07-19T08:04:18Z
    Last Update Time:      2022-07-19T08:04:18Z
    Message:               PyTorchJob experiment-1658207605530-0016 is successfully completed.
    Reason:                PyTorchJobSucceeded
    Status:                True
    Type:                  Succeeded
  Replica Statuses:
    Master:
      Succeeded:  1
    Worker:
      Succeeded:  15
  Start Time:     2022-07-19T07:57:36Z
Events:
  Type    Reason                   Age                    From              Message
  ----    ------                   ----                   ----              -------
  Normal  SuccessfulCreatePod      8m1s                   pytorch-operator  Created pod: experiment-1658207605530-0016-master-0
  Normal  SuccessfulCreateService  8m1s                   pytorch-operator  Created service: experiment-1658207605530-0016-master-0
  Normal  SuccessfulCreatePod      8m                     pytorch-operator  Created pod: experiment-1658207605530-0016-worker-0
  Normal  SuccessfulCreatePod      8m                     pytorch-operator  Created pod: experiment-1658207605530-0016-worker-1
  Normal  SuccessfulCreatePod      8m                     pytorch-operator  Created pod: experiment-1658207605530-0016-worker-2
  Normal  SuccessfulCreatePod      8m                     pytorch-operator  Created pod: experiment-1658207605530-0016-worker-3
  Normal  SuccessfulCreatePod      8m                     pytorch-operator  Created pod: experiment-1658207605530-0016-worker-4
  Normal  SuccessfulCreatePod      7m59s                  pytorch-operator  Created pod: experiment-1658207605530-0016-worker-5
  Normal  SuccessfulCreatePod      7m59s                  pytorch-operator  Created pod: experiment-1658207605530-0016-worker-6
  Normal  SuccessfulCreatePod      7m59s                  pytorch-operator  Created pod: experiment-1658207605530-0016-worker-7
  Normal  SuccessfulCreatePod      7m56s (x7 over 7m58s)  pytorch-operator  (combined from similar events): Created pod: experiment-1658207605530-0016-worker-14
  Normal  PyTorchJobSucceeded      79s                    pytorch-operator  PyTorchJob experiment-1658207605530-0016 is successfully completed.
