Name:         experiment-1658207605530-0029
Namespace:    default
Labels:       submarine-experiment-name=ddp-example
Annotations:  <none>
API Version:  kubeflow.org/v1
Kind:         PyTorchJob
Metadata:
  Creation Timestamp:  2022-07-19T11:21:04Z
  Generation:          1
  Owner References:
    API Version:           submarine.apache.org/v1alpha1
    Block Owner Deletion:  true
    Controller:            true
    Kind:                  Submarine
    Name:                  example-submarine
    UID:                   b9247a35-671d-48c9-a1fc-1799832c36ad
  Resource Version:        4214787
  Self Link:               /apis/kubeflow.org/v1/namespaces/default/pytorchjobs/experiment-1658207605530-0029
  UID:                     9ef8986c-859b-4134-8cb3-e94b2aced40c
Spec:
  Backoff Limit:  3
  Pytorch Replica Specs:
    Master:
      Replicas:        1
      Restart Policy:  OnFailure
      Template:
        Spec:
          Containers:
            Command:
              python
              /opt/mnist_distributed.py
            Env:
              Name:   ENV_1
              Value:  ENV1
              Name:   JOB_ID
              Value:  experiment-1658207605530-0029
              Name:   SUBMARINE_TRACKING_URI
              Value:  mysql+pymysql://submarine:password@submarine-database:3306/submarine
              Name:   SUBMARINE_TENSORBOARD_LOG_DIR
              Value:  /logs/mylog
            Image:    0yukali0/ddp:0.7.0_nn_data
            Name:     pytorch
            Resources:
              Limits:
                Cpu:     1
                Memory:  1024M
              Requests:
                Cpu:     1
                Memory:  512M
            Volume Mounts:
              Mount Path:  /logs
              Name:        volume
              Sub Path:    submarine-tensorboard/ddp-example
          Volumes:
            Name:  volume
            Persistent Volume Claim:
              Claim Name:  submarine-tensorboard-pvc
    Worker:
      Replicas:        7
      Restart Policy:  OnFailure
      Template:
        Spec:
          Containers:
            Command:
              python
              /opt/mnist_distributed.py
            Env:
              Name:   ENV_1
              Value:  ENV1
              Name:   JOB_ID
              Value:  experiment-1658207605530-0029
              Name:   SUBMARINE_TRACKING_URI
              Value:  mysql+pymysql://submarine:password@submarine-database:3306/submarine
              Name:   SUBMARINE_TENSORBOARD_LOG_DIR
              Value:  /logs/mylog
            Image:    0yukali0/ddp:0.7.0_nn_data
            Name:     pytorch
            Resources:
              Limits:
                Cpu:     1
                Memory:  1024M
              Requests:
                Cpu:     1
                Memory:  512M
            Volume Mounts:
              Mount Path:  /logs
              Name:        volume
              Sub Path:    submarine-tensorboard/ddp-example
          Volumes:
            Name:  volume
            Persistent Volume Claim:
              Claim Name:  submarine-tensorboard-pvc
Status:
  Completion Time:  2022-07-19T11:28:21Z
  Conditions:
    Last Transition Time:  2022-07-19T11:21:04Z
    Last Update Time:      2022-07-19T11:21:04Z
    Message:               PyTorchJob experiment-1658207605530-0029 is created.
    Reason:                PyTorchJobCreated
    Status:                True
    Type:                  Created
    Last Transition Time:  2022-07-19T11:21:10Z
    Last Update Time:      2022-07-19T11:21:10Z
    Message:               PyTorchJob experiment-1658207605530-0029 is running.
    Reason:                PyTorchJobRunning
    Status:                False
    Type:                  Running
    Last Transition Time:  2022-07-19T11:28:21Z
    Last Update Time:      2022-07-19T11:28:21Z
    Message:               PyTorchJob experiment-1658207605530-0029 is successfully completed.
    Reason:                PyTorchJobSucceeded
    Status:                True
    Type:                  Succeeded
  Replica Statuses:
    Master:
      Succeeded:  1
    Worker:
      Succeeded:  7
  Start Time:     2022-07-19T11:21:04Z
Events:
  Type    Reason                   Age   From              Message
  ----    ------                   ----  ----              -------
  Normal  SuccessfulCreatePod      8m4s  pytorch-operator  Created pod: experiment-1658207605530-0029-master-0
  Normal  SuccessfulCreateService  8m4s  pytorch-operator  Created service: experiment-1658207605530-0029-master-0
  Normal  SuccessfulCreatePod      8m4s  pytorch-operator  Created pod: experiment-1658207605530-0029-worker-0
  Normal  SuccessfulCreatePod      8m3s  pytorch-operator  Created pod: experiment-1658207605530-0029-worker-1
  Normal  SuccessfulCreatePod      8m3s  pytorch-operator  Created pod: experiment-1658207605530-0029-worker-2
  Normal  SuccessfulCreatePod      8m3s  pytorch-operator  Created pod: experiment-1658207605530-0029-worker-3
  Normal  SuccessfulCreatePod      8m3s  pytorch-operator  Created pod: experiment-1658207605530-0029-worker-4
  Normal  SuccessfulCreatePod      8m3s  pytorch-operator  Created pod: experiment-1658207605530-0029-worker-5
  Normal  SuccessfulCreatePod      8m3s  pytorch-operator  Created pod: experiment-1658207605530-0029-worker-6
  Normal  PyTorchJobSucceeded      47s   pytorch-operator  PyTorchJob experiment-1658207605530-0029 is successfully completed.
