apiVersion: v1
items:
- apiVersion: v1
  kind: Pod
  metadata:
    creationTimestamp: "2022-07-19T11:21:04Z"
    labels:
      controller-name: pytorch-operator
      group-name: kubeflow.org
      job-name: experiment-1658207605530-0029
      job-role: master
      pytorch-job-name: experiment-1658207605530-0029
      pytorch-replica-index: "0"
      pytorch-replica-type: master
    name: experiment-1658207605530-0029-master-0
    namespace: default
    ownerReferences:
    - apiVersion: kubeflow.org/v1
      blockOwnerDeletion: true
      controller: true
      kind: PyTorchJob
      name: experiment-1658207605530-0029
      uid: 9ef8986c-859b-4134-8cb3-e94b2aced40c
    resourceVersion: "4214783"
    selfLink: /api/v1/namespaces/default/pods/experiment-1658207605530-0029-master-0
    uid: ee1b7742-7727-42a8-b49a-3522ac87b17e
  spec:
    containers:
    - command:
      - python
      - /opt/mnist_distributed.py
      env:
      - name: ENV_1
        value: ENV1
      - name: JOB_ID
        value: experiment-1658207605530-0029
      - name: SUBMARINE_TRACKING_URI
        value: mysql+pymysql://submarine:password@submarine-database:3306/submarine
      - name: SUBMARINE_TENSORBOARD_LOG_DIR
        value: /logs/mylog
      - name: MASTER_PORT
        value: "23456"
      - name: MASTER_ADDR
        value: localhost
      - name: WORLD_SIZE
        value: "8"
      - name: RANK
        value: "0"
      - name: PYTHONUNBUFFERED
        value: "0"
      image: 0yukali0/ddp:0.7.0_nn_data
      imagePullPolicy: IfNotPresent
      name: pytorch
      ports:
      - containerPort: 23456
        name: pytorchjob-port
        protocol: TCP
      resources:
        limits:
          cpu: "1"
          memory: 1024M
        requests:
          cpu: "1"
          memory: 512M
      terminationMessagePath: /dev/termination-log
      terminationMessagePolicy: File
      volumeMounts:
      - mountPath: /logs
        name: volume
        subPath: submarine-tensorboard/ddp-example
      - mountPath: /var/run/secrets/kubernetes.io/serviceaccount
        name: default-token-b7w6w
        readOnly: true
    dnsPolicy: ClusterFirst
    enableServiceLinks: true
    nodeName: blade05-k205-lab
    priority: 0
    restartPolicy: OnFailure
    schedulerName: default-scheduler
    securityContext: {}
    serviceAccount: default
    serviceAccountName: default
    terminationGracePeriodSeconds: 30
    tolerations:
    - effect: NoExecute
      key: node.kubernetes.io/not-ready
      operator: Exists
      tolerationSeconds: 300
    - effect: NoExecute
      key: node.kubernetes.io/unreachable
      operator: Exists
      tolerationSeconds: 300
    volumes:
    - name: volume
      persistentVolumeClaim:
        claimName: submarine-tensorboard-pvc
    - name: default-token-b7w6w
      secret:
        defaultMode: 420
        secretName: default-token-b7w6w
  status:
    conditions:
    - lastProbeTime: null
      lastTransitionTime: "2022-07-19T11:21:04Z"
      reason: PodCompleted
      status: "True"
      type: Initialized
    - lastProbeTime: null
      lastTransitionTime: "2022-07-19T11:28:21Z"
      reason: PodCompleted
      status: "False"
      type: Ready
    - lastProbeTime: null
      lastTransitionTime: "2022-07-19T11:28:21Z"
      reason: PodCompleted
      status: "False"
      type: ContainersReady
    - lastProbeTime: null
      lastTransitionTime: "2022-07-19T11:21:04Z"
      status: "True"
      type: PodScheduled
    containerStatuses:
    - containerID: docker://a7c477f83ab5133d74b770e495e6fd759376384f9e9edfca6d7c40a71887d937
      image: 0yukali0/ddp:0.7.0_nn_data
      imageID: docker-pullable://0yukali0/ddp@sha256:f5b997d665b8e547843214e537573c89e0289188bacdfbc930c852eb4cd06bd1
      lastState: {}
      name: pytorch
      ready: false
      restartCount: 0
      started: false
      state:
        terminated:
          containerID: docker://a7c477f83ab5133d74b770e495e6fd759376384f9e9edfca6d7c40a71887d937
          exitCode: 0
          finishedAt: "2022-07-19T11:28:20Z"
          reason: Completed
          startedAt: "2022-07-19T11:21:09Z"
    hostIP: 120.108.205.165
    phase: Succeeded
    podIP: 10.244.2.172
    podIPs:
    - ip: 10.244.2.172
    qosClass: Burstable
    startTime: "2022-07-19T11:21:04Z"
- apiVersion: v1
  kind: Pod
  metadata:
    creationTimestamp: "2022-07-19T11:21:04Z"
    name: experiment-1658207605530-0029-pytorchjob-ddp-example-agent
    namespace: default
    resourceVersion: "4214792"
    selfLink: /api/v1/namespaces/default/pods/experiment-1658207605530-0029-pytorchjob-ddp-example-agent
    uid: 1e2118eb-645f-4729-8daf-34ae04514a1b
  spec:
    containers:
    - env:
      - name: CUSTOM_RESOURCE_TYPE
        value: PyTorchJob
      - name: CUSTOM_RESOURCE_NAME
        value: ddp-example
      - name: NAMESPACE
        value: default
      - name: SERVER_HOST
        value: submarine-server
      - name: SERVER_PORT
        value: "8080"
      - name: CUSTOM_RESOURCE_ID
        value: experiment-1658207605530-0029
      image: apache/submarine:agent-0.7.0
      imagePullPolicy: IfNotPresent
      name: agent
      resources: {}
      terminationMessagePath: /dev/termination-log
      terminationMessagePolicy: File
      volumeMounts:
      - mountPath: /var/run/secrets/kubernetes.io/serviceaccount
        name: default-token-b7w6w
        readOnly: true
    dnsPolicy: ClusterFirst
    enableServiceLinks: true
    nodeName: blade06-k205-lab
    priority: 0
    restartPolicy: OnFailure
    schedulerName: default-scheduler
    securityContext: {}
    serviceAccount: default
    serviceAccountName: default
    terminationGracePeriodSeconds: 30
    tolerations:
    - effect: NoExecute
      key: node.kubernetes.io/not-ready
      operator: Exists
      tolerationSeconds: 300
    - effect: NoExecute
      key: node.kubernetes.io/unreachable
      operator: Exists
      tolerationSeconds: 300
    volumes:
    - name: default-token-b7w6w
      secret:
        defaultMode: 420
        secretName: default-token-b7w6w
  status:
    conditions:
    - lastProbeTime: null
      lastTransitionTime: "2022-07-19T11:21:04Z"
      reason: PodCompleted
      status: "True"
      type: Initialized
    - lastProbeTime: null
      lastTransitionTime: "2022-07-19T11:28:22Z"
      reason: PodCompleted
      status: "False"
      type: Ready
    - lastProbeTime: null
      lastTransitionTime: "2022-07-19T11:28:22Z"
      reason: PodCompleted
      status: "False"
      type: ContainersReady
    - lastProbeTime: null
      lastTransitionTime: "2022-07-19T11:21:04Z"
      status: "True"
      type: PodScheduled
    containerStatuses:
    - containerID: docker://1c488317ac7aafd7f511700d1f1938d7010bdf6a60434ed6ff5113cc5a853864
      image: apache/submarine:agent-0.7.0
      imageID: docker-pullable://apache/submarine@sha256:9c14c62478786eb9d7bbe74ca1aed48cd6ae4cb318bd9da149456926cd5c6474
      lastState: {}
      name: agent
      ready: false
      restartCount: 0
      started: false
      state:
        terminated:
          containerID: docker://1c488317ac7aafd7f511700d1f1938d7010bdf6a60434ed6ff5113cc5a853864
          exitCode: 0
          finishedAt: "2022-07-19T11:28:21Z"
          reason: Completed
          startedAt: "2022-07-19T11:21:09Z"
    hostIP: 120.108.205.166
    phase: Succeeded
    podIP: 10.244.3.185
    podIPs:
    - ip: 10.244.3.185
    qosClass: BestEffort
    startTime: "2022-07-19T11:21:04Z"
- apiVersion: v1
  kind: Pod
  metadata:
    creationTimestamp: "2022-07-19T11:21:04Z"
    labels:
      controller-name: pytorch-operator
      group-name: kubeflow.org
      job-name: experiment-1658207605530-0029
      pytorch-job-name: experiment-1658207605530-0029
      pytorch-replica-index: "0"
      pytorch-replica-type: worker
    name: experiment-1658207605530-0029-worker-0
    namespace: default
    ownerReferences:
    - apiVersion: kubeflow.org/v1
      blockOwnerDeletion: true
      controller: true
      kind: PyTorchJob
      name: experiment-1658207605530-0029
      uid: 9ef8986c-859b-4134-8cb3-e94b2aced40c
    resourceVersion: "4214770"
    selfLink: /api/v1/namespaces/default/pods/experiment-1658207605530-0029-worker-0
    uid: 95fbfc97-9797-41e6-8e7f-43cb1b4507d5
  spec:
    containers:
    - command:
      - python
      - /opt/mnist_distributed.py
      env:
      - name: ENV_1
        value: ENV1
      - name: JOB_ID
        value: experiment-1658207605530-0029
      - name: SUBMARINE_TRACKING_URI
        value: mysql+pymysql://submarine:password@submarine-database:3306/submarine
      - name: SUBMARINE_TENSORBOARD_LOG_DIR
        value: /logs/mylog
      - name: MASTER_PORT
        value: "23456"
      - name: MASTER_ADDR
        value: experiment-1658207605530-0029-master-0
      - name: WORLD_SIZE
        value: "8"
      - name: RANK
        value: "1"
      - name: PYTHONUNBUFFERED
        value: "0"
      image: 0yukali0/ddp:0.7.0_nn_data
      imagePullPolicy: IfNotPresent
      name: pytorch
      resources:
        limits:
          cpu: "1"
          memory: 1024M
        requests:
          cpu: "1"
          memory: 512M
      terminationMessagePath: /dev/termination-log
      terminationMessagePolicy: File
      volumeMounts:
      - mountPath: /logs
        name: volume
        subPath: submarine-tensorboard/ddp-example
      - mountPath: /var/run/secrets/kubernetes.io/serviceaccount
        name: default-token-b7w6w
        readOnly: true
    dnsPolicy: ClusterFirst
    enableServiceLinks: true
    initContainers:
    - command:
      - sh
      - -c
      - until nslookup experiment-1658207605530-0029-master-0; do echo waiting for
        master; sleep 2; done;
      image: alpine:3.10
      imagePullPolicy: IfNotPresent
      name: init-pytorch
      resources:
        limits:
          cpu: 100m
          memory: 20Mi
        requests:
          cpu: 50m
          memory: 10Mi
      terminationMessagePath: /dev/termination-log
      terminationMessagePolicy: File
      volumeMounts:
      - mountPath: /var/run/secrets/kubernetes.io/serviceaccount
        name: default-token-b7w6w
        readOnly: true
    nodeName: blade06-k205-lab
    priority: 0
    restartPolicy: OnFailure
    schedulerName: default-scheduler
    securityContext: {}
    serviceAccount: default
    serviceAccountName: default
    terminationGracePeriodSeconds: 30
    tolerations:
    - effect: NoExecute
      key: node.kubernetes.io/not-ready
      operator: Exists
      tolerationSeconds: 300
    - effect: NoExecute
      key: node.kubernetes.io/unreachable
      operator: Exists
      tolerationSeconds: 300
    volumes:
    - name: volume
      persistentVolumeClaim:
        claimName: submarine-tensorboard-pvc
    - name: default-token-b7w6w
      secret:
        defaultMode: 420
        secretName: default-token-b7w6w
  status:
    conditions:
    - lastProbeTime: null
      lastTransitionTime: "2022-07-19T11:21:41Z"
      reason: PodCompleted
      status: "True"
      type: Initialized
    - lastProbeTime: null
      lastTransitionTime: "2022-07-19T11:28:19Z"
      reason: PodCompleted
      status: "False"
      type: Ready
    - lastProbeTime: null
      lastTransitionTime: "2022-07-19T11:28:19Z"
      reason: PodCompleted
      status: "False"
      type: ContainersReady
    - lastProbeTime: null
      lastTransitionTime: "2022-07-19T11:21:04Z"
      status: "True"
      type: PodScheduled
    containerStatuses:
    - containerID: docker://1353e5ed363296df8ef04d58cf31eaf457e26b66eb558c1909d29f0c97594b9c
      image: 0yukali0/ddp:0.7.0_nn_data
      imageID: docker-pullable://0yukali0/ddp@sha256:f5b997d665b8e547843214e537573c89e0289188bacdfbc930c852eb4cd06bd1
      lastState: {}
      name: pytorch
      ready: false
      restartCount: 0
      started: false
      state:
        terminated:
          containerID: docker://1353e5ed363296df8ef04d58cf31eaf457e26b66eb558c1909d29f0c97594b9c
          exitCode: 0
          finishedAt: "2022-07-19T11:28:18Z"
          reason: Completed
          startedAt: "2022-07-19T11:21:42Z"
    hostIP: 120.108.205.166
    initContainerStatuses:
    - containerID: docker://551fef5e96b2a2c463212e48e5d3a0b32990169f86e1e8c7ff10e346d2e3d65e
      image: alpine:3.10
      imageID: docker-pullable://alpine@sha256:451eee8bedcb2f029756dc3e9d73bab0e7943c1ac55cff3a4861c52a0fdd3e98
      lastState: {}
      name: init-pytorch
      ready: true
      restartCount: 0
      state:
        terminated:
          containerID: docker://551fef5e96b2a2c463212e48e5d3a0b32990169f86e1e8c7ff10e346d2e3d65e
          exitCode: 0
          finishedAt: "2022-07-19T11:21:40Z"
          reason: Completed
          startedAt: "2022-07-19T11:21:10Z"
    phase: Succeeded
    podIP: 10.244.3.186
    podIPs:
    - ip: 10.244.3.186
    qosClass: Burstable
    startTime: "2022-07-19T11:21:05Z"
- apiVersion: v1
  kind: Pod
  metadata:
    creationTimestamp: "2022-07-19T11:21:04Z"
    labels:
      controller-name: pytorch-operator
      group-name: kubeflow.org
      job-name: experiment-1658207605530-0029
      pytorch-job-name: experiment-1658207605530-0029
      pytorch-replica-index: "1"
      pytorch-replica-type: worker
    name: experiment-1658207605530-0029-worker-1
    namespace: default
    ownerReferences:
    - apiVersion: kubeflow.org/v1
      blockOwnerDeletion: true
      controller: true
      kind: PyTorchJob
      name: experiment-1658207605530-0029
      uid: 9ef8986c-859b-4134-8cb3-e94b2aced40c
    resourceVersion: "4214789"
    selfLink: /api/v1/namespaces/default/pods/experiment-1658207605530-0029-worker-1
    uid: a6899fa6-8581-439f-882c-e9d2b83b5ae6
  spec:
    containers:
    - command:
      - python
      - /opt/mnist_distributed.py
      env:
      - name: ENV_1
        value: ENV1
      - name: JOB_ID
        value: experiment-1658207605530-0029
      - name: SUBMARINE_TRACKING_URI
        value: mysql+pymysql://submarine:password@submarine-database:3306/submarine
      - name: SUBMARINE_TENSORBOARD_LOG_DIR
        value: /logs/mylog
      - name: MASTER_PORT
        value: "23456"
      - name: MASTER_ADDR
        value: experiment-1658207605530-0029-master-0
      - name: WORLD_SIZE
        value: "8"
      - name: RANK
        value: "2"
      - name: PYTHONUNBUFFERED
        value: "0"
      image: 0yukali0/ddp:0.7.0_nn_data
      imagePullPolicy: IfNotPresent
      name: pytorch
      resources:
        limits:
          cpu: "1"
          memory: 1024M
        requests:
          cpu: "1"
          memory: 512M
      terminationMessagePath: /dev/termination-log
      terminationMessagePolicy: File
      volumeMounts:
      - mountPath: /logs
        name: volume
        subPath: submarine-tensorboard/ddp-example
      - mountPath: /var/run/secrets/kubernetes.io/serviceaccount
        name: default-token-b7w6w
        readOnly: true
    dnsPolicy: ClusterFirst
    enableServiceLinks: true
    initContainers:
    - command:
      - sh
      - -c
      - until nslookup experiment-1658207605530-0029-master-0; do echo waiting for
        master; sleep 2; done;
      image: alpine:3.10
      imagePullPolicy: IfNotPresent
      name: init-pytorch
      resources:
        limits:
          cpu: 100m
          memory: 20Mi
        requests:
          cpu: 50m
          memory: 10Mi
      terminationMessagePath: /dev/termination-log
      terminationMessagePolicy: File
      volumeMounts:
      - mountPath: /var/run/secrets/kubernetes.io/serviceaccount
        name: default-token-b7w6w
        readOnly: true
    nodeName: blade07-k205-lab
    priority: 0
    restartPolicy: OnFailure
    schedulerName: default-scheduler
    securityContext: {}
    serviceAccount: default
    serviceAccountName: default
    terminationGracePeriodSeconds: 30
    tolerations:
    - effect: NoExecute
      key: node.kubernetes.io/not-ready
      operator: Exists
      tolerationSeconds: 300
    - effect: NoExecute
      key: node.kubernetes.io/unreachable
      operator: Exists
      tolerationSeconds: 300
    volumes:
    - name: volume
      persistentVolumeClaim:
        claimName: submarine-tensorboard-pvc
    - name: default-token-b7w6w
      secret:
        defaultMode: 420
        secretName: default-token-b7w6w
  status:
    conditions:
    - lastProbeTime: null
      lastTransitionTime: "2022-07-19T11:21:41Z"
      reason: PodCompleted
      status: "True"
      type: Initialized
    - lastProbeTime: null
      lastTransitionTime: "2022-07-19T11:28:21Z"
      reason: PodCompleted
      status: "False"
      type: Ready
    - lastProbeTime: null
      lastTransitionTime: "2022-07-19T11:28:21Z"
      reason: PodCompleted
      status: "False"
      type: ContainersReady
    - lastProbeTime: null
      lastTransitionTime: "2022-07-19T11:21:05Z"
      status: "True"
      type: PodScheduled
    containerStatuses:
    - containerID: docker://e24c7c64ebd890d8d943ab1f7f63f00603e87949eac087acc383ea35e3b64cbf
      image: 0yukali0/ddp:0.7.0_nn_data
      imageID: docker-pullable://0yukali0/ddp@sha256:f5b997d665b8e547843214e537573c89e0289188bacdfbc930c852eb4cd06bd1
      lastState: {}
      name: pytorch
      ready: false
      restartCount: 0
      started: false
      state:
        terminated:
          containerID: docker://e24c7c64ebd890d8d943ab1f7f63f00603e87949eac087acc383ea35e3b64cbf
          exitCode: 0
          finishedAt: "2022-07-19T11:28:20Z"
          reason: Completed
          startedAt: "2022-07-19T11:21:42Z"
    hostIP: 120.108.205.167
    initContainerStatuses:
    - containerID: docker://4cdc9facc74fb64b69c3e8932b399ecf0530c5e157c7843f0e2c8f9c412fbe6f
      image: alpine:3.10
      imageID: docker-pullable://alpine@sha256:451eee8bedcb2f029756dc3e9d73bab0e7943c1ac55cff3a4861c52a0fdd3e98
      lastState: {}
      name: init-pytorch
      ready: true
      restartCount: 0
      state:
        terminated:
          containerID: docker://4cdc9facc74fb64b69c3e8932b399ecf0530c5e157c7843f0e2c8f9c412fbe6f
          exitCode: 0
          finishedAt: "2022-07-19T11:21:40Z"
          reason: Completed
          startedAt: "2022-07-19T11:21:09Z"
    phase: Succeeded
    podIP: 10.244.4.93
    podIPs:
    - ip: 10.244.4.93
    qosClass: Burstable
    startTime: "2022-07-19T11:21:05Z"
- apiVersion: v1
  kind: Pod
  metadata:
    creationTimestamp: "2022-07-19T11:21:05Z"
    labels:
      controller-name: pytorch-operator
      group-name: kubeflow.org
      job-name: experiment-1658207605530-0029
      pytorch-job-name: experiment-1658207605530-0029
      pytorch-replica-index: "2"
      pytorch-replica-type: worker
    name: experiment-1658207605530-0029-worker-2
    namespace: default
    ownerReferences:
    - apiVersion: kubeflow.org/v1
      blockOwnerDeletion: true
      controller: true
      kind: PyTorchJob
      name: experiment-1658207605530-0029
      uid: 9ef8986c-859b-4134-8cb3-e94b2aced40c
    resourceVersion: "4214768"
    selfLink: /api/v1/namespaces/default/pods/experiment-1658207605530-0029-worker-2
    uid: e6e68bd2-5957-4800-8dd7-700952b46cbe
  spec:
    containers:
    - command:
      - python
      - /opt/mnist_distributed.py
      env:
      - name: ENV_1
        value: ENV1
      - name: JOB_ID
        value: experiment-1658207605530-0029
      - name: SUBMARINE_TRACKING_URI
        value: mysql+pymysql://submarine:password@submarine-database:3306/submarine
      - name: SUBMARINE_TENSORBOARD_LOG_DIR
        value: /logs/mylog
      - name: MASTER_PORT
        value: "23456"
      - name: MASTER_ADDR
        value: experiment-1658207605530-0029-master-0
      - name: WORLD_SIZE
        value: "8"
      - name: RANK
        value: "3"
      - name: PYTHONUNBUFFERED
        value: "0"
      image: 0yukali0/ddp:0.7.0_nn_data
      imagePullPolicy: IfNotPresent
      name: pytorch
      resources:
        limits:
          cpu: "1"
          memory: 1024M
        requests:
          cpu: "1"
          memory: 512M
      terminationMessagePath: /dev/termination-log
      terminationMessagePolicy: File
      volumeMounts:
      - mountPath: /logs
        name: volume
        subPath: submarine-tensorboard/ddp-example
      - mountPath: /var/run/secrets/kubernetes.io/serviceaccount
        name: default-token-b7w6w
        readOnly: true
    dnsPolicy: ClusterFirst
    enableServiceLinks: true
    initContainers:
    - command:
      - sh
      - -c
      - until nslookup experiment-1658207605530-0029-master-0; do echo waiting for
        master; sleep 2; done;
      image: alpine:3.10
      imagePullPolicy: IfNotPresent
      name: init-pytorch
      resources:
        limits:
          cpu: 100m
          memory: 20Mi
        requests:
          cpu: 50m
          memory: 10Mi
      terminationMessagePath: /dev/termination-log
      terminationMessagePolicy: File
      volumeMounts:
      - mountPath: /var/run/secrets/kubernetes.io/serviceaccount
        name: default-token-b7w6w
        readOnly: true
    nodeName: blade04-k205-lab
    priority: 0
    restartPolicy: OnFailure
    schedulerName: default-scheduler
    securityContext: {}
    serviceAccount: default
    serviceAccountName: default
    terminationGracePeriodSeconds: 30
    tolerations:
    - effect: NoExecute
      key: node.kubernetes.io/not-ready
      operator: Exists
      tolerationSeconds: 300
    - effect: NoExecute
      key: node.kubernetes.io/unreachable
      operator: Exists
      tolerationSeconds: 300
    volumes:
    - name: volume
      persistentVolumeClaim:
        claimName: submarine-tensorboard-pvc
    - name: default-token-b7w6w
      secret:
        defaultMode: 420
        secretName: default-token-b7w6w
  status:
    conditions:
    - lastProbeTime: null
      lastTransitionTime: "2022-07-19T11:21:40Z"
      reason: PodCompleted
      status: "True"
      type: Initialized
    - lastProbeTime: null
      lastTransitionTime: "2022-07-19T11:28:19Z"
      reason: PodCompleted
      status: "False"
      type: Ready
    - lastProbeTime: null
      lastTransitionTime: "2022-07-19T11:28:19Z"
      reason: PodCompleted
      status: "False"
      type: ContainersReady
    - lastProbeTime: null
      lastTransitionTime: "2022-07-19T11:21:05Z"
      status: "True"
      type: PodScheduled
    containerStatuses:
    - containerID: docker://6c3fb48a1346ec256a5579895470c500ac10d0dfd01ec43a23906b0142c64fb4
      image: 0yukali0/ddp:0.7.0_nn_data
      imageID: docker-pullable://0yukali0/ddp@sha256:f5b997d665b8e547843214e537573c89e0289188bacdfbc930c852eb4cd06bd1
      lastState: {}
      name: pytorch
      ready: false
      restartCount: 0
      started: false
      state:
        terminated:
          containerID: docker://6c3fb48a1346ec256a5579895470c500ac10d0dfd01ec43a23906b0142c64fb4
          exitCode: 0
          finishedAt: "2022-07-19T11:28:17Z"
          reason: Completed
          startedAt: "2022-07-19T11:21:41Z"
    hostIP: 120.108.205.164
    initContainerStatuses:
    - containerID: docker://7ad58f5c8e21b897777678cd6d86c71df1f101be976b2adf446067f9e7d77046
      image: alpine:3.10
      imageID: docker-pullable://alpine@sha256:451eee8bedcb2f029756dc3e9d73bab0e7943c1ac55cff3a4861c52a0fdd3e98
      lastState: {}
      name: init-pytorch
      ready: true
      restartCount: 0
      state:
        terminated:
          containerID: docker://7ad58f5c8e21b897777678cd6d86c71df1f101be976b2adf446067f9e7d77046
          exitCode: 0
          finishedAt: "2022-07-19T11:21:40Z"
          reason: Completed
          startedAt: "2022-07-19T11:21:08Z"
    phase: Succeeded
    podIP: 10.244.1.59
    podIPs:
    - ip: 10.244.1.59
    qosClass: Burstable
    startTime: "2022-07-19T11:21:05Z"
- apiVersion: v1
  kind: Pod
  metadata:
    creationTimestamp: "2022-07-19T11:21:05Z"
    labels:
      controller-name: pytorch-operator
      group-name: kubeflow.org
      job-name: experiment-1658207605530-0029
      pytorch-job-name: experiment-1658207605530-0029
      pytorch-replica-index: "3"
      pytorch-replica-type: worker
    name: experiment-1658207605530-0029-worker-3
    namespace: default
    ownerReferences:
    - apiVersion: kubeflow.org/v1
      blockOwnerDeletion: true
      controller: true
      kind: PyTorchJob
      name: experiment-1658207605530-0029
      uid: 9ef8986c-859b-4134-8cb3-e94b2aced40c
    resourceVersion: "4214772"
    selfLink: /api/v1/namespaces/default/pods/experiment-1658207605530-0029-worker-3
    uid: c2cb467a-79b8-43a2-9023-6fdfb0e06c82
  spec:
    containers:
    - command:
      - python
      - /opt/mnist_distributed.py
      env:
      - name: ENV_1
        value: ENV1
      - name: JOB_ID
        value: experiment-1658207605530-0029
      - name: SUBMARINE_TRACKING_URI
        value: mysql+pymysql://submarine:password@submarine-database:3306/submarine
      - name: SUBMARINE_TENSORBOARD_LOG_DIR
        value: /logs/mylog
      - name: MASTER_PORT
        value: "23456"
      - name: MASTER_ADDR
        value: experiment-1658207605530-0029-master-0
      - name: WORLD_SIZE
        value: "8"
      - name: RANK
        value: "4"
      - name: PYTHONUNBUFFERED
        value: "0"
      image: 0yukali0/ddp:0.7.0_nn_data
      imagePullPolicy: IfNotPresent
      name: pytorch
      resources:
        limits:
          cpu: "1"
          memory: 1024M
        requests:
          cpu: "1"
          memory: 512M
      terminationMessagePath: /dev/termination-log
      terminationMessagePolicy: File
      volumeMounts:
      - mountPath: /logs
        name: volume
        subPath: submarine-tensorboard/ddp-example
      - mountPath: /var/run/secrets/kubernetes.io/serviceaccount
        name: default-token-b7w6w
        readOnly: true
    dnsPolicy: ClusterFirst
    enableServiceLinks: true
    initContainers:
    - command:
      - sh
      - -c
      - until nslookup experiment-1658207605530-0029-master-0; do echo waiting for
        master; sleep 2; done;
      image: alpine:3.10
      imagePullPolicy: IfNotPresent
      name: init-pytorch
      resources:
        limits:
          cpu: 100m
          memory: 20Mi
        requests:
          cpu: 50m
          memory: 10Mi
      terminationMessagePath: /dev/termination-log
      terminationMessagePolicy: File
      volumeMounts:
      - mountPath: /var/run/secrets/kubernetes.io/serviceaccount
        name: default-token-b7w6w
        readOnly: true
    nodeName: blade02-k205-lab
    priority: 0
    restartPolicy: OnFailure
    schedulerName: default-scheduler
    securityContext: {}
    serviceAccount: default
    serviceAccountName: default
    terminationGracePeriodSeconds: 30
    tolerations:
    - effect: NoExecute
      key: node.kubernetes.io/not-ready
      operator: Exists
      tolerationSeconds: 300
    - effect: NoExecute
      key: node.kubernetes.io/unreachable
      operator: Exists
      tolerationSeconds: 300
    volumes:
    - name: volume
      persistentVolumeClaim:
        claimName: submarine-tensorboard-pvc
    - name: default-token-b7w6w
      secret:
        defaultMode: 420
        secretName: default-token-b7w6w
  status:
    conditions:
    - lastProbeTime: null
      lastTransitionTime: "2022-07-19T11:21:42Z"
      reason: PodCompleted
      status: "True"
      type: Initialized
    - lastProbeTime: null
      lastTransitionTime: "2022-07-19T11:28:19Z"
      reason: PodCompleted
      status: "False"
      type: Ready
    - lastProbeTime: null
      lastTransitionTime: "2022-07-19T11:28:19Z"
      reason: PodCompleted
      status: "False"
      type: ContainersReady
    - lastProbeTime: null
      lastTransitionTime: "2022-07-19T11:21:05Z"
      status: "True"
      type: PodScheduled
    containerStatuses:
    - containerID: docker://e0d2e68381e831b711f663684fa318982a8bd97685a7b99983fb351cbf9ec5cd
      image: 0yukali0/ddp:0.7.0_nn_data
      imageID: docker-pullable://0yukali0/ddp@sha256:f5b997d665b8e547843214e537573c89e0289188bacdfbc930c852eb4cd06bd1
      lastState: {}
      name: pytorch
      ready: false
      restartCount: 0
      started: false
      state:
        terminated:
          containerID: docker://e0d2e68381e831b711f663684fa318982a8bd97685a7b99983fb351cbf9ec5cd
          exitCode: 0
          finishedAt: "2022-07-19T11:28:18Z"
          reason: Completed
          startedAt: "2022-07-19T11:21:43Z"
    hostIP: 120.108.205.162
    initContainerStatuses:
    - containerID: docker://8f79fca2be8c00b2c4287990af20ba6f1ba9a2286e80a1517fe3bc85f7ae870f
      image: alpine:3.10
      imageID: docker-pullable://alpine@sha256:451eee8bedcb2f029756dc3e9d73bab0e7943c1ac55cff3a4861c52a0fdd3e98
      lastState: {}
      name: init-pytorch
      ready: true
      restartCount: 0
      state:
        terminated:
          containerID: docker://8f79fca2be8c00b2c4287990af20ba6f1ba9a2286e80a1517fe3bc85f7ae870f
          exitCode: 0
          finishedAt: "2022-07-19T11:21:41Z"
          reason: Completed
          startedAt: "2022-07-19T11:21:09Z"
    phase: Succeeded
    podIP: 10.244.0.99
    podIPs:
    - ip: 10.244.0.99
    qosClass: Burstable
    startTime: "2022-07-19T11:21:05Z"
- apiVersion: v1
  kind: Pod
  metadata:
    creationTimestamp: "2022-07-19T11:21:05Z"
    labels:
      controller-name: pytorch-operator
      group-name: kubeflow.org
      job-name: experiment-1658207605530-0029
      pytorch-job-name: experiment-1658207605530-0029
      pytorch-replica-index: "4"
      pytorch-replica-type: worker
    name: experiment-1658207605530-0029-worker-4
    namespace: default
    ownerReferences:
    - apiVersion: kubeflow.org/v1
      blockOwnerDeletion: true
      controller: true
      kind: PyTorchJob
      name: experiment-1658207605530-0029
      uid: 9ef8986c-859b-4134-8cb3-e94b2aced40c
    resourceVersion: "4214781"
    selfLink: /api/v1/namespaces/default/pods/experiment-1658207605530-0029-worker-4
    uid: 484da91e-bd54-4309-8d0a-b4491ca4a2eb
  spec:
    containers:
    - command:
      - python
      - /opt/mnist_distributed.py
      env:
      - name: ENV_1
        value: ENV1
      - name: JOB_ID
        value: experiment-1658207605530-0029
      - name: SUBMARINE_TRACKING_URI
        value: mysql+pymysql://submarine:password@submarine-database:3306/submarine
      - name: SUBMARINE_TENSORBOARD_LOG_DIR
        value: /logs/mylog
      - name: MASTER_PORT
        value: "23456"
      - name: MASTER_ADDR
        value: experiment-1658207605530-0029-master-0
      - name: WORLD_SIZE
        value: "8"
      - name: RANK
        value: "5"
      - name: PYTHONUNBUFFERED
        value: "0"
      image: 0yukali0/ddp:0.7.0_nn_data
      imagePullPolicy: IfNotPresent
      name: pytorch
      resources:
        limits:
          cpu: "1"
          memory: 1024M
        requests:
          cpu: "1"
          memory: 512M
      terminationMessagePath: /dev/termination-log
      terminationMessagePolicy: File
      volumeMounts:
      - mountPath: /logs
        name: volume
        subPath: submarine-tensorboard/ddp-example
      - mountPath: /var/run/secrets/kubernetes.io/serviceaccount
        name: default-token-b7w6w
        readOnly: true
    dnsPolicy: ClusterFirst
    enableServiceLinks: true
    initContainers:
    - command:
      - sh
      - -c
      - until nslookup experiment-1658207605530-0029-master-0; do echo waiting for
        master; sleep 2; done;
      image: alpine:3.10
      imagePullPolicy: IfNotPresent
      name: init-pytorch
      resources:
        limits:
          cpu: 100m
          memory: 20Mi
        requests:
          cpu: 50m
          memory: 10Mi
      terminationMessagePath: /dev/termination-log
      terminationMessagePolicy: File
      volumeMounts:
      - mountPath: /var/run/secrets/kubernetes.io/serviceaccount
        name: default-token-b7w6w
        readOnly: true
    nodeName: blade05-k205-lab
    priority: 0
    restartPolicy: OnFailure
    schedulerName: default-scheduler
    securityContext: {}
    serviceAccount: default
    serviceAccountName: default
    terminationGracePeriodSeconds: 30
    tolerations:
    - effect: NoExecute
      key: node.kubernetes.io/not-ready
      operator: Exists
      tolerationSeconds: 300
    - effect: NoExecute
      key: node.kubernetes.io/unreachable
      operator: Exists
      tolerationSeconds: 300
    volumes:
    - name: volume
      persistentVolumeClaim:
        claimName: submarine-tensorboard-pvc
    - name: default-token-b7w6w
      secret:
        defaultMode: 420
        secretName: default-token-b7w6w
  status:
    conditions:
    - lastProbeTime: null
      lastTransitionTime: "2022-07-19T11:21:40Z"
      reason: PodCompleted
      status: "True"
      type: Initialized
    - lastProbeTime: null
      lastTransitionTime: "2022-07-19T11:28:21Z"
      reason: PodCompleted
      status: "False"
      type: Ready
    - lastProbeTime: null
      lastTransitionTime: "2022-07-19T11:28:21Z"
      reason: PodCompleted
      status: "False"
      type: ContainersReady
    - lastProbeTime: null
      lastTransitionTime: "2022-07-19T11:21:05Z"
      status: "True"
      type: PodScheduled
    containerStatuses:
    - containerID: docker://cfe6c142eec0fdcb3dec8d8b8d6b9a327c0c41152cf752a7eeb9b21283963df6
      image: 0yukali0/ddp:0.7.0_nn_data
      imageID: docker-pullable://0yukali0/ddp@sha256:f5b997d665b8e547843214e537573c89e0289188bacdfbc930c852eb4cd06bd1
      lastState: {}
      name: pytorch
      ready: false
      restartCount: 0
      started: false
      state:
        terminated:
          containerID: docker://cfe6c142eec0fdcb3dec8d8b8d6b9a327c0c41152cf752a7eeb9b21283963df6
          exitCode: 0
          finishedAt: "2022-07-19T11:28:20Z"
          reason: Completed
          startedAt: "2022-07-19T11:21:41Z"
    hostIP: 120.108.205.165
    initContainerStatuses:
    - containerID: docker://488d1c65be825eff868f89991da7d25a1cab19305e0c6c220208c4d56dfd6bf1
      image: alpine:3.10
      imageID: docker-pullable://alpine@sha256:451eee8bedcb2f029756dc3e9d73bab0e7943c1ac55cff3a4861c52a0fdd3e98
      lastState: {}
      name: init-pytorch
      ready: true
      restartCount: 0
      state:
        terminated:
          containerID: docker://488d1c65be825eff868f89991da7d25a1cab19305e0c6c220208c4d56dfd6bf1
          exitCode: 0
          finishedAt: "2022-07-19T11:21:39Z"
          reason: Completed
          startedAt: "2022-07-19T11:21:09Z"
    phase: Succeeded
    podIP: 10.244.2.173
    podIPs:
    - ip: 10.244.2.173
    qosClass: Burstable
    startTime: "2022-07-19T11:21:05Z"
- apiVersion: v1
  kind: Pod
  metadata:
    creationTimestamp: "2022-07-19T11:21:05Z"
    labels:
      controller-name: pytorch-operator
      group-name: kubeflow.org
      job-name: experiment-1658207605530-0029
      pytorch-job-name: experiment-1658207605530-0029
      pytorch-replica-index: "5"
      pytorch-replica-type: worker
    name: experiment-1658207605530-0029-worker-5
    namespace: default
    ownerReferences:
    - apiVersion: kubeflow.org/v1
      blockOwnerDeletion: true
      controller: true
      kind: PyTorchJob
      name: experiment-1658207605530-0029
      uid: 9ef8986c-859b-4134-8cb3-e94b2aced40c
    resourceVersion: "4214763"
    selfLink: /api/v1/namespaces/default/pods/experiment-1658207605530-0029-worker-5
    uid: 4bc1b6d0-1259-4f88-8aa5-e3d14eb25210
  spec:
    containers:
    - command:
      - python
      - /opt/mnist_distributed.py
      env:
      - name: ENV_1
        value: ENV1
      - name: JOB_ID
        value: experiment-1658207605530-0029
      - name: SUBMARINE_TRACKING_URI
        value: mysql+pymysql://submarine:password@submarine-database:3306/submarine
      - name: SUBMARINE_TENSORBOARD_LOG_DIR
        value: /logs/mylog
      - name: MASTER_PORT
        value: "23456"
      - name: MASTER_ADDR
        value: experiment-1658207605530-0029-master-0
      - name: WORLD_SIZE
        value: "8"
      - name: RANK
        value: "6"
      - name: PYTHONUNBUFFERED
        value: "0"
      image: 0yukali0/ddp:0.7.0_nn_data
      imagePullPolicy: IfNotPresent
      name: pytorch
      resources:
        limits:
          cpu: "1"
          memory: 1024M
        requests:
          cpu: "1"
          memory: 512M
      terminationMessagePath: /dev/termination-log
      terminationMessagePolicy: File
      volumeMounts:
      - mountPath: /logs
        name: volume
        subPath: submarine-tensorboard/ddp-example
      - mountPath: /var/run/secrets/kubernetes.io/serviceaccount
        name: default-token-b7w6w
        readOnly: true
    dnsPolicy: ClusterFirst
    enableServiceLinks: true
    initContainers:
    - command:
      - sh
      - -c
      - until nslookup experiment-1658207605530-0029-master-0; do echo waiting for
        master; sleep 2; done;
      image: alpine:3.10
      imagePullPolicy: IfNotPresent
      name: init-pytorch
      resources:
        limits:
          cpu: 100m
          memory: 20Mi
        requests:
          cpu: 50m
          memory: 10Mi
      terminationMessagePath: /dev/termination-log
      terminationMessagePolicy: File
      volumeMounts:
      - mountPath: /var/run/secrets/kubernetes.io/serviceaccount
        name: default-token-b7w6w
        readOnly: true
    nodeName: blade06-k205-lab
    priority: 0
    restartPolicy: OnFailure
    schedulerName: default-scheduler
    securityContext: {}
    serviceAccount: default
    serviceAccountName: default
    terminationGracePeriodSeconds: 30
    tolerations:
    - effect: NoExecute
      key: node.kubernetes.io/not-ready
      operator: Exists
      tolerationSeconds: 300
    - effect: NoExecute
      key: node.kubernetes.io/unreachable
      operator: Exists
      tolerationSeconds: 300
    volumes:
    - name: volume
      persistentVolumeClaim:
        claimName: submarine-tensorboard-pvc
    - name: default-token-b7w6w
      secret:
        defaultMode: 420
        secretName: default-token-b7w6w
  status:
    conditions:
    - lastProbeTime: null
      lastTransitionTime: "2022-07-19T11:21:41Z"
      reason: PodCompleted
      status: "True"
      type: Initialized
    - lastProbeTime: null
      lastTransitionTime: "2022-07-19T11:28:18Z"
      reason: PodCompleted
      status: "False"
      type: Ready
    - lastProbeTime: null
      lastTransitionTime: "2022-07-19T11:28:18Z"
      reason: PodCompleted
      status: "False"
      type: ContainersReady
    - lastProbeTime: null
      lastTransitionTime: "2022-07-19T11:21:05Z"
      status: "True"
      type: PodScheduled
    containerStatuses:
    - containerID: docker://4c6e47d82589153440466592ed61f2f99d61cff1c0bfb4f60acb2d06300ef189
      image: 0yukali0/ddp:0.7.0_nn_data
      imageID: docker-pullable://0yukali0/ddp@sha256:f5b997d665b8e547843214e537573c89e0289188bacdfbc930c852eb4cd06bd1
      lastState: {}
      name: pytorch
      ready: false
      restartCount: 0
      started: false
      state:
        terminated:
          containerID: docker://4c6e47d82589153440466592ed61f2f99d61cff1c0bfb4f60acb2d06300ef189
          exitCode: 0
          finishedAt: "2022-07-19T11:28:18Z"
          reason: Completed
          startedAt: "2022-07-19T11:21:42Z"
    hostIP: 120.108.205.166
    initContainerStatuses:
    - containerID: docker://d4ecce37533420a86d44705b0493075daec63ffa853342eb687b6fcb8a42aec0
      image: alpine:3.10
      imageID: docker-pullable://alpine@sha256:451eee8bedcb2f029756dc3e9d73bab0e7943c1ac55cff3a4861c52a0fdd3e98
      lastState: {}
      name: init-pytorch
      ready: true
      restartCount: 0
      state:
        terminated:
          containerID: docker://d4ecce37533420a86d44705b0493075daec63ffa853342eb687b6fcb8a42aec0
          exitCode: 0
          finishedAt: "2022-07-19T11:21:40Z"
          reason: Completed
          startedAt: "2022-07-19T11:21:10Z"
    phase: Succeeded
    podIP: 10.244.3.187
    podIPs:
    - ip: 10.244.3.187
    qosClass: Burstable
    startTime: "2022-07-19T11:21:06Z"
- apiVersion: v1
  kind: Pod
  metadata:
    creationTimestamp: "2022-07-19T11:21:05Z"
    labels:
      controller-name: pytorch-operator
      group-name: kubeflow.org
      job-name: experiment-1658207605530-0029
      pytorch-job-name: experiment-1658207605530-0029
      pytorch-replica-index: "6"
      pytorch-replica-type: worker
    name: experiment-1658207605530-0029-worker-6
    namespace: default
    ownerReferences:
    - apiVersion: kubeflow.org/v1
      blockOwnerDeletion: true
      controller: true
      kind: PyTorchJob
      name: experiment-1658207605530-0029
      uid: 9ef8986c-859b-4134-8cb3-e94b2aced40c
    resourceVersion: "4214788"
    selfLink: /api/v1/namespaces/default/pods/experiment-1658207605530-0029-worker-6
    uid: e2a3f9aa-592b-400e-bcd0-59723f63a3c7
  spec:
    containers:
    - command:
      - python
      - /opt/mnist_distributed.py
      env:
      - name: ENV_1
        value: ENV1
      - name: JOB_ID
        value: experiment-1658207605530-0029
      - name: SUBMARINE_TRACKING_URI
        value: mysql+pymysql://submarine:password@submarine-database:3306/submarine
      - name: SUBMARINE_TENSORBOARD_LOG_DIR
        value: /logs/mylog
      - name: MASTER_PORT
        value: "23456"
      - name: MASTER_ADDR
        value: experiment-1658207605530-0029-master-0
      - name: WORLD_SIZE
        value: "8"
      - name: RANK
        value: "7"
      - name: PYTHONUNBUFFERED
        value: "0"
      image: 0yukali0/ddp:0.7.0_nn_data
      imagePullPolicy: IfNotPresent
      name: pytorch
      resources:
        limits:
          cpu: "1"
          memory: 1024M
        requests:
          cpu: "1"
          memory: 512M
      terminationMessagePath: /dev/termination-log
      terminationMessagePolicy: File
      volumeMounts:
      - mountPath: /logs
        name: volume
        subPath: submarine-tensorboard/ddp-example
      - mountPath: /var/run/secrets/kubernetes.io/serviceaccount
        name: default-token-b7w6w
        readOnly: true
    dnsPolicy: ClusterFirst
    enableServiceLinks: true
    initContainers:
    - command:
      - sh
      - -c
      - until nslookup experiment-1658207605530-0029-master-0; do echo waiting for
        master; sleep 2; done;
      image: alpine:3.10
      imagePullPolicy: IfNotPresent
      name: init-pytorch
      resources:
        limits:
          cpu: 100m
          memory: 20Mi
        requests:
          cpu: 50m
          memory: 10Mi
      terminationMessagePath: /dev/termination-log
      terminationMessagePolicy: File
      volumeMounts:
      - mountPath: /var/run/secrets/kubernetes.io/serviceaccount
        name: default-token-b7w6w
        readOnly: true
    nodeName: blade07-k205-lab
    priority: 0
    restartPolicy: OnFailure
    schedulerName: default-scheduler
    securityContext: {}
    serviceAccount: default
    serviceAccountName: default
    terminationGracePeriodSeconds: 30
    tolerations:
    - effect: NoExecute
      key: node.kubernetes.io/not-ready
      operator: Exists
      tolerationSeconds: 300
    - effect: NoExecute
      key: node.kubernetes.io/unreachable
      operator: Exists
      tolerationSeconds: 300
    volumes:
    - name: volume
      persistentVolumeClaim:
        claimName: submarine-tensorboard-pvc
    - name: default-token-b7w6w
      secret:
        defaultMode: 420
        secretName: default-token-b7w6w
  status:
    conditions:
    - lastProbeTime: null
      lastTransitionTime: "2022-07-19T11:21:41Z"
      reason: PodCompleted
      status: "True"
      type: Initialized
    - lastProbeTime: null
      lastTransitionTime: "2022-07-19T11:28:21Z"
      reason: PodCompleted
      status: "False"
      type: Ready
    - lastProbeTime: null
      lastTransitionTime: "2022-07-19T11:28:21Z"
      reason: PodCompleted
      status: "False"
      type: ContainersReady
    - lastProbeTime: null
      lastTransitionTime: "2022-07-19T11:21:05Z"
      status: "True"
      type: PodScheduled
    containerStatuses:
    - containerID: docker://bffce233671dcf4ca812f9f9a4b07e26f569f0dffe5b6de08e0fe4d2706cfbfd
      image: 0yukali0/ddp:0.7.0_nn_data
      imageID: docker-pullable://0yukali0/ddp@sha256:f5b997d665b8e547843214e537573c89e0289188bacdfbc930c852eb4cd06bd1
      lastState: {}
      name: pytorch
      ready: false
      restartCount: 0
      started: false
      state:
        terminated:
          containerID: docker://bffce233671dcf4ca812f9f9a4b07e26f569f0dffe5b6de08e0fe4d2706cfbfd
          exitCode: 0
          finishedAt: "2022-07-19T11:28:20Z"
          reason: Completed
          startedAt: "2022-07-19T11:21:42Z"
    hostIP: 120.108.205.167
    initContainerStatuses:
    - containerID: docker://47821154572b3a7e069fa899574d1c9fcb0ef983fee652620385d3d5c15d6f9a
      image: alpine:3.10
      imageID: docker-pullable://alpine@sha256:451eee8bedcb2f029756dc3e9d73bab0e7943c1ac55cff3a4861c52a0fdd3e98
      lastState: {}
      name: init-pytorch
      ready: true
      restartCount: 0
      state:
        terminated:
          containerID: docker://47821154572b3a7e069fa899574d1c9fcb0ef983fee652620385d3d5c15d6f9a
          exitCode: 0
          finishedAt: "2022-07-19T11:21:40Z"
          reason: Completed
          startedAt: "2022-07-19T11:21:10Z"
    phase: Succeeded
    podIP: 10.244.4.94
    podIPs:
    - ip: 10.244.4.94
    qosClass: Burstable
    startTime: "2022-07-19T11:21:06Z"
- apiVersion: v1
  kind: Pod
  metadata:
    annotations:
      sidecar.istio.io/inject: "false"
    creationTimestamp: "2022-07-19T05:12:56Z"
    generateName: notebook-controller-deployment-58797bdd75-
    labels:
      app: notebook-controller
      pod-template-hash: 58797bdd75
    name: notebook-controller-deployment-58797bdd75-c784x
    namespace: default
    ownerReferences:
    - apiVersion: apps/v1
      blockOwnerDeletion: true
      controller: true
      kind: ReplicaSet
      name: notebook-controller-deployment-58797bdd75
      uid: f8245aa0-efea-4916-af59-1bee9d9679c6
    resourceVersion: "4127505"
    selfLink: /api/v1/namespaces/default/pods/notebook-controller-deployment-58797bdd75-c784x
    uid: 0777e138-4549-4af6-bbc8-f6f0aef8804e
  spec:
    containers:
    - command:
      - /manager
      env:
      - name: USE_ISTIO
        value: "false"
      image: apache/submarine:notebook-controller-v1.1.0-g253890cb
      imagePullPolicy: IfNotPresent
      livenessProbe:
        failureThreshold: 3
        httpGet:
          path: /metrics
          port: 8080
          scheme: HTTP
        initialDelaySeconds: 30
        periodSeconds: 30
        successThreshold: 1
        timeoutSeconds: 1
      name: manager
      resources: {}
      terminationMessagePath: /dev/termination-log
      terminationMessagePolicy: File
      volumeMounts:
      - mountPath: /var/run/secrets/kubernetes.io/serviceaccount
        name: notebook-controller-service-account-token-xzrcq
        readOnly: true
    dnsPolicy: ClusterFirst
    enableServiceLinks: true
    nodeName: blade05-k205-lab
    priority: 0
    restartPolicy: Always
    schedulerName: default-scheduler
    securityContext: {}
    serviceAccount: notebook-controller-service-account
    serviceAccountName: notebook-controller-service-account
    terminationGracePeriodSeconds: 30
    tolerations:
    - effect: NoExecute
      key: node.kubernetes.io/not-ready
      operator: Exists
      tolerationSeconds: 300
    - effect: NoExecute
      key: node.kubernetes.io/unreachable
      operator: Exists
      tolerationSeconds: 300
    volumes:
    - name: notebook-controller-service-account-token-xzrcq
      secret:
        defaultMode: 420
        secretName: notebook-controller-service-account-token-xzrcq
  status:
    conditions:
    - lastProbeTime: null
      lastTransitionTime: "2022-07-19T05:12:56Z"
      status: "True"
      type: Initialized
    - lastProbeTime: null
      lastTransitionTime: "2022-07-19T05:13:10Z"
      status: "True"
      type: Ready
    - lastProbeTime: null
      lastTransitionTime: "2022-07-19T05:13:10Z"
      status: "True"
      type: ContainersReady
    - lastProbeTime: null
      lastTransitionTime: "2022-07-19T05:12:56Z"
      status: "True"
      type: PodScheduled
    containerStatuses:
    - containerID: docker://14719f5769f0d28e66819dafc7358221f35dbf4f1b7bbe0ad3c545fe90cb5062
      image: apache/submarine:notebook-controller-v1.1.0-g253890cb
      imageID: docker-pullable://apache/submarine@sha256:5a03bed92f63637e9fbfb0b9fa5c5a77f604296ab5834216b476b9bc6fcfbe22
      lastState: {}
      name: manager
      ready: true
      restartCount: 0
      started: true
      state:
        running:
          startedAt: "2022-07-19T05:13:09Z"
    hostIP: 120.108.205.165
    phase: Running
    podIP: 10.244.2.38
    podIPs:
    - ip: 10.244.2.38
    qosClass: BestEffort
    startTime: "2022-07-19T05:12:56Z"
- apiVersion: v1
  kind: Pod
  metadata:
    creationTimestamp: "2022-07-19T05:12:56Z"
    generateName: pytorch-operator-75fd845678-
    labels:
      name: pytorch-operator
      pod-template-hash: 75fd845678
    name: pytorch-operator-75fd845678-x958m
    namespace: default
    ownerReferences:
    - apiVersion: apps/v1
      blockOwnerDeletion: true
      controller: true
      kind: ReplicaSet
      name: pytorch-operator-75fd845678
      uid: 7be1d677-2029-4dde-bed5-7d484b917253
    resourceVersion: "4127467"
    selfLink: /api/v1/namespaces/default/pods/pytorch-operator-75fd845678-x958m
    uid: f896eb8f-7c58-4d34-ab6a-6a21bd1af86e
  spec:
    containers:
    - command:
      - /pytorch-operator.v1
      - --alsologtostderr
      - -v=1
      - --monitoring-port=8443
      env:
      - name: MY_POD_NAMESPACE
        valueFrom:
          fieldRef:
            apiVersion: v1
            fieldPath: metadata.namespace
      - name: MY_POD_NAME
        valueFrom:
          fieldRef:
            apiVersion: v1
            fieldPath: metadata.name
      image: apache/submarine:pytorch-operator-v1.1.0-gd596e904
      imagePullPolicy: IfNotPresent
      name: pytorch-operator
      resources: {}
      terminationMessagePath: /dev/termination-log
      terminationMessagePolicy: File
      volumeMounts:
      - mountPath: /var/run/secrets/kubernetes.io/serviceaccount
        name: pytorch-operator-token-96nkm
        readOnly: true
    dnsPolicy: ClusterFirst
    enableServiceLinks: true
    nodeName: blade07-k205-lab
    priority: 0
    restartPolicy: Always
    schedulerName: default-scheduler
    securityContext: {}
    serviceAccount: pytorch-operator
    serviceAccountName: pytorch-operator
    terminationGracePeriodSeconds: 30
    tolerations:
    - effect: NoExecute
      key: node.kubernetes.io/not-ready
      operator: Exists
      tolerationSeconds: 300
    - effect: NoExecute
      key: node.kubernetes.io/unreachable
      operator: Exists
      tolerationSeconds: 300
    volumes:
    - name: pytorch-operator-token-96nkm
      secret:
        defaultMode: 420
        secretName: pytorch-operator-token-96nkm
  status:
    conditions:
    - lastProbeTime: null
      lastTransitionTime: "2022-07-19T05:12:56Z"
      status: "True"
      type: Initialized
    - lastProbeTime: null
      lastTransitionTime: "2022-07-19T05:13:02Z"
      status: "True"
      type: Ready
    - lastProbeTime: null
      lastTransitionTime: "2022-07-19T05:13:02Z"
      status: "True"
      type: ContainersReady
    - lastProbeTime: null
      lastTransitionTime: "2022-07-19T05:12:56Z"
      status: "True"
      type: PodScheduled
    containerStatuses:
    - containerID: docker://b528416bd0670729c3e5649470c492281bf9f746947cb233410704e6351866d1
      image: apache/submarine:pytorch-operator-v1.1.0-gd596e904
      imageID: docker-pullable://apache/submarine@sha256:4471cc57e2960644d75ddfd401e01019838525b211d279247eddf5f1d95961f2
      lastState: {}
      name: pytorch-operator
      ready: true
      restartCount: 0
      started: true
      state:
        running:
          startedAt: "2022-07-19T05:13:01Z"
    hostIP: 120.108.205.167
    phase: Running
    podIP: 10.244.4.225
    podIPs:
    - ip: 10.244.4.225
    qosClass: BestEffort
    startTime: "2022-07-19T05:12:56Z"
- apiVersion: v1
  kind: Pod
  metadata:
    creationTimestamp: "2022-07-19T05:13:16Z"
    generateName: submarine-database-
    labels:
      app: submarine-database
      controller-revision-hash: submarine-database-7fdc7d487
      statefulset.kubernetes.io/pod-name: submarine-database-0
    name: submarine-database-0
    namespace: default
    ownerReferences:
    - apiVersion: apps/v1
      blockOwnerDeletion: true
      controller: true
      kind: StatefulSet
      name: submarine-database
      uid: 816d488c-9c60-45d8-8292-aa809a11326b
    resourceVersion: "4127678"
    selfLink: /api/v1/namespaces/default/pods/submarine-database-0
    uid: 6c9b1e1e-4a13-4377-bcb7-d5d8337989e0
  spec:
    containers:
    - env:
      - name: MYSQL_ROOT_PASSWORD
        value: password
      image: apache/submarine:database-0.7.0
      imagePullPolicy: IfNotPresent
      name: submarine-database
      ports:
      - containerPort: 3306
        protocol: TCP
      readinessProbe:
        failureThreshold: 3
        periodSeconds: 10
        successThreshold: 1
        tcpSocket:
          port: 3306
        timeoutSeconds: 1
      resources: {}
      terminationMessagePath: /dev/termination-log
      terminationMessagePolicy: File
      volumeMounts:
      - mountPath: /var/lib/mysql
        name: volume
        subPath: submarine-database
      - mountPath: /var/run/secrets/kubernetes.io/serviceaccount
        name: submarine-storage-token-4kkfj
        readOnly: true
    dnsPolicy: ClusterFirst
    enableServiceLinks: true
    hostname: submarine-database-0
    nodeName: blade05-k205-lab
    priority: 0
    restartPolicy: Always
    schedulerName: default-scheduler
    securityContext: {}
    serviceAccount: submarine-storage
    serviceAccountName: submarine-storage
    subdomain: submarine-database
    terminationGracePeriodSeconds: 30
    tolerations:
    - effect: NoExecute
      key: node.kubernetes.io/not-ready
      operator: Exists
      tolerationSeconds: 300
    - effect: NoExecute
      key: node.kubernetes.io/unreachable
      operator: Exists
      tolerationSeconds: 300
    volumes:
    - name: volume
      persistentVolumeClaim:
        claimName: submarine-database-pvc
    - name: submarine-storage-token-4kkfj
      secret:
        defaultMode: 420
        secretName: submarine-storage-token-4kkfj
  status:
    conditions:
    - lastProbeTime: null
      lastTransitionTime: "2022-07-19T05:13:16Z"
      status: "True"
      type: Initialized
    - lastProbeTime: null
      lastTransitionTime: "2022-07-19T05:13:22Z"
      status: "True"
      type: Ready
    - lastProbeTime: null
      lastTransitionTime: "2022-07-19T05:13:22Z"
      status: "True"
      type: ContainersReady
    - lastProbeTime: null
      lastTransitionTime: "2022-07-19T05:13:16Z"
      status: "True"
      type: PodScheduled
    containerStatuses:
    - containerID: docker://d39b878a4e49a0a28762c211350eab447d23ddb8157c50a052eb442c8442db05
      image: apache/submarine:database-0.7.0
      imageID: docker-pullable://apache/submarine@sha256:2a4a724b7919a1ca362e89ca1a7dbb6e8201536386631a49fe8c69b4ebbf221c
      lastState: {}
      name: submarine-database
      ready: true
      restartCount: 0
      started: true
      state:
        running:
          startedAt: "2022-07-19T05:13:20Z"
    hostIP: 120.108.205.165
    phase: Running
    podIP: 10.244.2.39
    podIPs:
    - ip: 10.244.2.39
    qosClass: BestEffort
    startTime: "2022-07-19T05:13:16Z"
- apiVersion: v1
  kind: Pod
  metadata:
    creationTimestamp: "2022-07-19T05:13:17Z"
    generateName: submarine-minio-556d9f6594-
    labels:
      app: submarine-minio
      pod-template-hash: 556d9f6594
    name: submarine-minio-556d9f6594-sf56t
    namespace: default
    ownerReferences:
    - apiVersion: apps/v1
      blockOwnerDeletion: true
      controller: true
      kind: ReplicaSet
      name: submarine-minio-556d9f6594
      uid: 9fe0780c-ebc2-41bc-948a-4037d52c5afa
    resourceVersion: "4127673"
    selfLink: /api/v1/namespaces/default/pods/submarine-minio-556d9f6594-sf56t
    uid: d26ad4f3-2043-4036-8eb4-08d0da0cfa8d
  spec:
    containers:
    - args:
      - server
      - /data
      env:
      - name: MINIO_ACCESS_KEY
        value: submarine_minio
      - name: MINIO_SECRET_KEY
        value: submarine_minio
      image: minio/minio:RELEASE.2021-02-14T04-01-33Z
      imagePullPolicy: IfNotPresent
      name: submarine-minio-container
      ports:
      - containerPort: 9000
        protocol: TCP
      resources: {}
      terminationMessagePath: /dev/termination-log
      terminationMessagePolicy: File
      volumeMounts:
      - mountPath: /data
        name: volume
        subPath: submarine-minio
      - mountPath: /var/run/secrets/kubernetes.io/serviceaccount
        name: submarine-storage-token-4kkfj
        readOnly: true
    dnsPolicy: ClusterFirst
    enableServiceLinks: true
    nodeName: blade07-k205-lab
    priority: 0
    restartPolicy: Always
    schedulerName: default-scheduler
    securityContext: {}
    serviceAccount: submarine-storage
    serviceAccountName: submarine-storage
    terminationGracePeriodSeconds: 30
    tolerations:
    - effect: NoExecute
      key: node.kubernetes.io/not-ready
      operator: Exists
      tolerationSeconds: 300
    - effect: NoExecute
      key: node.kubernetes.io/unreachable
      operator: Exists
      tolerationSeconds: 300
    volumes:
    - name: volume
      persistentVolumeClaim:
        claimName: submarine-minio-pvc
    - name: submarine-storage-token-4kkfj
      secret:
        defaultMode: 420
        secretName: submarine-storage-token-4kkfj
  status:
    conditions:
    - lastProbeTime: null
      lastTransitionTime: "2022-07-19T05:13:18Z"
      status: "True"
      type: Initialized
    - lastProbeTime: null
      lastTransitionTime: "2022-07-19T05:13:22Z"
      status: "True"
      type: Ready
    - lastProbeTime: null
      lastTransitionTime: "2022-07-19T05:13:22Z"
      status: "True"
      type: ContainersReady
    - lastProbeTime: null
      lastTransitionTime: "2022-07-19T05:13:17Z"
      status: "True"
      type: PodScheduled
    containerStatuses:
    - containerID: docker://85eef2a0bafe8765f2c77d36aacc6bc658e6171a91dd56e4052a6b2edbc1329e
      image: minio/minio:RELEASE.2021-02-14T04-01-33Z
      imageID: docker-pullable://minio/minio@sha256:bd11edda91f30cd94060c80e6d496ca406d46d2de356f59904f721cdfd0b1d63
      lastState: {}
      name: submarine-minio-container
      ready: true
      restartCount: 0
      started: true
      state:
        running:
          startedAt: "2022-07-19T05:13:21Z"
    hostIP: 120.108.205.167
    phase: Running
    podIP: 10.244.4.228
    podIPs:
    - ip: 10.244.4.228
    qosClass: BestEffort
    startTime: "2022-07-19T05:13:18Z"
- apiVersion: v1
  kind: Pod
  metadata:
    creationTimestamp: "2022-07-19T05:13:17Z"
    generateName: submarine-mlflow-69548d8c96-
    labels:
      app: submarine-mlflow
      pod-template-hash: 69548d8c96
    name: submarine-mlflow-69548d8c96-pkdt2
    namespace: default
    ownerReferences:
    - apiVersion: apps/v1
      blockOwnerDeletion: true
      controller: true
      kind: ReplicaSet
      name: submarine-mlflow-69548d8c96
      uid: 71dedd62-d5db-4a7e-b15c-f7d9851e347a
    resourceVersion: "4127989"
    selfLink: /api/v1/namespaces/default/pods/submarine-mlflow-69548d8c96-pkdt2
    uid: 5b5224a1-9503-4607-830c-06cedbeafb7b
  spec:
    containers:
    - image: apache/submarine:mlflow-0.7.0
      imagePullPolicy: IfNotPresent
      name: submarine-mlflow-container
      ports:
      - containerPort: 5000
        protocol: TCP
      readinessProbe:
        failureThreshold: 3
        initialDelaySeconds: 60
        periodSeconds: 10
        successThreshold: 1
        tcpSocket:
          port: 5000
        timeoutSeconds: 1
      resources: {}
      terminationMessagePath: /dev/termination-log
      terminationMessagePolicy: File
      volumeMounts:
      - mountPath: /logs
        name: volume
        subPath: submarine-mlflow
      - mountPath: /var/run/secrets/kubernetes.io/serviceaccount
        name: submarine-storage-token-4kkfj
        readOnly: true
    dnsPolicy: ClusterFirst
    enableServiceLinks: true
    initContainers:
    - command:
      - sh
      - -c
      - until nc -z submarine-database 3306; do echo waiting for database connection;
        sleep 20; done
      image: busybox:1.28
      imagePullPolicy: IfNotPresent
      name: check-database-connection
      resources: {}
      terminationMessagePath: /dev/termination-log
      terminationMessagePolicy: File
      volumeMounts:
      - mountPath: /var/run/secrets/kubernetes.io/serviceaccount
        name: submarine-storage-token-4kkfj
        readOnly: true
    - command:
      - /bin/bash
      - -c
      - 'cnt=0; while ! /bin/bash -c ''mc --config-dir /root/.mc config host add minio
        http://submarine-minio-service:9000 submarine_minio submarine_minio'' 2>&1;
        do sleep 15; ((cnt=cnt+1)); if [ $cnt -eq 80 ];then echo ''ERROR: wait too
        long for minio pod''; exit 1; fi; done; if /bin/bash -c ''mc --config-dir
        /root/.mc ls minio/mlflow'' >/dev/null 2>&1; then echo ''Bucket minio/mlflow
        already exists, skipping creation.''; else /bin/bash -c ''mc --config-dir
        /root/.mc mb minio/mlflow''; fi;'
      image: minio/mc
      imagePullPolicy: Always
      name: submarine-mlflow-initcontainer
      resources: {}
      terminationMessagePath: /dev/termination-log
      terminationMessagePolicy: File
      volumeMounts:
      - mountPath: /root/.mc
        name: mc-config-vol
      - mountPath: /var/run/secrets/kubernetes.io/serviceaccount
        name: submarine-storage-token-4kkfj
        readOnly: true
    nodeName: blade02-k205-lab
    priority: 0
    restartPolicy: Always
    schedulerName: default-scheduler
    securityContext: {}
    serviceAccount: submarine-storage
    serviceAccountName: submarine-storage
    terminationGracePeriodSeconds: 30
    tolerations:
    - effect: NoExecute
      key: node.kubernetes.io/not-ready
      operator: Exists
      tolerationSeconds: 300
    - effect: NoExecute
      key: node.kubernetes.io/unreachable
      operator: Exists
      tolerationSeconds: 300
    volumes:
    - name: volume
      persistentVolumeClaim:
        claimName: submarine-mlflow-pvc
    - emptyDir: {}
      name: mc-config-vol
    - name: submarine-storage-token-4kkfj
      secret:
        defaultMode: 420
        secretName: submarine-storage-token-4kkfj
  status:
    conditions:
    - lastProbeTime: null
      lastTransitionTime: "2022-07-19T05:13:29Z"
      status: "True"
      type: Initialized
    - lastProbeTime: null
      lastTransitionTime: "2022-07-19T05:14:38Z"
      status: "True"
      type: Ready
    - lastProbeTime: null
      lastTransitionTime: "2022-07-19T05:14:38Z"
      status: "True"
      type: ContainersReady
    - lastProbeTime: null
      lastTransitionTime: "2022-07-19T05:13:17Z"
      status: "True"
      type: PodScheduled
    containerStatuses:
    - containerID: docker://0d8f09d505627b13824c4512e28d7abe9c263e57218b556c9c92ff8dca61fc44
      image: apache/submarine:mlflow-0.7.0
      imageID: docker-pullable://apache/submarine@sha256:3cc868ef73793119206ed57340f80cf3d321f41b6315f8e02f98596a4180525d
      lastState: {}
      name: submarine-mlflow-container
      ready: true
      restartCount: 0
      started: true
      state:
        running:
          startedAt: "2022-07-19T05:13:30Z"
    hostIP: 120.108.205.162
    initContainerStatuses:
    - containerID: docker://5202b903b382dfea577a4dbcfdc5df824ae26e0100be9c59c17479a3b4dce185
      image: busybox:1.28
      imageID: docker-pullable://busybox@sha256:141c253bc4c3fd0a201d32dc1f493bcf3fff003b6df416dea4f41046e0f37d47
      lastState: {}
      name: check-database-connection
      ready: true
      restartCount: 0
      state:
        terminated:
          containerID: docker://5202b903b382dfea577a4dbcfdc5df824ae26e0100be9c59c17479a3b4dce185
          exitCode: 0
          finishedAt: "2022-07-19T05:13:23Z"
          reason: Completed
          startedAt: "2022-07-19T05:13:22Z"
    - containerID: docker://9f52208cab54ff4809f6021c4fc5b2208f5d2dacaaf000a03cdc40f3ae70d18d
      image: minio/mc:latest
      imageID: docker-pullable://minio/mc@sha256:652be7ddc6f96250397922ce8bdea8d35e1d4bc64349cb7b4b2f285209ef7d11
      lastState: {}
      name: submarine-mlflow-initcontainer
      ready: true
      restartCount: 0
      state:
        terminated:
          containerID: docker://9f52208cab54ff4809f6021c4fc5b2208f5d2dacaaf000a03cdc40f3ae70d18d
          exitCode: 0
          finishedAt: "2022-07-19T05:13:28Z"
          reason: Completed
          startedAt: "2022-07-19T05:13:28Z"
    phase: Running
    podIP: 10.244.0.247
    podIPs:
    - ip: 10.244.0.247
    qosClass: BestEffort
    startTime: "2022-07-19T05:13:17Z"
- apiVersion: v1
  kind: Pod
  metadata:
    annotations:
      timestamp: 2022-07-19 01:12:55.449357569 -0400 EDT m=+3.070588703
    creationTimestamp: "2022-07-19T05:12:56Z"
    generateName: submarine-operator-8c558765f-
    labels:
      app: submarine-operator
      pod-template-hash: 8c558765f
    name: submarine-operator-8c558765f-sxqzx
    namespace: default
    ownerReferences:
    - apiVersion: apps/v1
      blockOwnerDeletion: true
      controller: true
      kind: ReplicaSet
      name: submarine-operator-8c558765f
      uid: 4ac5b50d-985c-4375-9cd9-f3c68cf70daf
    resourceVersion: "4127495"
    selfLink: /api/v1/namespaces/default/pods/submarine-operator-8c558765f-sxqzx
    uid: 3d11eed6-e579-4b26-9917-467fd53c5784
  spec:
    containers:
    - env:
      - name: SUBMARINE_POD_SECURITY_POLICY_ENABLE
        value: "true"
      - name: SUBMARINE_CLUSTER_TYPE
        value: kubernetes
      image: apache/submarine:operator-0.7.0
      imagePullPolicy: IfNotPresent
      name: submarine-operator
      resources: {}
      terminationMessagePath: /dev/termination-log
      terminationMessagePolicy: File
      volumeMounts:
      - mountPath: /var/run/secrets/kubernetes.io/serviceaccount
        name: submarine-operator-token-qdcw5
        readOnly: true
    dnsPolicy: ClusterFirst
    enableServiceLinks: true
    nodeName: blade07-k205-lab
    priority: 0
    restartPolicy: Always
    schedulerName: default-scheduler
    securityContext: {}
    serviceAccount: submarine-operator
    serviceAccountName: submarine-operator
    terminationGracePeriodSeconds: 30
    tolerations:
    - effect: NoExecute
      key: node.kubernetes.io/not-ready
      operator: Exists
      tolerationSeconds: 300
    - effect: NoExecute
      key: node.kubernetes.io/unreachable
      operator: Exists
      tolerationSeconds: 300
    volumes:
    - name: submarine-operator-token-qdcw5
      secret:
        defaultMode: 420
        secretName: submarine-operator-token-qdcw5
  status:
    conditions:
    - lastProbeTime: null
      lastTransitionTime: "2022-07-19T05:12:56Z"
      status: "True"
      type: Initialized
    - lastProbeTime: null
      lastTransitionTime: "2022-07-19T05:13:09Z"
      status: "True"
      type: Ready
    - lastProbeTime: null
      lastTransitionTime: "2022-07-19T05:13:09Z"
      status: "True"
      type: ContainersReady
    - lastProbeTime: null
      lastTransitionTime: "2022-07-19T05:12:56Z"
      status: "True"
      type: PodScheduled
    containerStatuses:
    - containerID: docker://b4e35d03ba479459a0edaf16ec347363b36b36f6c157e27ff1259bca281a90f1
      image: apache/submarine:operator-0.7.0
      imageID: docker-pullable://apache/submarine@sha256:cd8b9a3c1e4a367ecf9df45e4ea8e78b9be0d347db5a70b3910cca87e73c4f28
      lastState: {}
      name: submarine-operator
      ready: true
      restartCount: 0
      started: true
      state:
        running:
          startedAt: "2022-07-19T05:13:09Z"
    hostIP: 120.108.205.167
    phase: Running
    podIP: 10.244.4.226
    podIPs:
    - ip: 10.244.4.226
    qosClass: BestEffort
    startTime: "2022-07-19T05:12:56Z"
- apiVersion: v1
  kind: Pod
  metadata:
    creationTimestamp: "2022-07-19T05:13:16Z"
    generateName: submarine-server-85cd5cd5dc-
    labels:
      app: submarine-server
      pod-template-hash: 85cd5cd5dc
    name: submarine-server-85cd5cd5dc-gnrl4
    namespace: default
    ownerReferences:
    - apiVersion: apps/v1
      blockOwnerDeletion: true
      controller: true
      kind: ReplicaSet
      name: submarine-server-85cd5cd5dc
      uid: b2214c52-aba7-45dc-bdad-9b1ee2bba087
    resourceVersion: "4127710"
    selfLink: /api/v1/namespaces/default/pods/submarine-server-85cd5cd5dc-gnrl4
    uid: 392c0d76-5a1f-4a07-95e9-1807fdc736d5
  spec:
    containers:
    - env:
      - name: SUBMARINE_SERVER_PORT
        value: "8080"
      - name: SUBMARINE_SERVER_PORT_8080_TCP
        value: "8080"
      - name: K8S_APISERVER_URL
        value: kubernetes.default.svc
      - name: SUBMARINE_SERVER_DNS_NAME
        value: submarine-server.default
      - name: ENV_NAMESPACE
        valueFrom:
          fieldRef:
            apiVersion: v1
            fieldPath: metadata.namespace
      - name: SUBMARINE_APIVERSION
        value: submarine.apache.org/v1alpha1
      - name: SUBMARINE_KIND
        value: Submarine
      - name: SUBMARINE_NAME
        value: example-submarine
      - name: SUBMARINE_UID
        value: b9247a35-671d-48c9-a1fc-1799832c36ad
      image: apache/submarine:server-0.7.0
      imagePullPolicy: IfNotPresent
      name: submarine-server
      ports:
      - containerPort: 8080
        protocol: TCP
      resources: {}
      terminationMessagePath: /dev/termination-log
      terminationMessagePolicy: File
      volumeMounts:
      - mountPath: /var/run/secrets/kubernetes.io/serviceaccount
        name: submarine-server-token-tjl2l
        readOnly: true
    dnsPolicy: ClusterFirst
    enableServiceLinks: true
    initContainers:
    - command:
      - /bin/bash
      - -c
      - 'cnt=0; while ! /bin/bash -c ''mc --config-dir /root/.mc config host add minio
        http://submarine-minio-service:9000 submarine_minio submarine_minio'' 2>&1;
        do sleep 15; ((cnt=cnt+1)); if [ $cnt -eq 80 ];then echo ''ERROR: wait too
        long for minio pod''; exit 1; fi; done; if /bin/bash -c ''mc --config-dir
        /root/.mc ls minio/submarine'' >/dev/null 2>&1; then echo ''Bucket minio/submarine
        already exists, skipping creation.''; else /bin/bash -c ''mc --config-dir
        /root/.mc mb minio/submarine''; fi;'
      image: minio/mc
      imagePullPolicy: Always
      name: submarine-server-initcontainer
      resources: {}
      terminationMessagePath: /dev/termination-log
      terminationMessagePolicy: File
      volumeMounts:
      - mountPath: /root/.mc
        name: mc-config-vol
      - mountPath: /var/run/secrets/kubernetes.io/serviceaccount
        name: submarine-server-token-tjl2l
        readOnly: true
    nodeName: blade07-k205-lab
    priority: 0
    restartPolicy: Always
    schedulerName: default-scheduler
    securityContext: {}
    serviceAccount: submarine-server
    serviceAccountName: submarine-server
    terminationGracePeriodSeconds: 30
    tolerations:
    - effect: NoExecute
      key: node.kubernetes.io/not-ready
      operator: Exists
      tolerationSeconds: 300
    - effect: NoExecute
      key: node.kubernetes.io/unreachable
      operator: Exists
      tolerationSeconds: 300
    volumes:
    - emptyDir: {}
      name: mc-config-vol
    - name: submarine-server-token-tjl2l
      secret:
        defaultMode: 420
        secretName: submarine-server-token-tjl2l
  status:
    conditions:
    - lastProbeTime: null
      lastTransitionTime: "2022-07-19T05:13:24Z"
      status: "True"
      type: Initialized
    - lastProbeTime: null
      lastTransitionTime: "2022-07-19T05:13:25Z"
      status: "True"
      type: Ready
    - lastProbeTime: null
      lastTransitionTime: "2022-07-19T05:13:25Z"
      status: "True"
      type: ContainersReady
    - lastProbeTime: null
      lastTransitionTime: "2022-07-19T05:13:16Z"
      status: "True"
      type: PodScheduled
    containerStatuses:
    - containerID: docker://13b84b2557cd4dd1a99f5e16b902a606290a3fdc49d3ec20676b993a0fdb7c40
      image: apache/submarine:server-0.7.0
      imageID: docker-pullable://apache/submarine@sha256:4f9c8e41d9242f2d92f9a9def0b9e43efdd6a9b42e23ae3a1fa25afee48d0370
      lastState: {}
      name: submarine-server
      ready: true
      restartCount: 0
      started: true
      state:
        running:
          startedAt: "2022-07-19T05:13:25Z"
    hostIP: 120.108.205.167
    initContainerStatuses:
    - containerID: docker://a96a0056bc8cd48ae8292b9ace52776e2205beaf19652c2a153d88e29269820d
      image: minio/mc:latest
      imageID: docker-pullable://minio/mc@sha256:652be7ddc6f96250397922ce8bdea8d35e1d4bc64349cb7b4b2f285209ef7d11
      lastState: {}
      name: submarine-server-initcontainer
      ready: true
      restartCount: 0
      state:
        terminated:
          containerID: docker://a96a0056bc8cd48ae8292b9ace52776e2205beaf19652c2a153d88e29269820d
          exitCode: 0
          finishedAt: "2022-07-19T05:13:23Z"
          reason: Completed
          startedAt: "2022-07-19T05:13:23Z"
    phase: Running
    podIP: 10.244.4.227
    podIPs:
    - ip: 10.244.4.227
    qosClass: BestEffort
    startTime: "2022-07-19T05:13:16Z"
- apiVersion: v1
  kind: Pod
  metadata:
    creationTimestamp: "2022-07-19T05:13:16Z"
    generateName: submarine-tensorboard-5c6df48f4d-
    labels:
      app: submarine-tensorboard
      pod-template-hash: 5c6df48f4d
    name: submarine-tensorboard-5c6df48f4d-h9spk
    namespace: default
    ownerReferences:
    - apiVersion: apps/v1
      blockOwnerDeletion: true
      controller: true
      kind: ReplicaSet
      name: submarine-tensorboard-5c6df48f4d
      uid: 6f5b11db-9b6f-4dd7-ab22-7520064f4ee5
    resourceVersion: "4214838"
    selfLink: /api/v1/namespaces/default/pods/submarine-tensorboard-5c6df48f4d-h9spk
    uid: f3d55fcd-1ab7-49ed-b198-738fd4132e7b
  spec:
    containers:
    - command:
      - tensorboard
      - --logdir=/logs
      - --path_prefix=/tensorboard
      image: tensorflow/tensorflow:1.11.0
      imagePullPolicy: IfNotPresent
      name: submarine-tensorboard-container
      ports:
      - containerPort: 6006
        protocol: TCP
      readinessProbe:
        failureThreshold: 3
        periodSeconds: 10
        successThreshold: 1
        tcpSocket:
          port: 6006
        timeoutSeconds: 1
      resources: {}
      terminationMessagePath: /dev/termination-log
      terminationMessagePolicy: File
      volumeMounts:
      - mountPath: /logs
        name: volume
        subPath: submarine-tensorboard
      - mountPath: /var/run/secrets/kubernetes.io/serviceaccount
        name: submarine-storage-token-4kkfj
        readOnly: true
    dnsPolicy: ClusterFirst
    enableServiceLinks: true
    nodeName: blade02-k205-lab
    priority: 0
    restartPolicy: Always
    schedulerName: default-scheduler
    securityContext: {}
    serviceAccount: submarine-storage
    serviceAccountName: submarine-storage
    terminationGracePeriodSeconds: 30
    tolerations:
    - effect: NoExecute
      key: node.kubernetes.io/not-ready
      operator: Exists
      tolerationSeconds: 300
    - effect: NoExecute
      key: node.kubernetes.io/unreachable
      operator: Exists
      tolerationSeconds: 300
    volumes:
    - name: volume
      persistentVolumeClaim:
        claimName: submarine-tensorboard-pvc
    - name: submarine-storage-token-4kkfj
      secret:
        defaultMode: 420
        secretName: submarine-storage-token-4kkfj
  status:
    conditions:
    - lastProbeTime: null
      lastTransitionTime: "2022-07-19T05:13:16Z"
      status: "True"
      type: Initialized
    - lastProbeTime: null
      lastTransitionTime: "2022-07-19T05:13:16Z"
      message: 'containers with unready status: [submarine-tensorboard-container]'
      reason: ContainersNotReady
      status: "False"
      type: Ready
    - lastProbeTime: null
      lastTransitionTime: "2022-07-19T05:13:16Z"
      message: 'containers with unready status: [submarine-tensorboard-container]'
      reason: ContainersNotReady
      status: "False"
      type: ContainersReady
    - lastProbeTime: null
      lastTransitionTime: "2022-07-19T05:13:16Z"
      status: "True"
      type: PodScheduled
    containerStatuses:
    - containerID: docker://bbfa04987d41c0b14d270df492e5fda11484eca1ef18001d350528f6e61c8337
      image: tensorflow/tensorflow:1.11.0
      imageID: docker-pullable://tensorflow/tensorflow@sha256:d281f434df9538eb103924245918c56434cd7d89a5d8925b8318a50be936a52e
      lastState:
        terminated:
          containerID: docker://bbfa04987d41c0b14d270df492e5fda11484eca1ef18001d350528f6e61c8337
          exitCode: 132
          finishedAt: "2022-07-19T11:28:33Z"
          reason: Error
          startedAt: "2022-07-19T11:28:32Z"
      name: submarine-tensorboard-container
      ready: false
      restartCount: 78
      started: false
      state:
        waiting:
          message: back-off 5m0s restarting failed container=submarine-tensorboard-container
            pod=submarine-tensorboard-5c6df48f4d-h9spk_default(f3d55fcd-1ab7-49ed-b198-738fd4132e7b)
          reason: CrashLoopBackOff
    hostIP: 120.108.205.162
    phase: Running
    podIP: 10.244.0.248
    podIPs:
    - ip: 10.244.0.248
    qosClass: BestEffort
    startTime: "2022-07-19T05:13:16Z"
- apiVersion: v1
  kind: Pod
  metadata:
    creationTimestamp: "2022-07-19T05:12:56Z"
    generateName: submarine-traefik-d55c689b5-
    labels:
      app.kubernetes.io/instance: submarine
      app.kubernetes.io/managed-by: Helm
      app.kubernetes.io/name: traefik
      helm.sh/chart: traefik-9.1.0
      pod-template-hash: d55c689b5
    name: submarine-traefik-d55c689b5-59nlv
    namespace: default
    ownerReferences:
    - apiVersion: apps/v1
      blockOwnerDeletion: true
      controller: true
      kind: ReplicaSet
      name: submarine-traefik-d55c689b5
      uid: 94909115-e8cf-4c75-9c22-ef7a78596277
    resourceVersion: "4127514"
    selfLink: /api/v1/namespaces/default/pods/submarine-traefik-d55c689b5-59nlv
    uid: 64816a23-15a3-430d-a178-4bafd8b5f75d
  spec:
    containers:
    - args:
      - --global.checknewversion
      - --global.sendanonymoususage
      - --entryPoints.traefik.address=:9000/tcp
      - --entryPoints.web.address=:8000/tcp
      - --entryPoints.websecure.address=:8443/tcp
      - --api.dashboard=true
      - --ping=true
      - --providers.kubernetescrd
      - --providers.kubernetesingress
      image: traefik:2.2.8
      imagePullPolicy: IfNotPresent
      livenessProbe:
        failureThreshold: 3
        httpGet:
          path: /ping
          port: 9000
          scheme: HTTP
        initialDelaySeconds: 10
        periodSeconds: 10
        successThreshold: 1
        timeoutSeconds: 2
      name: submarine-traefik
      ports:
      - containerPort: 9000
        name: traefik
        protocol: TCP
      - containerPort: 8000
        name: web
        protocol: TCP
      - containerPort: 8443
        name: websecure
        protocol: TCP
      readinessProbe:
        failureThreshold: 1
        httpGet:
          path: /ping
          port: 9000
          scheme: HTTP
        initialDelaySeconds: 10
        periodSeconds: 10
        successThreshold: 1
        timeoutSeconds: 2
      resources: {}
      securityContext:
        capabilities:
          drop:
          - ALL
        readOnlyRootFilesystem: true
        runAsGroup: 65532
        runAsNonRoot: true
        runAsUser: 65532
      terminationMessagePath: /dev/termination-log
      terminationMessagePolicy: File
      volumeMounts:
      - mountPath: /data
        name: data
      - mountPath: /tmp
        name: tmp
      - mountPath: /var/run/secrets/kubernetes.io/serviceaccount
        name: submarine-traefik-token-h8sjr
        readOnly: true
    dnsPolicy: ClusterFirst
    enableServiceLinks: true
    nodeName: blade06-k205-lab
    priority: 0
    restartPolicy: Always
    schedulerName: default-scheduler
    securityContext:
      fsGroup: 65532
    serviceAccount: submarine-traefik
    serviceAccountName: submarine-traefik
    terminationGracePeriodSeconds: 60
    tolerations:
    - effect: NoExecute
      key: node.kubernetes.io/not-ready
      operator: Exists
      tolerationSeconds: 300
    - effect: NoExecute
      key: node.kubernetes.io/unreachable
      operator: Exists
      tolerationSeconds: 300
    volumes:
    - emptyDir: {}
      name: data
    - emptyDir: {}
      name: tmp
    - name: submarine-traefik-token-h8sjr
      secret:
        defaultMode: 420
        secretName: submarine-traefik-token-h8sjr
  status:
    conditions:
    - lastProbeTime: null
      lastTransitionTime: "2022-07-19T05:12:56Z"
      status: "True"
      type: Initialized
    - lastProbeTime: null
      lastTransitionTime: "2022-07-19T05:13:12Z"
      status: "True"
      type: Ready
    - lastProbeTime: null
      lastTransitionTime: "2022-07-19T05:13:12Z"
      status: "True"
      type: ContainersReady
    - lastProbeTime: null
      lastTransitionTime: "2022-07-19T05:12:56Z"
      status: "True"
      type: PodScheduled
    containerStatuses:
    - containerID: docker://676b127707afb4cb20db089089945350f19a8ef473d2a7da493d6b7d6f00fbaa
      image: traefik:2.2.8
      imageID: docker-pullable://traefik@sha256:f5af5a5ce17fc3e353b507e8acce65d7f28126408a8c92dc3cac246d023dc9e8
      lastState: {}
      name: submarine-traefik
      ready: true
      restartCount: 0
      started: true
      state:
        running:
          startedAt: "2022-07-19T05:12:59Z"
    hostIP: 120.108.205.166
    phase: Running
    podIP: 10.244.3.50
    podIPs:
    - ip: 10.244.3.50
    qosClass: BestEffort
    startTime: "2022-07-19T05:12:56Z"
- apiVersion: v1
  kind: Pod
  metadata:
    creationTimestamp: "2022-07-19T05:12:56Z"
    generateName: tf-job-operator-598686fd84-
    labels:
      app: tf-job-operator
      name: tf-job-operator
      pod-template-hash: 598686fd84
    name: tf-job-operator-598686fd84-dgd27
    namespace: default
    ownerReferences:
    - apiVersion: apps/v1
      blockOwnerDeletion: true
      controller: true
      kind: ReplicaSet
      name: tf-job-operator-598686fd84
      uid: 1f699e0e-4191-4820-ab3a-adde324a9fcf
    resourceVersion: "4127454"
    selfLink: /api/v1/namespaces/default/pods/tf-job-operator-598686fd84-dgd27
    uid: 1c5b4e37-6780-4091-a986-6f238380c632
  spec:
    containers:
    - args:
      - --alsologtostderr
      - -v=1
      - --monitoring-port=8443
      env:
      - name: MY_POD_NAMESPACE
        valueFrom:
          fieldRef:
            apiVersion: v1
            fieldPath: metadata.namespace
      - name: MY_POD_NAME
        valueFrom:
          fieldRef:
            apiVersion: v1
            fieldPath: metadata.name
      image: apache/submarine:tf_operator-v1.1.0-g92389064
      imagePullPolicy: IfNotPresent
      name: tf-job-operator
      resources: {}
      terminationMessagePath: /dev/termination-log
      terminationMessagePolicy: File
      volumeMounts:
      - mountPath: /var/run/secrets/kubernetes.io/serviceaccount
        name: tf-job-operator-token-z8k5f
        readOnly: true
    dnsPolicy: ClusterFirst
    enableServiceLinks: true
    nodeName: blade04-k205-lab
    priority: 0
    restartPolicy: Always
    schedulerName: default-scheduler
    securityContext: {}
    serviceAccount: tf-job-operator
    serviceAccountName: tf-job-operator
    terminationGracePeriodSeconds: 30
    tolerations:
    - effect: NoExecute
      key: node.kubernetes.io/not-ready
      operator: Exists
      tolerationSeconds: 300
    - effect: NoExecute
      key: node.kubernetes.io/unreachable
      operator: Exists
      tolerationSeconds: 300
    volumes:
    - name: tf-job-operator-token-z8k5f
      secret:
        defaultMode: 420
        secretName: tf-job-operator-token-z8k5f
  status:
    conditions:
    - lastProbeTime: null
      lastTransitionTime: "2022-07-19T05:12:56Z"
      status: "True"
      type: Initialized
    - lastProbeTime: null
      lastTransitionTime: "2022-07-19T05:13:00Z"
      status: "True"
      type: Ready
    - lastProbeTime: null
      lastTransitionTime: "2022-07-19T05:13:00Z"
      status: "True"
      type: ContainersReady
    - lastProbeTime: null
      lastTransitionTime: "2022-07-19T05:12:56Z"
      status: "True"
      type: PodScheduled
    containerStatuses:
    - containerID: docker://0f49301ce34e76ce1058eb913d54e812b91bec23d23df4cb7e53f8121bce6168
      image: apache/submarine:tf_operator-v1.1.0-g92389064
      imageID: docker-pullable://apache/submarine@sha256:bf455b1cc183b6537f8cf7446e105e3a6e8154123a28298b1a2234c0ab0a3de6
      lastState: {}
      name: tf-job-operator
      ready: true
      restartCount: 0
      started: true
      state:
        running:
          startedAt: "2022-07-19T05:13:00Z"
    hostIP: 120.108.205.164
    phase: Running
    podIP: 10.244.1.193
    podIPs:
    - ip: 10.244.1.193
    qosClass: BestEffort
    startTime: "2022-07-19T05:12:56Z"
kind: List
metadata:
  resourceVersion: ""
  selfLink: ""
