Name:         experiment-1657028867874-0003
Namespace:    default
Labels:       submarine-experiment-name=ddp-example
Annotations:  <none>
API Version:  kubeflow.org/v1
Kind:         PyTorchJob
Metadata:
  Creation Timestamp:  2022-07-05T14:16:59Z
  Generation:          1
  Owner References:
    API Version:           submarine.apache.org/v1alpha1
    Block Owner Deletion:  true
    Controller:            true
    Kind:                  Submarine
    Name:                  example-submarine
    UID:                   833ad585-aca4-446d-b5df-f9b7f8628b0a
  Resource Version:        1254028
  Self Link:               /apis/kubeflow.org/v1/namespaces/default/pytorchjobs/experiment-1657028867874-0003
  UID:                     2b60b02d-80d4-4f4d-9a20-509f284a50e1
Spec:
  Backoff Limit:  3
  Pytorch Replica Specs:
    Master:
      Replicas:        1
      Restart Policy:  OnFailure
      Template:
        Metadata:
          Labels:
            Application Id:  pytorch_job_20200521_001
            Queue:           root.sandbox
        Spec:
          Containers:
            Command:
              python
              /opt/mnist_distributed.py
            Env:
              Name:   ENV_1
              Value:  ENV1
              Name:   JOB_ID
              Value:  experiment-1657028867874-0003
              Name:   SUBMARINE_TRACKING_URI
              Value:  mysql+pymysql://submarine:password@submarine-database:3306/submarine
              Name:   SUBMARINE_TENSORBOARD_LOG_DIR
              Value:  /logs/mylog
            Image:    0yukali0/ddp:0.7.0
            Name:     pytorch
            Resources:
              Limits:
                Cpu:     1
                Memory:  1024M
              Requests:
                Cpu:     1
                Memory:  512M
            Volume Mounts:
              Mount Path:  /logs
              Name:        volume
              Sub Path:    submarine-tensorboard/ddp-example
          Scheduler Name:  yunikorn
          Volumes:
            Name:  volume
            Persistent Volume Claim:
              Claim Name:  submarine-tensorboard-pvc
    Worker:
      Replicas:        31
      Restart Policy:  OnFailure
      Template:
        Metadata:
          Labels:
            Application Id:  pytorch_job_20200521_001
            Queue:           root.sandbox
        Spec:
          Containers:
            Command:
              python
              /opt/mnist_distributed.py
            Env:
              Name:   ENV_1
              Value:  ENV1
              Name:   JOB_ID
              Value:  experiment-1657028867874-0003
              Name:   SUBMARINE_TRACKING_URI
              Value:  mysql+pymysql://submarine:password@submarine-database:3306/submarine
              Name:   SUBMARINE_TENSORBOARD_LOG_DIR
              Value:  /logs/mylog
            Image:    0yukali0/ddp:0.7.0
            Name:     pytorch
            Resources:
              Limits:
                Cpu:     1
                Memory:  1024M
              Requests:
                Cpu:     1
                Memory:  512M
            Volume Mounts:
              Mount Path:  /logs
              Name:        volume
              Sub Path:    submarine-tensorboard/ddp-example
          Scheduler Name:  yunikorn
          Volumes:
            Name:  volume
            Persistent Volume Claim:
              Claim Name:  submarine-tensorboard-pvc
Status:
  Completion Time:  2022-07-05T14:25:17Z
  Conditions:
    Last Transition Time:  2022-07-05T14:16:59Z
    Last Update Time:      2022-07-05T14:16:59Z
    Message:               PyTorchJob experiment-1657028867874-0003 is created.
    Reason:                PyTorchJobCreated
    Status:                True
    Type:                  Created
    Last Transition Time:  2022-07-05T14:17:17Z
    Last Update Time:      2022-07-05T14:17:17Z
    Message:               PyTorchJob experiment-1657028867874-0003 is running.
    Reason:                PyTorchJobRunning
    Status:                False
    Type:                  Running
    Last Transition Time:  2022-07-05T14:25:17Z
    Last Update Time:      2022-07-05T14:25:17Z
    Message:               PyTorchJob experiment-1657028867874-0003 is successfully completed.
    Reason:                PyTorchJobSucceeded
    Status:                True
    Type:                  Succeeded
  Replica Statuses:
    Master:
      Succeeded:  1
    Worker:
      Succeeded:  31
  Start Time:     2022-07-05T14:17:09Z
Events:
  Type    Reason               Age                 From              Message
  ----    ------               ----                ----              -------
  Normal  SuccessfulCreatePod  21m                 pytorch-operator  Created pod: experiment-1657028867874-0003-worker-0
  Normal  SuccessfulCreatePod  21m                 pytorch-operator  Created pod: experiment-1657028867874-0003-worker-1
  Normal  SuccessfulCreatePod  21m                 pytorch-operator  Created pod: experiment-1657028867874-0003-worker-2
  Normal  SuccessfulCreatePod  21m                 pytorch-operator  Created pod: experiment-1657028867874-0003-worker-3
  Normal  SuccessfulCreatePod  21m                 pytorch-operator  Created pod: experiment-1657028867874-0003-worker-4
  Normal  SuccessfulCreatePod  21m                 pytorch-operator  Created pod: experiment-1657028867874-0003-worker-5
  Normal  SuccessfulCreatePod  21m                 pytorch-operator  Created pod: experiment-1657028867874-0003-worker-6
  Normal  SuccessfulCreatePod  21m                 pytorch-operator  Created pod: experiment-1657028867874-0003-worker-7
  Normal  SuccessfulCreatePod  21m                 pytorch-operator  Created pod: experiment-1657028867874-0003-worker-8
  Normal  SuccessfulCreatePod  20m (x16 over 21m)  pytorch-operator  (combined from similar events): Created pod: experiment-1657028867874-0003-worker-24
  Normal  PyTorchJobSucceeded  12m                 pytorch-operator  PyTorchJob experiment-1657028867874-0003 is successfully completed.
