Name:         experiment-1658207605530-0003
Namespace:    default
Labels:       submarine-experiment-name=ddp-example
Annotations:  <none>
API Version:  kubeflow.org/v1
Kind:         PyTorchJob
Metadata:
  Creation Timestamp:  2022-07-19T05:35:03Z
  Generation:          1
  Owner References:
    API Version:           submarine.apache.org/v1alpha1
    Block Owner Deletion:  true
    Controller:            true
    Kind:                  Submarine
    Name:                  example-submarine
    UID:                   b9247a35-671d-48c9-a1fc-1799832c36ad
  Resource Version:        4135464
  Self Link:               /apis/kubeflow.org/v1/namespaces/default/pytorchjobs/experiment-1658207605530-0003
  UID:                     6c281664-c853-4b9c-b1ff-e4368e4d7e46
Spec:
  Backoff Limit:  3
  Pytorch Replica Specs:
    Master:
      Replicas:        1
      Restart Policy:  OnFailure
      Template:
        Spec:
          Containers:
            Command:
              python
              /opt/mnist_distributed.py
            Env:
              Name:   ENV_1
              Value:  ENV1
              Name:   JOB_ID
              Value:  experiment-1658207605530-0003
              Name:   SUBMARINE_TRACKING_URI
              Value:  mysql+pymysql://submarine:password@submarine-database:3306/submarine
              Name:   SUBMARINE_TENSORBOARD_LOG_DIR
              Value:  /logs/mylog
            Image:    0yukali0/ddp:0.7.0_nn_data
            Name:     pytorch
            Resources:
              Limits:
                Cpu:     1
                Memory:  1024M
              Requests:
                Cpu:     1
                Memory:  512M
            Volume Mounts:
              Mount Path:  /logs
              Name:        volume
              Sub Path:    submarine-tensorboard/ddp-example
          Volumes:
            Name:  volume
            Persistent Volume Claim:
              Claim Name:  submarine-tensorboard-pvc
    Worker:
      Replicas:        15
      Restart Policy:  OnFailure
      Template:
        Spec:
          Containers:
            Command:
              python
              /opt/mnist_distributed.py
            Env:
              Name:   ENV_1
              Value:  ENV1
              Name:   JOB_ID
              Value:  experiment-1658207605530-0003
              Name:   SUBMARINE_TRACKING_URI
              Value:  mysql+pymysql://submarine:password@submarine-database:3306/submarine
              Name:   SUBMARINE_TENSORBOARD_LOG_DIR
              Value:  /logs/mylog
            Image:    0yukali0/ddp:0.7.0_nn_data
            Name:     pytorch
            Resources:
              Limits:
                Cpu:     1
                Memory:  1024M
              Requests:
                Cpu:     1
                Memory:  512M
            Volume Mounts:
              Mount Path:  /logs
              Name:        volume
              Sub Path:    submarine-tensorboard/ddp-example
          Volumes:
            Name:  volume
            Persistent Volume Claim:
              Claim Name:  submarine-tensorboard-pvc
Status:
  Completion Time:  2022-07-19T05:41:47Z
  Conditions:
    Last Transition Time:  2022-07-19T05:35:03Z
    Last Update Time:      2022-07-19T05:35:03Z
    Message:               PyTorchJob experiment-1658207605530-0003 is created.
    Reason:                PyTorchJobCreated
    Status:                True
    Type:                  Created
    Last Transition Time:  2022-07-19T05:35:14Z
    Last Update Time:      2022-07-19T05:35:14Z
    Message:               PyTorchJob experiment-1658207605530-0003 is running.
    Reason:                PyTorchJobRunning
    Status:                False
    Type:                  Running
    Last Transition Time:  2022-07-19T05:41:47Z
    Last Update Time:      2022-07-19T05:41:47Z
    Message:               PyTorchJob experiment-1658207605530-0003 is successfully completed.
    Reason:                PyTorchJobSucceeded
    Status:                True
    Type:                  Succeeded
  Replica Statuses:
    Master:
      Succeeded:  1
    Worker:
      Succeeded:  15
  Start Time:     2022-07-19T05:35:06Z
Events:
  Type    Reason                   Age                From              Message
  ----    ------                   ----               ----              -------
  Normal  SuccessfulCreatePod      14m                pytorch-operator  Created pod: experiment-1658207605530-0003-worker-0
  Normal  SuccessfulCreatePod      14m                pytorch-operator  Created pod: experiment-1658207605530-0003-worker-1
  Normal  SuccessfulCreatePod      14m                pytorch-operator  Created pod: experiment-1658207605530-0003-worker-2
  Normal  SuccessfulCreatePod      14m                pytorch-operator  Created pod: experiment-1658207605530-0003-worker-3
  Normal  SuccessfulCreatePod      14m                pytorch-operator  Created pod: experiment-1658207605530-0003-worker-4
  Normal  SuccessfulCreatePod      14m                pytorch-operator  Created pod: experiment-1658207605530-0003-worker-5
  Normal  SuccessfulCreatePod      14m                pytorch-operator  Created pod: experiment-1658207605530-0003-worker-6
  Normal  SuccessfulCreatePod      14m                pytorch-operator  Created pod: experiment-1658207605530-0003-worker-7
  Normal  SuccessfulCreatePod      14m                pytorch-operator  Created pod: experiment-1658207605530-0003-worker-8
  Normal  SuccessfulCreatePod      14m (x7 over 14m)  pytorch-operator  (combined from similar events): Created pod: experiment-1658207605530-0003-master-0
  Normal  SuccessfulCreateService  14m                pytorch-operator  Created service: experiment-1658207605530-0003-master-0
  Normal  PyTorchJobSucceeded      8m2s               pytorch-operator  PyTorchJob experiment-1658207605530-0003 is successfully completed.
