Name:         experiment-1657260199871-0015
Namespace:    default
Labels:       submarine-experiment-name=ddp-example
Annotations:  <none>
API Version:  kubeflow.org/v1
Kind:         PyTorchJob
Metadata:
  Creation Timestamp:  2022-07-08T08:13:37Z
  Generation:          1
  Owner References:
    API Version:           submarine.apache.org/v1alpha1
    Block Owner Deletion:  true
    Controller:            true
    Kind:                  Submarine
    Name:                  example-submarine
    UID:                   a8c3d432-2135-4493-99de-1d2bc54135d9
  Resource Version:        1918997
  Self Link:               /apis/kubeflow.org/v1/namespaces/default/pytorchjobs/experiment-1657260199871-0015
  UID:                     fb89a0b2-4273-43bd-8f71-7cf8aa833559
Spec:
  Backoff Limit:  3
  Pytorch Replica Specs:
    Master:
      Replicas:        1
      Restart Policy:  OnFailure
      Template:
        Metadata:
          Labels:
            Application Id:  pytorch_job_20200521_001
            Queue:           root.sandbox
        Spec:
          Containers:
            Command:
              python
              /opt/mnist_distributed.py
            Env:
              Name:   ENV_1
              Value:  ENV1
              Name:   JOB_ID
              Value:  experiment-1657260199871-0015
              Name:   SUBMARINE_TRACKING_URI
              Value:  mysql+pymysql://submarine:password@submarine-database:3306/submarine
              Name:   SUBMARINE_TENSORBOARD_LOG_DIR
              Value:  /logs/mylog
            Image:    0yukali0/ddp:0.7.0
            Name:     pytorch
            Resources:
              Limits:
                Cpu:     1
                Memory:  1024M
              Requests:
                Cpu:     1
                Memory:  512M
            Volume Mounts:
              Mount Path:  /logs
              Name:        volume
              Sub Path:    submarine-tensorboard/ddp-example
          Scheduler Name:  yunikorn
          Volumes:
            Name:  volume
            Persistent Volume Claim:
              Claim Name:  submarine-tensorboard-pvc
    Worker:
      Replicas:        15
      Restart Policy:  OnFailure
      Template:
        Metadata:
          Labels:
            Application Id:  pytorch_job_20200521_001
            Queue:           root.sandbox
        Spec:
          Containers:
            Command:
              python
              /opt/mnist_distributed.py
            Env:
              Name:   ENV_1
              Value:  ENV1
              Name:   JOB_ID
              Value:  experiment-1657260199871-0015
              Name:   SUBMARINE_TRACKING_URI
              Value:  mysql+pymysql://submarine:password@submarine-database:3306/submarine
              Name:   SUBMARINE_TENSORBOARD_LOG_DIR
              Value:  /logs/mylog
            Image:    0yukali0/ddp:0.7.0
            Name:     pytorch
            Resources:
              Limits:
                Cpu:     1
                Memory:  1024M
              Requests:
                Cpu:     1
                Memory:  512M
            Volume Mounts:
              Mount Path:  /logs
              Name:        volume
              Sub Path:    submarine-tensorboard/ddp-example
          Scheduler Name:  yunikorn
          Volumes:
            Name:  volume
            Persistent Volume Claim:
              Claim Name:  submarine-tensorboard-pvc
Status:
  Completion Time:  2022-07-08T08:22:05Z
  Conditions:
    Last Transition Time:  2022-07-08T08:13:37Z
    Last Update Time:      2022-07-08T08:13:37Z
    Message:               PyTorchJob experiment-1657260199871-0015 is created.
    Reason:                PyTorchJobCreated
    Status:                True
    Type:                  Created
    Last Transition Time:  2022-07-08T08:14:15Z
    Last Update Time:      2022-07-08T08:14:15Z
    Message:               PyTorchJob experiment-1657260199871-0015 is running.
    Reason:                PyTorchJobRunning
    Status:                False
    Type:                  Running
    Last Transition Time:  2022-07-08T08:22:05Z
    Last Update Time:      2022-07-08T08:22:05Z
    Message:               PyTorchJob experiment-1657260199871-0015 is successfully completed.
    Reason:                PyTorchJobSucceeded
    Status:                True
    Type:                  Succeeded
  Replica Statuses:
    Master:
      Succeeded:  1
    Worker:
      Succeeded:  15
  Start Time:     2022-07-08T08:13:37Z
Events:
  Type    Reason                   Age                    From              Message
  ----    ------                   ----                   ----              -------
  Normal  SuccessfulCreatePod      8m57s                  pytorch-operator  Created pod: experiment-1657260199871-0015-master-0
  Normal  SuccessfulCreateService  8m57s                  pytorch-operator  Created service: experiment-1657260199871-0015-master-0
  Normal  SuccessfulCreatePod      8m57s                  pytorch-operator  Created pod: experiment-1657260199871-0015-worker-0
  Normal  SuccessfulCreatePod      8m57s                  pytorch-operator  Created pod: experiment-1657260199871-0015-worker-1
  Normal  SuccessfulCreatePod      8m57s                  pytorch-operator  Created pod: experiment-1657260199871-0015-worker-2
  Normal  SuccessfulCreatePod      8m57s                  pytorch-operator  Created pod: experiment-1657260199871-0015-worker-3
  Normal  SuccessfulCreatePod      8m56s                  pytorch-operator  Created pod: experiment-1657260199871-0015-worker-4
  Normal  SuccessfulCreatePod      8m56s                  pytorch-operator  Created pod: experiment-1657260199871-0015-worker-5
  Normal  SuccessfulCreatePod      8m55s                  pytorch-operator  Created pod: experiment-1657260199871-0015-worker-6
  Normal  SuccessfulCreatePod      8m55s                  pytorch-operator  Created pod: experiment-1657260199871-0015-worker-7
  Normal  SuccessfulCreatePod      8m52s (x7 over 8m55s)  pytorch-operator  (combined from similar events): Created pod: experiment-1657260199871-0015-worker-14
  Normal  PyTorchJobSucceeded      29s                    pytorch-operator  PyTorchJob experiment-1657260199871-0015 is successfully completed.
