Name:         experiment-1658207605530-0024
Namespace:    default
Labels:       submarine-experiment-name=ddp-example
Annotations:  <none>
API Version:  kubeflow.org/v1
Kind:         PyTorchJob
Metadata:
  Creation Timestamp:  2022-07-19T10:19:16Z
  Generation:          1
  Owner References:
    API Version:           submarine.apache.org/v1alpha1
    Block Owner Deletion:  true
    Controller:            true
    Kind:                  Submarine
    Name:                  example-submarine
    UID:                   b9247a35-671d-48c9-a1fc-1799832c36ad
  Resource Version:        4202066
  Self Link:               /apis/kubeflow.org/v1/namespaces/default/pytorchjobs/experiment-1658207605530-0024
  UID:                     312e33f5-3d85-428d-b304-318447b933e3
Spec:
  Backoff Limit:  3
  Pytorch Replica Specs:
    Master:
      Replicas:        1
      Restart Policy:  OnFailure
      Template:
        Spec:
          Containers:
            Command:
              python
              /opt/mnist_distributed.py
            Env:
              Name:   ENV_1
              Value:  ENV1
              Name:   JOB_ID
              Value:  experiment-1658207605530-0024
              Name:   SUBMARINE_TRACKING_URI
              Value:  mysql+pymysql://submarine:password@submarine-database:3306/submarine
              Name:   SUBMARINE_TENSORBOARD_LOG_DIR
              Value:  /logs/mylog
            Image:    0yukali0/ddp:0.7.0_nn_data
            Name:     pytorch
            Resources:
              Limits:
                Cpu:     1
                Memory:  1024M
              Requests:
                Cpu:     1
                Memory:  512M
            Volume Mounts:
              Mount Path:  /logs
              Name:        volume
              Sub Path:    submarine-tensorboard/ddp-example
          Volumes:
            Name:  volume
            Persistent Volume Claim:
              Claim Name:  submarine-tensorboard-pvc
    Worker:
      Replicas:        3
      Restart Policy:  OnFailure
      Template:
        Spec:
          Containers:
            Command:
              python
              /opt/mnist_distributed.py
            Env:
              Name:   ENV_1
              Value:  ENV1
              Name:   JOB_ID
              Value:  experiment-1658207605530-0024
              Name:   SUBMARINE_TRACKING_URI
              Value:  mysql+pymysql://submarine:password@submarine-database:3306/submarine
              Name:   SUBMARINE_TENSORBOARD_LOG_DIR
              Value:  /logs/mylog
            Image:    0yukali0/ddp:0.7.0_nn_data
            Name:     pytorch
            Resources:
              Limits:
                Cpu:     1
                Memory:  1024M
              Requests:
                Cpu:     1
                Memory:  512M
            Volume Mounts:
              Mount Path:  /logs
              Name:        volume
              Sub Path:    submarine-tensorboard/ddp-example
          Volumes:
            Name:  volume
            Persistent Volume Claim:
              Claim Name:  submarine-tensorboard-pvc
Status:
  Completion Time:  2022-07-19T10:28:45Z
  Conditions:
    Last Transition Time:  2022-07-19T10:19:16Z
    Last Update Time:      2022-07-19T10:19:16Z
    Message:               PyTorchJob experiment-1658207605530-0024 is created.
    Reason:                PyTorchJobCreated
    Status:                True
    Type:                  Created
    Last Transition Time:  2022-07-19T10:19:20Z
    Last Update Time:      2022-07-19T10:19:20Z
    Message:               PyTorchJob experiment-1658207605530-0024 is running.
    Reason:                PyTorchJobRunning
    Status:                False
    Type:                  Running
    Last Transition Time:  2022-07-19T10:28:45Z
    Last Update Time:      2022-07-19T10:28:45Z
    Message:               PyTorchJob experiment-1658207605530-0024 is successfully completed.
    Reason:                PyTorchJobSucceeded
    Status:                True
    Type:                  Succeeded
  Replica Statuses:
    Master:
      Succeeded:  1
    Worker:
      Succeeded:  3
  Start Time:     2022-07-19T10:19:16Z
Events:
  Type    Reason                   Age   From              Message
  ----    ------                   ----  ----              -------
  Normal  SuccessfulCreatePod      14m   pytorch-operator  Created pod: experiment-1658207605530-0024-master-0
  Normal  SuccessfulCreateService  14m   pytorch-operator  Created service: experiment-1658207605530-0024-master-0
  Normal  SuccessfulCreatePod      14m   pytorch-operator  Created pod: experiment-1658207605530-0024-worker-0
  Normal  SuccessfulCreatePod      14m   pytorch-operator  Created pod: experiment-1658207605530-0024-worker-1
  Normal  SuccessfulCreatePod      14m   pytorch-operator  Created pod: experiment-1658207605530-0024-worker-2
  Normal  PyTorchJobSucceeded      5m9s  pytorch-operator  PyTorchJob experiment-1658207605530-0024 is successfully completed.
