Name:         experiment-1657272074137-0001
Namespace:    default
Labels:       submarine-experiment-name=ddp-example
Annotations:  <none>
API Version:  kubeflow.org/v1
Kind:         PyTorchJob
Metadata:
  Creation Timestamp:  2022-07-08T09:24:26Z
  Generation:          1
  Owner References:
    API Version:           submarine.apache.org/v1alpha1
    Block Owner Deletion:  true
    Controller:            true
    Kind:                  Submarine
    Name:                  example-submarine
    UID:                   d6ee9662-1d83-4302-a86d-119fe0d30945
  Resource Version:        1937643
  Self Link:               /apis/kubeflow.org/v1/namespaces/default/pytorchjobs/experiment-1657272074137-0001
  UID:                     15438868-452e-47f9-bfc7-5cb70ca4c1a7
Spec:
  Backoff Limit:  3
  Pytorch Replica Specs:
    Master:
      Replicas:        1
      Restart Policy:  OnFailure
      Template:
        Metadata:
          Labels:
            Queue:  root.sandbox
        Spec:
          Containers:
            Command:
              python
              /opt/mnist_distributed.py
            Env:
              Name:   ENV_1
              Value:  ENV1
              Name:   JOB_ID
              Value:  experiment-1657272074137-0001
              Name:   SUBMARINE_TRACKING_URI
              Value:  mysql+pymysql://submarine:password@submarine-database:3306/submarine
              Name:   SUBMARINE_TENSORBOARD_LOG_DIR
              Value:  /logs/mylog
            Image:    0yukali0/ddp:0.7.0
            Name:     pytorch
            Resources:
              Limits:
                Cpu:     1
                Memory:  1024M
              Requests:
                Cpu:     1
                Memory:  512M
            Volume Mounts:
              Mount Path:  /logs
              Name:        volume
              Sub Path:    submarine-tensorboard/ddp-example
          Scheduler Name:  yunikorn
          Volumes:
            Name:  volume
            Persistent Volume Claim:
              Claim Name:  submarine-tensorboard-pvc
    Worker:
      Replicas:        63
      Restart Policy:  OnFailure
      Template:
        Metadata:
          Labels:
            Queue:  root.sandbox
        Spec:
          Containers:
            Command:
              python
              /opt/mnist_distributed.py
            Env:
              Name:   ENV_1
              Value:  ENV1
              Name:   JOB_ID
              Value:  experiment-1657272074137-0001
              Name:   SUBMARINE_TRACKING_URI
              Value:  mysql+pymysql://submarine:password@submarine-database:3306/submarine
              Name:   SUBMARINE_TENSORBOARD_LOG_DIR
              Value:  /logs/mylog
            Image:    0yukali0/ddp:0.7.0
            Name:     pytorch
            Resources:
              Limits:
                Cpu:     1
                Memory:  1024M
              Requests:
                Cpu:     1
                Memory:  512M
            Volume Mounts:
              Mount Path:  /logs
              Name:        volume
              Sub Path:    submarine-tensorboard/ddp-example
          Scheduler Name:  yunikorn
          Volumes:
            Name:  volume
            Persistent Volume Claim:
              Claim Name:  submarine-tensorboard-pvc
Status:
  Completion Time:  2022-07-08T09:32:17Z
  Conditions:
    Last Transition Time:  2022-07-08T09:24:26Z
    Last Update Time:      2022-07-08T09:24:26Z
    Message:               PyTorchJob experiment-1657272074137-0001 is created.
    Reason:                PyTorchJobCreated
    Status:                True
    Type:                  Created
    Last Transition Time:  2022-07-08T09:24:49Z
    Last Update Time:      2022-07-08T09:24:49Z
    Message:               PyTorchJob experiment-1657272074137-0001 is running.
    Reason:                PyTorchJobRunning
    Status:                False
    Type:                  Running
    Last Transition Time:  2022-07-08T09:32:17Z
    Last Update Time:      2022-07-08T09:32:17Z
    Message:               PyTorchJob experiment-1657272074137-0001 is successfully completed.
    Reason:                PyTorchJobSucceeded
    Status:                True
    Type:                  Succeeded
  Replica Statuses:
    Master:
      Succeeded:  1
    Worker:
      Succeeded:  63
  Start Time:     2022-07-08T09:24:42Z
Events:
  Type    Reason               Age                 From              Message
  ----    ------               ----                ----              -------
  Normal  SuccessfulCreatePod  11m                 pytorch-operator  Created pod: experiment-1657272074137-0001-worker-0
  Normal  SuccessfulCreatePod  11m                 pytorch-operator  Created pod: experiment-1657272074137-0001-worker-1
  Normal  SuccessfulCreatePod  11m                 pytorch-operator  Created pod: experiment-1657272074137-0001-worker-2
  Normal  SuccessfulCreatePod  11m                 pytorch-operator  Created pod: experiment-1657272074137-0001-worker-3
  Normal  SuccessfulCreatePod  11m                 pytorch-operator  Created pod: experiment-1657272074137-0001-worker-4
  Normal  SuccessfulCreatePod  11m                 pytorch-operator  Created pod: experiment-1657272074137-0001-worker-5
  Normal  SuccessfulCreatePod  11m                 pytorch-operator  Created pod: experiment-1657272074137-0001-worker-6
  Normal  SuccessfulCreatePod  11m                 pytorch-operator  Created pod: experiment-1657272074137-0001-worker-7
  Normal  SuccessfulCreatePod  11m                 pytorch-operator  Created pod: experiment-1657272074137-0001-worker-8
  Normal  SuccessfulCreatePod  11m (x16 over 11m)  pytorch-operator  (combined from similar events): Created pod: experiment-1657272074137-0001-worker-24
  Normal  PyTorchJobSucceeded  3m21s               pytorch-operator  PyTorchJob experiment-1657272074137-0001 is successfully completed.
