Name:         experiment-1657850955816-0042
Namespace:    default
Labels:       submarine-experiment-name=ddp-example
Annotations:  <none>
API Version:  kubeflow.org/v1
Kind:         PyTorchJob
Metadata:
  Creation Timestamp:  2022-07-16T07:06:43Z
  Generation:          1
  Owner References:
    API Version:           submarine.apache.org/v1alpha1
    Block Owner Deletion:  true
    Controller:            true
    Kind:                  Submarine
    Name:                  example-submarine
    UID:                   ef388bec-85d8-4778-aa93-3b8834bf30a1
  Resource Version:        3262715
  Self Link:               /apis/kubeflow.org/v1/namespaces/default/pytorchjobs/experiment-1657850955816-0042
  UID:                     0466b290-9b5d-4e5d-bdee-b2e16159c027
Spec:
  Backoff Limit:  3
  Pytorch Replica Specs:
    Master:
      Replicas:        1
      Restart Policy:  OnFailure
      Template:
        Metadata:
          Labels:
            Application Id:  pytorch_job_20200521_001
            Queue:           root.sandbox
        Spec:
          Containers:
            Command:
              python
              /opt/mnist_distributed.py
            Env:
              Name:   ENV_1
              Value:  ENV1
              Name:   JOB_ID
              Value:  experiment-1657850955816-0042
              Name:   SUBMARINE_TRACKING_URI
              Value:  mysql+pymysql://submarine:password@submarine-database:3306/submarine
              Name:   SUBMARINE_TENSORBOARD_LOG_DIR
              Value:  /logs/mylog
            Image:    0yukali0/ddp:0.7.0
            Name:     pytorch
            Resources:
              Limits:
                Cpu:     1
                Memory:  1024M
              Requests:
                Cpu:     1
                Memory:  512M
            Volume Mounts:
              Mount Path:  /logs
              Name:        volume
              Sub Path:    submarine-tensorboard/ddp-example
          Scheduler Name:  yunikorn
          Volumes:
            Name:  volume
            Persistent Volume Claim:
              Claim Name:  submarine-tensorboard-pvc
    Worker:
      Replicas:        7
      Restart Policy:  OnFailure
      Template:
        Metadata:
          Labels:
            Application Id:  pytorch_job_20200521_001
            Queue:           root.sandbox
        Spec:
          Containers:
            Command:
              python
              /opt/mnist_distributed.py
            Env:
              Name:   ENV_1
              Value:  ENV1
              Name:   JOB_ID
              Value:  experiment-1657850955816-0042
              Name:   SUBMARINE_TRACKING_URI
              Value:  mysql+pymysql://submarine:password@submarine-database:3306/submarine
              Name:   SUBMARINE_TENSORBOARD_LOG_DIR
              Value:  /logs/mylog
            Image:    0yukali0/ddp:0.7.0
            Name:     pytorch
            Resources:
              Limits:
                Cpu:     1
                Memory:  1024M
              Requests:
                Cpu:     1
                Memory:  512M
            Volume Mounts:
              Mount Path:  /logs
              Name:        volume
              Sub Path:    submarine-tensorboard/ddp-example
          Scheduler Name:  yunikorn
          Volumes:
            Name:  volume
            Persistent Volume Claim:
              Claim Name:  submarine-tensorboard-pvc
Status:
  Completion Time:  2022-07-16T07:14:04Z
  Conditions:
    Last Transition Time:  2022-07-16T07:06:44Z
    Last Update Time:      2022-07-16T07:06:44Z
    Message:               PyTorchJob experiment-1657850955816-0042 is created.
    Reason:                PyTorchJobCreated
    Status:                True
    Type:                  Created
    Last Transition Time:  2022-07-16T07:07:16Z
    Last Update Time:      2022-07-16T07:07:16Z
    Message:               PyTorchJob experiment-1657850955816-0042 is running.
    Reason:                PyTorchJobRunning
    Status:                False
    Type:                  Running
    Last Transition Time:  2022-07-16T07:14:04Z
    Last Update Time:      2022-07-16T07:14:04Z
    Message:               PyTorchJob experiment-1657850955816-0042 is successfully completed.
    Reason:                PyTorchJobSucceeded
    Status:                True
    Type:                  Succeeded
  Replica Statuses:
    Master:
      Succeeded:  1
    Worker:
      Succeeded:  7
  Start Time:     2022-07-16T07:06:44Z
Events:
  Type    Reason                   Age    From              Message
  ----    ------                   ----   ----              -------
  Normal  SuccessfulCreatePod      15m    pytorch-operator  Created pod: experiment-1657850955816-0042-master-0
  Normal  SuccessfulCreateService  15m    pytorch-operator  Created service: experiment-1657850955816-0042-master-0
  Normal  SuccessfulCreatePod      15m    pytorch-operator  Created pod: experiment-1657850955816-0042-worker-0
  Normal  SuccessfulCreatePod      15m    pytorch-operator  Created pod: experiment-1657850955816-0042-worker-1
  Normal  SuccessfulCreatePod      15m    pytorch-operator  Created pod: experiment-1657850955816-0042-worker-2
  Normal  SuccessfulCreatePod      15m    pytorch-operator  Created pod: experiment-1657850955816-0042-worker-3
  Normal  SuccessfulCreatePod      15m    pytorch-operator  Created pod: experiment-1657850955816-0042-worker-4
  Normal  SuccessfulCreatePod      15m    pytorch-operator  Created pod: experiment-1657850955816-0042-worker-5
  Normal  SuccessfulCreatePod      15m    pytorch-operator  Created pod: experiment-1657850955816-0042-worker-6
  Normal  PyTorchJobSucceeded      7m46s  pytorch-operator  PyTorchJob experiment-1657850955816-0042 is successfully completed.
