Name:         experiment-1658207605530-0008
Namespace:    default
Labels:       submarine-experiment-name=ddp-example
Annotations:  <none>
API Version:  kubeflow.org/v1
Kind:         PyTorchJob
Metadata:
  Creation Timestamp:  2022-07-19T06:46:51Z
  Generation:          1
  Owner References:
    API Version:           submarine.apache.org/v1alpha1
    Block Owner Deletion:  true
    Controller:            true
    Kind:                  Submarine
    Name:                  example-submarine
    UID:                   b9247a35-671d-48c9-a1fc-1799832c36ad
  Resource Version:        4152122
  Self Link:               /apis/kubeflow.org/v1/namespaces/default/pytorchjobs/experiment-1658207605530-0008
  UID:                     35b34cdb-7f43-4d29-b8e6-c91ba2bbc398
Spec:
  Backoff Limit:  3
  Pytorch Replica Specs:
    Master:
      Replicas:        1
      Restart Policy:  OnFailure
      Template:
        Spec:
          Containers:
            Command:
              python
              /opt/mnist_distributed.py
            Env:
              Name:   ENV_1
              Value:  ENV1
              Name:   JOB_ID
              Value:  experiment-1658207605530-0008
              Name:   SUBMARINE_TRACKING_URI
              Value:  mysql+pymysql://submarine:password@submarine-database:3306/submarine
              Name:   SUBMARINE_TENSORBOARD_LOG_DIR
              Value:  /logs/mylog
            Image:    0yukali0/ddp:0.7.0_nn_data
            Name:     pytorch
            Resources:
              Limits:
                Cpu:     1
                Memory:  1024M
              Requests:
                Cpu:     1
                Memory:  512M
            Volume Mounts:
              Mount Path:  /logs
              Name:        volume
              Sub Path:    submarine-tensorboard/ddp-example
          Volumes:
            Name:  volume
            Persistent Volume Claim:
              Claim Name:  submarine-tensorboard-pvc
    Worker:
      Replicas:        63
      Restart Policy:  OnFailure
      Template:
        Spec:
          Containers:
            Command:
              python
              /opt/mnist_distributed.py
            Env:
              Name:   ENV_1
              Value:  ENV1
              Name:   JOB_ID
              Value:  experiment-1658207605530-0008
              Name:   SUBMARINE_TRACKING_URI
              Value:  mysql+pymysql://submarine:password@submarine-database:3306/submarine
              Name:   SUBMARINE_TENSORBOARD_LOG_DIR
              Value:  /logs/mylog
            Image:    0yukali0/ddp:0.7.0_nn_data
            Name:     pytorch
            Resources:
              Limits:
                Cpu:     1
                Memory:  1024M
              Requests:
                Cpu:     1
                Memory:  512M
            Volume Mounts:
              Mount Path:  /logs
              Name:        volume
              Sub Path:    submarine-tensorboard/ddp-example
          Volumes:
            Name:  volume
            Persistent Volume Claim:
              Claim Name:  submarine-tensorboard-pvc
Status:
  Completion Time:  2022-07-19T06:52:23Z
  Conditions:
    Last Transition Time:  2022-07-19T06:46:51Z
    Last Update Time:      2022-07-19T06:46:51Z
    Message:               PyTorchJob experiment-1658207605530-0008 is created.
    Reason:                PyTorchJobCreated
    Status:                True
    Type:                  Created
    Last Transition Time:  2022-07-19T06:47:19Z
    Last Update Time:      2022-07-19T06:47:19Z
    Message:               PyTorchJob experiment-1658207605530-0008 is running.
    Reason:                PyTorchJobRunning
    Status:                False
    Type:                  Running
    Last Transition Time:  2022-07-19T06:52:23Z
    Last Update Time:      2022-07-19T06:52:23Z
    Message:               PyTorchJob experiment-1658207605530-0008 is successfully completed.
    Reason:                PyTorchJobSucceeded
    Status:                True
    Type:                  Succeeded
  Replica Statuses:
    Master:
      Succeeded:  1
    Worker:
      Succeeded:  63
  Start Time:     2022-07-19T06:47:09Z
Events:
  Type    Reason               Age                    From              Message
  ----    ------               ----                   ----              -------
  Normal  SuccessfulCreatePod  6m9s                   pytorch-operator  Created pod: experiment-1658207605530-0008-worker-0
  Normal  SuccessfulCreatePod  6m9s                   pytorch-operator  Created pod: experiment-1658207605530-0008-worker-1
  Normal  SuccessfulCreatePod  6m9s                   pytorch-operator  Created pod: experiment-1658207605530-0008-worker-2
  Normal  SuccessfulCreatePod  6m9s                   pytorch-operator  Created pod: experiment-1658207605530-0008-worker-3
  Normal  SuccessfulCreatePod  6m9s                   pytorch-operator  Created pod: experiment-1658207605530-0008-worker-4
  Normal  SuccessfulCreatePod  6m8s                   pytorch-operator  Created pod: experiment-1658207605530-0008-worker-5
  Normal  SuccessfulCreatePod  6m8s                   pytorch-operator  Created pod: experiment-1658207605530-0008-worker-6
  Normal  SuccessfulCreatePod  6m8s                   pytorch-operator  Created pod: experiment-1658207605530-0008-worker-7
  Normal  SuccessfulCreatePod  6m7s                   pytorch-operator  Created pod: experiment-1658207605530-0008-worker-8
  Normal  SuccessfulCreatePod  5m59s (x16 over 6m7s)  pytorch-operator  (combined from similar events): Created pod: experiment-1658207605530-0008-worker-24
  Normal  PyTorchJobSucceeded  37s                    pytorch-operator  PyTorchJob experiment-1658207605530-0008 is successfully completed.
