Name:         experiment-1658231208880-0003
Namespace:    default
Labels:       submarine-experiment-name=ddp-example
Annotations:  <none>
API Version:  kubeflow.org/v1
Kind:         PyTorchJob
Metadata:
  Creation Timestamp:  2022-07-19T12:24:30Z
  Generation:          1
  Owner References:
    API Version:           submarine.apache.org/v1alpha1
    Block Owner Deletion:  true
    Controller:            true
    Kind:                  Submarine
    Name:                  example-submarine
    UID:                   b20d3b9a-11e8-4aa2-a489-b062f6c12187
  Resource Version:        4231544
  Self Link:               /apis/kubeflow.org/v1/namespaces/default/pytorchjobs/experiment-1658231208880-0003
  UID:                     093bf8a2-bea9-4015-9bca-614a631c7fcf
Spec:
  Backoff Limit:  3
  Pytorch Replica Specs:
    Master:
      Replicas:        1
      Restart Policy:  OnFailure
      Template:
        Metadata:
          Labels:
            Queue:  root.sandbox
        Spec:
          Containers:
            Command:
              python
              /opt/mnist_distributed.py
            Env:
              Name:   ENV_1
              Value:  ENV1
              Name:   JOB_ID
              Value:  experiment-1658231208880-0003
              Name:   SUBMARINE_TRACKING_URI
              Value:  mysql+pymysql://submarine:password@submarine-database:3306/submarine
              Name:   SUBMARINE_TENSORBOARD_LOG_DIR
              Value:  /logs/mylog
            Image:    0yukali0/ddp:0.7.0_nn_data
            Name:     pytorch
            Resources:
              Limits:
                Cpu:     1
                Memory:  1024M
              Requests:
                Cpu:     1
                Memory:  512M
            Volume Mounts:
              Mount Path:  /logs
              Name:        volume
              Sub Path:    submarine-tensorboard/ddp-example
          Scheduler Name:  yunikorn
          Volumes:
            Name:  volume
            Persistent Volume Claim:
              Claim Name:  submarine-tensorboard-pvc
    Worker:
      Replicas:        63
      Restart Policy:  OnFailure
      Template:
        Metadata:
          Labels:
            Queue:  root.sandbox
        Spec:
          Containers:
            Command:
              python
              /opt/mnist_distributed.py
            Env:
              Name:   ENV_1
              Value:  ENV1
              Name:   JOB_ID
              Value:  experiment-1658231208880-0003
              Name:   SUBMARINE_TRACKING_URI
              Value:  mysql+pymysql://submarine:password@submarine-database:3306/submarine
              Name:   SUBMARINE_TENSORBOARD_LOG_DIR
              Value:  /logs/mylog
            Image:    0yukali0/ddp:0.7.0_nn_data
            Name:     pytorch
            Resources:
              Limits:
                Cpu:     1
                Memory:  1024M
              Requests:
                Cpu:     1
                Memory:  512M
            Volume Mounts:
              Mount Path:  /logs
              Name:        volume
              Sub Path:    submarine-tensorboard/ddp-example
          Scheduler Name:  yunikorn
          Volumes:
            Name:  volume
            Persistent Volume Claim:
              Claim Name:  submarine-tensorboard-pvc
Status:
  Completion Time:  2022-07-19T12:30:01Z
  Conditions:
    Last Transition Time:  2022-07-19T12:24:30Z
    Last Update Time:      2022-07-19T12:24:30Z
    Message:               PyTorchJob experiment-1658231208880-0003 is created.
    Reason:                PyTorchJobCreated
    Status:                True
    Type:                  Created
    Last Transition Time:  2022-07-19T12:24:46Z
    Last Update Time:      2022-07-19T12:24:46Z
    Message:               PyTorchJob experiment-1658231208880-0003 is running.
    Reason:                PyTorchJobRunning
    Status:                False
    Type:                  Running
    Last Transition Time:  2022-07-19T12:30:01Z
    Last Update Time:      2022-07-19T12:30:01Z
    Message:               PyTorchJob experiment-1658231208880-0003 is successfully completed.
    Reason:                PyTorchJobSucceeded
    Status:                True
    Type:                  Succeeded
  Replica Statuses:
    Master:
      Succeeded:  1
    Worker:
      Succeeded:  63
  Start Time:     2022-07-19T12:24:30Z
Events:
  Type    Reason                   Age                     From              Message
  ----    ------                   ----                    ----              -------
  Normal  SuccessfulCreatePod      6m31s                   pytorch-operator  Created pod: experiment-1658231208880-0003-master-0
  Normal  SuccessfulCreateService  6m31s                   pytorch-operator  Created service: experiment-1658231208880-0003-master-0
  Normal  SuccessfulCreatePod      6m31s                   pytorch-operator  Created pod: experiment-1658231208880-0003-worker-0
  Normal  SuccessfulCreatePod      6m31s                   pytorch-operator  Created pod: experiment-1658231208880-0003-worker-1
  Normal  SuccessfulCreatePod      6m31s                   pytorch-operator  Created pod: experiment-1658231208880-0003-worker-2
  Normal  SuccessfulCreatePod      6m31s                   pytorch-operator  Created pod: experiment-1658231208880-0003-worker-3
  Normal  SuccessfulCreatePod      6m31s                   pytorch-operator  Created pod: experiment-1658231208880-0003-worker-4
  Normal  SuccessfulCreatePod      6m30s                   pytorch-operator  Created pod: experiment-1658231208880-0003-worker-5
  Normal  SuccessfulCreatePod      6m30s                   pytorch-operator  Created pod: experiment-1658231208880-0003-worker-6
  Normal  SuccessfulCreatePod      6m30s                   pytorch-operator  Created pod: experiment-1658231208880-0003-worker-7
  Normal  SuccessfulCreatePod      6m24s (x15 over 6m29s)  pytorch-operator  (combined from similar events): Created pod: experiment-1658231208880-0003-worker-22
  Normal  PyTorchJobSucceeded      60s                     pytorch-operator  PyTorchJob experiment-1658231208880-0003 is successfully completed.
