Name:         experiment-1657850955816-0086
Namespace:    default
Labels:       submarine-experiment-name=ddp-example
Annotations:  <none>
API Version:  kubeflow.org/v1
Kind:         PyTorchJob
Metadata:
  Creation Timestamp:  2022-07-19T02:17:48Z
  Generation:          1
  Owner References:
    API Version:           submarine.apache.org/v1alpha1
    Block Owner Deletion:  true
    Controller:            true
    Kind:                  Submarine
    Name:                  example-submarine
    UID:                   ef388bec-85d8-4778-aa93-3b8834bf30a1
  Resource Version:        4087548
  Self Link:               /apis/kubeflow.org/v1/namespaces/default/pytorchjobs/experiment-1657850955816-0086
  UID:                     af62e8e7-ae65-4742-b266-5190c2d2655b
Spec:
  Backoff Limit:  3
  Pytorch Replica Specs:
    Master:
      Replicas:        1
      Restart Policy:  OnFailure
      Template:
        Metadata:
          Labels:
            Application Id:  pytorch_job_20200521_001
            Queue:           root.sandbox
        Spec:
          Containers:
            Command:
              python
              /opt/mnist_distributed.py
            Env:
              Name:   ENV_1
              Value:  ENV1
              Name:   JOB_ID
              Value:  experiment-1657850955816-0086
              Name:   SUBMARINE_TRACKING_URI
              Value:  mysql+pymysql://submarine:password@submarine-database:3306/submarine
              Name:   SUBMARINE_TENSORBOARD_LOG_DIR
              Value:  /logs/mylog
            Image:    0yukali0/ddp:0.7.0_nn_data
            Name:     pytorch
            Resources:
              Limits:
                Cpu:     1
                Memory:  1024M
              Requests:
                Cpu:     1
                Memory:  512M
            Volume Mounts:
              Mount Path:  /logs
              Name:        volume
              Sub Path:    submarine-tensorboard/ddp-example
          Scheduler Name:  yunikorn
          Volumes:
            Name:  volume
            Persistent Volume Claim:
              Claim Name:  submarine-tensorboard-pvc
    Worker:
      Replicas:        63
      Restart Policy:  OnFailure
      Template:
        Metadata:
          Labels:
            Application Id:  pytorch_job_20200521_001
            Queue:           root.sandbox
        Spec:
          Containers:
            Command:
              python
              /opt/mnist_distributed.py
            Env:
              Name:   ENV_1
              Value:  ENV1
              Name:   JOB_ID
              Value:  experiment-1657850955816-0086
              Name:   SUBMARINE_TRACKING_URI
              Value:  mysql+pymysql://submarine:password@submarine-database:3306/submarine
              Name:   SUBMARINE_TENSORBOARD_LOG_DIR
              Value:  /logs/mylog
            Image:    0yukali0/ddp:0.7.0_nn_data
            Name:     pytorch
            Resources:
              Limits:
                Cpu:     1
                Memory:  1024M
              Requests:
                Cpu:     1
                Memory:  512M
            Volume Mounts:
              Mount Path:  /logs
              Name:        volume
              Sub Path:    submarine-tensorboard/ddp-example
          Scheduler Name:  yunikorn
          Volumes:
            Name:  volume
            Persistent Volume Claim:
              Claim Name:  submarine-tensorboard-pvc
Status:
  Completion Time:  2022-07-19T02:24:22Z
  Conditions:
    Last Transition Time:  2022-07-19T02:17:48Z
    Last Update Time:      2022-07-19T02:17:48Z
    Message:               PyTorchJob experiment-1657850955816-0086 is created.
    Reason:                PyTorchJobCreated
    Status:                True
    Type:                  Created
    Last Transition Time:  2022-07-19T02:19:18Z
    Last Update Time:      2022-07-19T02:19:18Z
    Message:               PyTorchJob experiment-1657850955816-0086 is running.
    Reason:                PyTorchJobRunning
    Status:                False
    Type:                  Running
    Last Transition Time:  2022-07-19T02:24:22Z
    Last Update Time:      2022-07-19T02:24:22Z
    Message:               PyTorchJob experiment-1657850955816-0086 is successfully completed.
    Reason:                PyTorchJobSucceeded
    Status:                True
    Type:                  Succeeded
  Replica Statuses:
    Master:
      Succeeded:  1
    Worker:
      Succeeded:  63
  Start Time:     2022-07-19T02:18:04Z
Events:
  Type    Reason               Age                 From              Message
  ----    ------               ----                ----              -------
  Normal  SuccessfulCreatePod  11m                 pytorch-operator  Created pod: experiment-1657850955816-0086-worker-0
  Normal  SuccessfulCreatePod  11m                 pytorch-operator  Created pod: experiment-1657850955816-0086-worker-1
  Normal  SuccessfulCreatePod  11m                 pytorch-operator  Created pod: experiment-1657850955816-0086-worker-2
  Normal  SuccessfulCreatePod  11m                 pytorch-operator  Created pod: experiment-1657850955816-0086-worker-3
  Normal  SuccessfulCreatePod  11m                 pytorch-operator  Created pod: experiment-1657850955816-0086-worker-4
  Normal  SuccessfulCreatePod  11m                 pytorch-operator  Created pod: experiment-1657850955816-0086-worker-5
  Normal  SuccessfulCreatePod  11m                 pytorch-operator  Created pod: experiment-1657850955816-0086-worker-6
  Normal  SuccessfulCreatePod  11m                 pytorch-operator  Created pod: experiment-1657850955816-0086-worker-7
  Normal  SuccessfulCreatePod  11m                 pytorch-operator  Created pod: experiment-1657850955816-0086-worker-8
  Normal  SuccessfulCreatePod  11m (x16 over 11m)  pytorch-operator  (combined from similar events): Created pod: experiment-1657850955816-0086-worker-24
  Normal  PyTorchJobSucceeded  4m55s               pytorch-operator  PyTorchJob experiment-1657850955816-0086 is successfully completed.
