Name:         experiment-1657850955816-0008
Namespace:    default
Labels:       submarine-experiment-name=ddp-example
Annotations:  <none>
API Version:  kubeflow.org/v1
Kind:         PyTorchJob
Metadata:
  Creation Timestamp:  2022-07-15T13:43:05Z
  Generation:          1
  Owner References:
    API Version:           submarine.apache.org/v1alpha1
    Block Owner Deletion:  true
    Controller:            true
    Kind:                  Submarine
    Name:                  example-submarine
    UID:                   ef388bec-85d8-4778-aa93-3b8834bf30a1
  Resource Version:        3031493
  Self Link:               /apis/kubeflow.org/v1/namespaces/default/pytorchjobs/experiment-1657850955816-0008
  UID:                     4cd8d7b2-07bd-439b-b12d-2aab5ca9da3d
Spec:
  Backoff Limit:  3
  Pytorch Replica Specs:
    Master:
      Replicas:        1
      Restart Policy:  OnFailure
      Template:
        Metadata:
          Labels:
            Application Id:  pytorch_job_20200521_001
            Queue:           root.sandbox
        Spec:
          Containers:
            Command:
              python
              /opt/mnist_distributed.py
            Env:
              Name:   ENV_1
              Value:  ENV1
              Name:   JOB_ID
              Value:  experiment-1657850955816-0008
              Name:   SUBMARINE_TRACKING_URI
              Value:  mysql+pymysql://submarine:password@submarine-database:3306/submarine
              Name:   SUBMARINE_TENSORBOARD_LOG_DIR
              Value:  /logs/mylog
            Image:    0yukali0/ddp:0.7.0
            Name:     pytorch
            Resources:
              Limits:
                Cpu:     1
                Memory:  1024M
              Requests:
                Cpu:     1
                Memory:  512M
            Volume Mounts:
              Mount Path:  /logs
              Name:        volume
              Sub Path:    submarine-tensorboard/ddp-example
          Scheduler Name:  yunikorn
          Volumes:
            Name:  volume
            Persistent Volume Claim:
              Claim Name:  submarine-tensorboard-pvc
    Worker:
      Replicas:        63
      Restart Policy:  OnFailure
      Template:
        Metadata:
          Labels:
            Application Id:  pytorch_job_20200521_001
            Queue:           root.sandbox
        Spec:
          Containers:
            Command:
              python
              /opt/mnist_distributed.py
            Env:
              Name:   ENV_1
              Value:  ENV1
              Name:   JOB_ID
              Value:  experiment-1657850955816-0008
              Name:   SUBMARINE_TRACKING_URI
              Value:  mysql+pymysql://submarine:password@submarine-database:3306/submarine
              Name:   SUBMARINE_TENSORBOARD_LOG_DIR
              Value:  /logs/mylog
            Image:    0yukali0/ddp:0.7.0
            Name:     pytorch
            Resources:
              Limits:
                Cpu:     1
                Memory:  1024M
              Requests:
                Cpu:     1
                Memory:  512M
            Volume Mounts:
              Mount Path:  /logs
              Name:        volume
              Sub Path:    submarine-tensorboard/ddp-example
          Scheduler Name:  yunikorn
          Volumes:
            Name:  volume
            Persistent Volume Claim:
              Claim Name:  submarine-tensorboard-pvc
Status:
  Completion Time:  2022-07-15T13:51:06Z
  Conditions:
    Last Transition Time:  2022-07-15T13:43:05Z
    Last Update Time:      2022-07-15T13:43:05Z
    Message:               PyTorchJob experiment-1657850955816-0008 is created.
    Reason:                PyTorchJobCreated
    Status:                True
    Type:                  Created
    Last Transition Time:  2022-07-15T13:44:05Z
    Last Update Time:      2022-07-15T13:44:05Z
    Message:               PyTorchJob experiment-1657850955816-0008 is running.
    Reason:                PyTorchJobRunning
    Status:                False
    Type:                  Running
    Last Transition Time:  2022-07-15T13:51:06Z
    Last Update Time:      2022-07-15T13:51:06Z
    Message:               PyTorchJob experiment-1657850955816-0008 is successfully completed.
    Reason:                PyTorchJobSucceeded
    Status:                True
    Type:                  Succeeded
  Replica Statuses:
    Master:
      Succeeded:  1
    Worker:
      Succeeded:  63
  Start Time:     2022-07-15T13:43:05Z
Events:
  Type    Reason                   Age                 From              Message
  ----    ------                   ----                ----              -------
  Normal  SuccessfulCreatePod      17m                 pytorch-operator  Created pod: experiment-1657850955816-0008-master-0
  Normal  SuccessfulCreateService  17m                 pytorch-operator  Created service: experiment-1657850955816-0008-master-0
  Normal  SuccessfulCreatePod      17m                 pytorch-operator  Created pod: experiment-1657850955816-0008-worker-0
  Normal  SuccessfulCreatePod      17m                 pytorch-operator  Created pod: experiment-1657850955816-0008-worker-1
  Normal  SuccessfulCreatePod      17m                 pytorch-operator  Created pod: experiment-1657850955816-0008-worker-2
  Normal  SuccessfulCreatePod      17m                 pytorch-operator  Created pod: experiment-1657850955816-0008-worker-3
  Normal  SuccessfulCreatePod      17m                 pytorch-operator  Created pod: experiment-1657850955816-0008-worker-4
  Normal  SuccessfulCreatePod      17m                 pytorch-operator  Created pod: experiment-1657850955816-0008-worker-5
  Normal  SuccessfulCreatePod      17m                 pytorch-operator  Created pod: experiment-1657850955816-0008-worker-6
  Normal  SuccessfulCreatePod      17m                 pytorch-operator  Created pod: experiment-1657850955816-0008-worker-7
  Normal  SuccessfulCreatePod      17m (x15 over 17m)  pytorch-operator  (combined from similar events): Created pod: experiment-1657850955816-0008-worker-22
  Normal  PyTorchJobSucceeded      9m23s               pytorch-operator  PyTorchJob experiment-1657850955816-0008 is successfully completed.
